17-Apr-2024 10:10:26.902 INFO [main] org.apache.catalina.startup.VersionLoggerListener.log Nombre de la versión del servidor: Apache Tomcat/9.0.69
17-Apr-2024 10:10:26.907 INFO [main] org.apache.catalina.startup.VersionLoggerListener.log Server built:                      Nov 9 2022 18:43:47 UTC
17-Apr-2024 10:10:26.907 INFO [main] org.apache.catalina.startup.VersionLoggerListener.log Número de versión de servidor:     9.0.69.0
17-Apr-2024 10:10:26.908 INFO [main] org.apache.catalina.startup.VersionLoggerListener.log OS Name:                           Windows 11
17-Apr-2024 10:10:26.908 INFO [main] org.apache.catalina.startup.VersionLoggerListener.log Versión de Systema Operativo:      10.0
17-Apr-2024 10:10:26.908 INFO [main] org.apache.catalina.startup.VersionLoggerListener.log Arquitectura:                      amd64
17-Apr-2024 10:10:26.908 INFO [main] org.apache.catalina.startup.VersionLoggerListener.log Java Home:                         C:\Program Files\Java\jdk-20
17-Apr-2024 10:10:26.908 INFO [main] org.apache.catalina.startup.VersionLoggerListener.log JVM Version:                       20.0.2+9-78
17-Apr-2024 10:10:26.908 INFO [main] org.apache.catalina.startup.VersionLoggerListener.log Vededor JVM:                       Oracle Corporation
17-Apr-2024 10:10:26.908 INFO [main] org.apache.catalina.startup.VersionLoggerListener.log CATALINA_BASE:                     C:\Users\andrew\Documents\UNIVERSIDAD\SEPTIMO_CICLO\DESARROLLO DE SOFTWARE\ACTIVIDADES DE CLASE\GRUPO-9\Servidor\apache-tomcat-9.0.69
17-Apr-2024 10:10:26.909 INFO [main] org.apache.catalina.startup.VersionLoggerListener.log CATALINA_HOME:                     C:\Users\andrew\Documents\UNIVERSIDAD\SEPTIMO_CICLO\DESARROLLO DE SOFTWARE\ACTIVIDADES DE CLASE\GRUPO-9\Servidor\apache-tomcat-9.0.69
17-Apr-2024 10:10:26.939 INFO [main] org.apache.catalina.startup.VersionLoggerListener.log Command line argument:             --add-opens=java.base/java.lang=ALL-UNNAMED
17-Apr-2024 10:10:26.939 INFO [main] org.apache.catalina.startup.VersionLoggerListener.log Command line argument:             --add-opens=java.base/java.io=ALL-UNNAMED
17-Apr-2024 10:10:26.940 INFO [main] org.apache.catalina.startup.VersionLoggerListener.log Command line argument:             --add-opens=java.base/java.util=ALL-UNNAMED
17-Apr-2024 10:10:26.940 INFO [main] org.apache.catalina.startup.VersionLoggerListener.log Command line argument:             --add-opens=java.base/java.util.concurrent=ALL-UNNAMED
17-Apr-2024 10:10:26.940 INFO [main] org.apache.catalina.startup.VersionLoggerListener.log Command line argument:             --add-opens=java.rmi/sun.rmi.transport=ALL-UNNAMED
17-Apr-2024 10:10:26.940 INFO [main] org.apache.catalina.startup.VersionLoggerListener.log Command line argument:             -Djava.util.logging.config.file=C:\Users\andrew\Documents\UNIVERSIDAD\SEPTIMO_CICLO\DESARROLLO DE SOFTWARE\ACTIVIDADES DE CLASE\GRUPO-9\Servidor\apache-tomcat-9.0.69\conf\logging.properties
17-Apr-2024 10:10:26.940 INFO [main] org.apache.catalina.startup.VersionLoggerListener.log Command line argument:             -Djava.util.logging.manager=org.apache.juli.ClassLoaderLogManager
17-Apr-2024 10:10:26.940 INFO [main] org.apache.catalina.startup.VersionLoggerListener.log Command line argument:             -Djdk.tls.ephemeralDHKeySize=2048
17-Apr-2024 10:10:26.940 INFO [main] org.apache.catalina.startup.VersionLoggerListener.log Command line argument:             -Djava.protocol.handler.pkgs=org.apache.catalina.webresources
17-Apr-2024 10:10:26.940 INFO [main] org.apache.catalina.startup.VersionLoggerListener.log Command line argument:             -Dignore.endorsed.dirs=
17-Apr-2024 10:10:26.940 INFO [main] org.apache.catalina.startup.VersionLoggerListener.log Command line argument:             -Dcatalina.base=C:\Users\andrew\Documents\UNIVERSIDAD\SEPTIMO_CICLO\DESARROLLO DE SOFTWARE\ACTIVIDADES DE CLASE\GRUPO-9\Servidor\apache-tomcat-9.0.69
17-Apr-2024 10:10:26.940 INFO [main] org.apache.catalina.startup.VersionLoggerListener.log Command line argument:             -Dcatalina.home=C:\Users\andrew\Documents\UNIVERSIDAD\SEPTIMO_CICLO\DESARROLLO DE SOFTWARE\ACTIVIDADES DE CLASE\GRUPO-9\Servidor\apache-tomcat-9.0.69
17-Apr-2024 10:10:26.987 INFO [main] org.apache.catalina.startup.VersionLoggerListener.log Command line argument:             -Djava.io.tmpdir=C:\Users\andrew\Documents\UNIVERSIDAD\SEPTIMO_CICLO\DESARROLLO DE SOFTWARE\ACTIVIDADES DE CLASE\GRUPO-9\Servidor\apache-tomcat-9.0.69\temp
17-Apr-2024 10:10:26.994 INFO [main] org.apache.catalina.core.AprLifecycleListener.lifecycleEvent La biblioteca nativa de Apache Tomcat basada en ARP que permite un rendimiento óptimo en entornos de desarrollo no ha sido hallada en java.library.path: [C:\Program Files\Java\jdk-20\bin;C:\Windows\Sun\Java\bin;C:\Windows\system32;C:\Windows;C:\Program Files\Common Files\Oracle\Java\javapath;C:\Windows\system32;C:\Windows;C:\Windows\System32\Wbem;C:\Windows\System32\WindowsPowerShell\v1.0\;C:\Windows\System32\OpenSSH\;C:\msys64\mingw64\bin;C:\Program Files (x86)\NoteBook FanControl\;C:\Program Files (x86)\Rational\common;C:\Program Files\Git\cmd;C:\Users\andrew\AppData\Local\Programs\Python\Python311\Scripts\;C:\Users\andrew\AppData\Local\Programs\Python\Python311\;C:\Users\andrew\AppData\Local\Microsoft\WindowsApps;C:\msys64\mingw64\bin;C:\Users\andrew\AppData\Local\Programs\Microsoft VS Code\bin;C:\Users\andrew\AppData\Local\Programs\Julia-1.9.3\bin;;C:\Program Files\JetBrains\IntelliJ IDEA 2023.2.5\bin;;.]
17-Apr-2024 10:10:27.563 INFO [main] org.apache.coyote.AbstractProtocol.init Inicializando el manejador de protocolo ["http-nio-8080"]

17-Apr-2024 10:10:27.606 INFO [main] org.apache.catalina.startup.Catalina.load Server initialization in [1040] milliseconds
17-Apr-2024 10:10:27.708 INFO [main] org.apache.catalina.core.StandardService.startInternal Arrancando servicio [Catalina]
17-Apr-2024 10:10:27.709 INFO [main] org.apache.catalina.core.StandardEngine.startInternal Starting Servlet engine: [Apache Tomcat/9.0.69]
17-Apr-2024 10:10:27.724 INFO [main] org.apache.catalina.startup.HostConfig.deployDescriptor Desplieque del descriptor de configuración [C:\Users\andrew\Documents\UNIVERSIDAD\SEPTIMO_CICLO\DESARROLLO DE SOFTWARE\ACTIVIDADES DE CLASE\GRUPO-9\Servidor\apache-tomcat-9.0.69\conf\Catalina\localhost\block.xml]
17-Apr-2024 10:10:27.746 WARNING [main] org.apache.catalina.startup.HostConfig.deployDescriptor The path attribute with value [/block] in deployment descriptor [C:\Users\andrew\Documents\UNIVERSIDAD\SEPTIMO_CICLO\DESARROLLO DE SOFTWARE\ACTIVIDADES DE CLASE\GRUPO-9\Servidor\apache-tomcat-9.0.69\conf\Catalina\localhost\block.xml] has been ignored
17-Apr-2024 10:10:27.755 WARNING [main] org.apache.catalina.startup.HostConfig.deployDescriptor Se ha especificado un docBase [C:\Users\andrew\Documents\UNIVERSIDAD\SEPTIMO_CICLO\DESARROLLO DE SOFTWARE\ACTIVIDADES DE CLASE\GRUPO-9\Servidor\apache-tomcat-9.0.69\webapps\home\andrews\Documents\SEPTIMO_CICLO\DESARROLLO DE SOFTWARE\COPIA\block\target\block-1.0-SNAPSHOT] dentro del appBase de la máquina y será ignorado
17-Apr-2024 10:10:27.784 SEVERE [main] org.apache.catalina.startup.HostConfig.deployDescriptor Error durante el despliegue del descriptor de configuración [C:\Users\andrew\Documents\UNIVERSIDAD\SEPTIMO_CICLO\DESARROLLO DE SOFTWARE\ACTIVIDADES DE CLASE\GRUPO-9\Servidor\apache-tomcat-9.0.69\conf\Catalina\localhost\block.xml]
	java.lang.IllegalStateException: Error starting child
		at org.apache.catalina.core.ContainerBase.addChildInternal(ContainerBase.java:729)
		at org.apache.catalina.core.ContainerBase.addChild(ContainerBase.java:698)
		at org.apache.catalina.core.StandardHost.addChild(StandardHost.java:696)
		at org.apache.catalina.startup.HostConfig.deployDescriptor(HostConfig.java:689)
		at org.apache.catalina.startup.HostConfig$DeployDescriptor.run(HostConfig.java:1888)
		at java.base/java.util.concurrent.Executors$RunnableAdapter.call(Executors.java:577)
		at java.base/java.util.concurrent.FutureTask.run(FutureTask.java:317)
		at org.apache.tomcat.util.threads.InlineExecutorService.execute(InlineExecutorService.java:75)
		at java.base/java.util.concurrent.AbstractExecutorService.submit(AbstractExecutorService.java:123)
		at org.apache.catalina.startup.HostConfig.deployDescriptors(HostConfig.java:582)
		at org.apache.catalina.startup.HostConfig.deployApps(HostConfig.java:472)
		at org.apache.catalina.startup.HostConfig.start(HostConfig.java:1617)
		at org.apache.catalina.startup.HostConfig.lifecycleEvent(HostConfig.java:318)
		at org.apache.catalina.util.LifecycleBase.fireLifecycleEvent(LifecycleBase.java:123)
		at org.apache.catalina.util.LifecycleBase.setStateInternal(LifecycleBase.java:423)
		at org.apache.catalina.util.LifecycleBase.setState(LifecycleBase.java:366)
		at org.apache.catalina.core.ContainerBase.startInternal(ContainerBase.java:943)
		at org.apache.catalina.core.StandardHost.startInternal(StandardHost.java:835)
		at org.apache.catalina.util.LifecycleBase.start(LifecycleBase.java:183)
		at org.apache.catalina.core.ContainerBase$StartChild.call(ContainerBase.java:1393)
		at org.apache.catalina.core.ContainerBase$StartChild.call(ContainerBase.java:1383)
		at java.base/java.util.concurrent.FutureTask.run(FutureTask.java:317)
		at org.apache.tomcat.util.threads.InlineExecutorService.execute(InlineExecutorService.java:75)
		at java.base/java.util.concurrent.AbstractExecutorService.submit(AbstractExecutorService.java:145)
		at org.apache.catalina.core.ContainerBase.startInternal(ContainerBase.java:916)
		at org.apache.catalina.core.StandardEngine.startInternal(StandardEngine.java:265)
		at org.apache.catalina.util.LifecycleBase.start(LifecycleBase.java:183)
		at org.apache.catalina.core.StandardService.startInternal(StandardService.java:430)
		at org.apache.catalina.util.LifecycleBase.start(LifecycleBase.java:183)
		at org.apache.catalina.core.StandardServer.startInternal(StandardServer.java:930)
		at org.apache.catalina.util.LifecycleBase.start(LifecycleBase.java:183)
		at org.apache.catalina.startup.Catalina.start(Catalina.java:772)
		at java.base/jdk.internal.reflect.DirectMethodHandleAccessor.invoke(DirectMethodHandleAccessor.java:104)
		at java.base/java.lang.reflect.Method.invoke(Method.java:578)
		at org.apache.catalina.startup.Bootstrap.start(Bootstrap.java:345)
		at org.apache.catalina.startup.Bootstrap.main(Bootstrap.java:476)
	Caused by: org.apache.catalina.LifecycleException: Failed to start component [org.apache.catalina.webresources.StandardRoot@64e7619d]
		at org.apache.catalina.util.LifecycleBase.handleSubClassException(LifecycleBase.java:440)
		at org.apache.catalina.util.LifecycleBase.start(LifecycleBase.java:198)
		at org.apache.catalina.core.StandardContext.resourcesStart(StandardContext.java:4881)
		at org.apache.catalina.core.StandardContext.startInternal(StandardContext.java:5014)
		at org.apache.catalina.util.LifecycleBase.start(LifecycleBase.java:183)
		at org.apache.catalina.core.ContainerBase.addChildInternal(ContainerBase.java:726)
		... 35 more
	Caused by: java.lang.IllegalArgumentException: The main resource set specified [C:\Users\andrew\Documents\UNIVERSIDAD\SEPTIMO_CICLO\DESARROLLO DE SOFTWARE\ACTIVIDADES DE CLASE\GRUPO-9\Servidor\apache-tomcat-9.0.69\webapps\block] is not valid
		at org.apache.catalina.webresources.StandardRoot.createMainResourceSet(StandardRoot.java:777)
		at org.apache.catalina.webresources.StandardRoot.startInternal(StandardRoot.java:734)
		at org.apache.catalina.util.LifecycleBase.start(LifecycleBase.java:183)
		... 39 more
17-Apr-2024 10:10:27.839 INFO [main] org.apache.catalina.startup.HostConfig.deployDescriptor Deployment of deployment descriptor [C:\Users\andrew\Documents\UNIVERSIDAD\SEPTIMO_CICLO\DESARROLLO DE SOFTWARE\ACTIVIDADES DE CLASE\GRUPO-9\Servidor\apache-tomcat-9.0.69\conf\Catalina\localhost\block.xml] has finished in [111] ms
17-Apr-2024 10:10:27.840 INFO [main] org.apache.catalina.startup.HostConfig.deployDescriptor Desplieque del descriptor de configuración [C:\Users\andrew\Documents\UNIVERSIDAD\SEPTIMO_CICLO\DESARROLLO DE SOFTWARE\ACTIVIDADES DE CLASE\GRUPO-9\Servidor\apache-tomcat-9.0.69\conf\Catalina\localhost\DamasAmericanas.xml]
17-Apr-2024 10:10:27.841 WARNING [main] org.apache.catalina.startup.HostConfig.deployDescriptor The path attribute with value [/DamasAmericanas] in deployment descriptor [C:\Users\andrew\Documents\UNIVERSIDAD\SEPTIMO_CICLO\DESARROLLO DE SOFTWARE\ACTIVIDADES DE CLASE\GRUPO-9\Servidor\apache-tomcat-9.0.69\conf\Catalina\localhost\DamasAmericanas.xml] has been ignored
17-Apr-2024 10:10:29.767 INFO [main] org.apache.jasper.servlet.TldScanner.scanJars Al menos un JAR, que se ha explorado buscando TLDs, aún no contenía TLDs. Activar historial de depuración para este historiador para una completa lista de los JARs que fueron explorados y de los que nos se halló TLDs. Saltarse JARs no necesarios durante la exploración puede dar lugar a una mejora de tiempo significativa en el arranque y compilación de JSP .
17-Apr-2024 10:10:29.871 INFO [main] org.apache.catalina.startup.HostConfig.deployDescriptor Deployment of deployment descriptor [C:\Users\andrew\Documents\UNIVERSIDAD\SEPTIMO_CICLO\DESARROLLO DE SOFTWARE\ACTIVIDADES DE CLASE\GRUPO-9\Servidor\apache-tomcat-9.0.69\conf\Catalina\localhost\DamasAmericanas.xml] has finished in [2.031] ms
17-Apr-2024 10:10:29.871 INFO [main] org.apache.catalina.startup.HostConfig.deployDirectory Desplegando el directorio [C:\Users\andrew\Documents\UNIVERSIDAD\SEPTIMO_CICLO\DESARROLLO DE SOFTWARE\ACTIVIDADES DE CLASE\GRUPO-9\Servidor\apache-tomcat-9.0.69\webapps\docs] de la aplicación web
17-Apr-2024 10:10:29.914 INFO [main] org.apache.catalina.startup.HostConfig.deployDirectory Deployment of web application directory [C:\Users\andrew\Documents\UNIVERSIDAD\SEPTIMO_CICLO\DESARROLLO DE SOFTWARE\ACTIVIDADES DE CLASE\GRUPO-9\Servidor\apache-tomcat-9.0.69\webapps\docs] has finished in [42] ms
17-Apr-2024 10:10:29.914 INFO [main] org.apache.catalina.startup.HostConfig.deployDirectory Desplegando el directorio [C:\Users\andrew\Documents\UNIVERSIDAD\SEPTIMO_CICLO\DESARROLLO DE SOFTWARE\ACTIVIDADES DE CLASE\GRUPO-9\Servidor\apache-tomcat-9.0.69\webapps\examples] de la aplicación web
17-Apr-2024 10:10:30.499 INFO [main] org.apache.catalina.startup.HostConfig.deployDirectory Deployment of web application directory [C:\Users\andrew\Documents\UNIVERSIDAD\SEPTIMO_CICLO\DESARROLLO DE SOFTWARE\ACTIVIDADES DE CLASE\GRUPO-9\Servidor\apache-tomcat-9.0.69\webapps\examples] has finished in [584] ms
17-Apr-2024 10:10:30.499 INFO [main] org.apache.catalina.startup.HostConfig.deployDirectory Desplegando el directorio [C:\Users\andrew\Documents\UNIVERSIDAD\SEPTIMO_CICLO\DESARROLLO DE SOFTWARE\ACTIVIDADES DE CLASE\GRUPO-9\Servidor\apache-tomcat-9.0.69\webapps\host-manager] de la aplicación web
17-Apr-2024 10:10:30.549 INFO [main] org.apache.catalina.startup.HostConfig.deployDirectory Deployment of web application directory [C:\Users\andrew\Documents\UNIVERSIDAD\SEPTIMO_CICLO\DESARROLLO DE SOFTWARE\ACTIVIDADES DE CLASE\GRUPO-9\Servidor\apache-tomcat-9.0.69\webapps\host-manager] has finished in [49] ms
17-Apr-2024 10:10:30.549 INFO [main] org.apache.catalina.startup.HostConfig.deployDirectory Desplegando el directorio [C:\Users\andrew\Documents\UNIVERSIDAD\SEPTIMO_CICLO\DESARROLLO DE SOFTWARE\ACTIVIDADES DE CLASE\GRUPO-9\Servidor\apache-tomcat-9.0.69\webapps\manager] de la aplicación web
17-Apr-2024 10:10:30.609 INFO [main] org.apache.catalina.startup.HostConfig.deployDirectory Deployment of web application directory [C:\Users\andrew\Documents\UNIVERSIDAD\SEPTIMO_CICLO\DESARROLLO DE SOFTWARE\ACTIVIDADES DE CLASE\GRUPO-9\Servidor\apache-tomcat-9.0.69\webapps\manager] has finished in [60] ms
17-Apr-2024 10:10:30.609 INFO [main] org.apache.catalina.startup.HostConfig.deployDirectory Desplegando el directorio [C:\Users\andrew\Documents\UNIVERSIDAD\SEPTIMO_CICLO\DESARROLLO DE SOFTWARE\ACTIVIDADES DE CLASE\GRUPO-9\Servidor\apache-tomcat-9.0.69\webapps\ROOT] de la aplicación web
17-Apr-2024 10:10:30.637 INFO [main] org.apache.catalina.startup.HostConfig.deployDirectory Deployment of web application directory [C:\Users\andrew\Documents\UNIVERSIDAD\SEPTIMO_CICLO\DESARROLLO DE SOFTWARE\ACTIVIDADES DE CLASE\GRUPO-9\Servidor\apache-tomcat-9.0.69\webapps\ROOT] has finished in [28] ms
17-Apr-2024 10:10:30.642 INFO [main] org.apache.coyote.AbstractProtocol.start Starting ProtocolHandler ["http-nio-8080"]
17-Apr-2024 10:10:30.688 INFO [main] org.apache.catalina.startup.Catalina.start Server startup in [3078] milliseconds
17-Apr-2024 10:10:33.305 INFO [http-nio-8080-exec-9] org.apache.catalina.startup.HostConfig.undeploy Repliegue (undeploy) de la aplicación web que tiene como trayectoria de contexto [/DamasAmericanas]
17-Apr-2024 10:10:33.403 INFO [http-nio-8080-exec-8] org.apache.catalina.startup.HostConfig.deployDescriptor Desplieque del descriptor de configuración [C:\Users\andrew\Documents\UNIVERSIDAD\SEPTIMO_CICLO\DESARROLLO DE SOFTWARE\ACTIVIDADES DE CLASE\GRUPO-9\Servidor\apache-tomcat-9.0.69\conf\Catalina\localhost\DamasAmericanas.xml]
17-Apr-2024 10:10:33.405 WARNING [http-nio-8080-exec-8] org.apache.catalina.startup.HostConfig.deployDescriptor The path attribute with value [/DamasAmericanas] in deployment descriptor [C:\Users\andrew\Documents\UNIVERSIDAD\SEPTIMO_CICLO\DESARROLLO DE SOFTWARE\ACTIVIDADES DE CLASE\GRUPO-9\Servidor\apache-tomcat-9.0.69\conf\Catalina\localhost\DamasAmericanas.xml] has been ignored
17-Apr-2024 10:10:34.791 INFO [http-nio-8080-exec-8] org.apache.jasper.servlet.TldScanner.scanJars Al menos un JAR, que se ha explorado buscando TLDs, aún no contenía TLDs. Activar historial de depuración para este historiador para una completa lista de los JARs que fueron explorados y de los que nos se halló TLDs. Saltarse JARs no necesarios durante la exploración puede dar lugar a una mejora de tiempo significativa en el arranque y compilación de JSP .
17-Apr-2024 10:10:34.795 INFO [http-nio-8080-exec-8] org.apache.catalina.startup.HostConfig.deployDescriptor Deployment of deployment descriptor [C:\Users\andrew\Documents\UNIVERSIDAD\SEPTIMO_CICLO\DESARROLLO DE SOFTWARE\ACTIVIDADES DE CLASE\GRUPO-9\Servidor\apache-tomcat-9.0.69\conf\Catalina\localhost\DamasAmericanas.xml] has finished in [1.392] ms
17-Apr-2024 10:10:34.800 INFO [http-nio-8080-exec-6] org.apache.catalina.util.LifecycleBase.start The start() method was called on component [StandardEngine[Catalina].StandardHost[localhost].StandardContext[/DamasAmericanas]] after start() had already been called. The second call will be ignored.
17-Apr-2024 11:39:38.444 INFO [main] org.apache.catalina.core.StandardServer.await Se ha recibido un comando de apagado a través del puerto de apagado. Parando la instancia del Servidor.
17-Apr-2024 11:39:38.473 INFO [main] org.apache.coyote.AbstractProtocol.pause Pausing ProtocolHandler ["http-nio-8080"]
17-Apr-2024 11:39:38.517 INFO [main] org.apache.catalina.core.StandardService.stopInternal Parando servicio [Catalina]
17-Apr-2024 11:39:38.710 WARNING [main] org.apache.catalina.loader.WebappClassLoaderBase.clearReferencesJdbc La aplicación web [DamasAmericanas] registró el conductor JDBC [com.mysql.cj.jdbc.Driver] pero falló al anular el registro mientras la aplicación web estaba parada. Para prevenir un fallo de memoria, se ha anulado el registro del conductor JDBC por la fuerza.
17-Apr-2024 11:39:38.715 WARNING [main] org.apache.catalina.loader.WebappClassLoaderBase.clearReferencesThreads The web application [DamasAmericanas] appears to have started a thread named [mysql-cj-abandoned-connection-cleanup] but has failed to stop it. This is very likely to create a memory leak. Stack trace of thread:
 java.base/jdk.internal.misc.Unsafe.park(Native Method)
 java.base/java.util.concurrent.locks.LockSupport.parkNanos(LockSupport.java:269)
 java.base/java.util.concurrent.locks.AbstractQueuedSynchronizer$ConditionObject.await(AbstractQueuedSynchronizer.java:1847)
 java.base/java.lang.ref.ReferenceQueue.await(ReferenceQueue.java:71)
 java.base/java.lang.ref.ReferenceQueue.remove0(ReferenceQueue.java:143)
 java.base/java.lang.ref.ReferenceQueue.remove(ReferenceQueue.java:218)
 com.mysql.cj.jdbc.AbandonedConnectionCleanupThread.run(AbandonedConnectionCleanupThread.java:85)
 java.base/java.util.concurrent.ThreadPoolExecutor.runWorker(ThreadPoolExecutor.java:1144)
 java.base/java.util.concurrent.ThreadPoolExecutor$Worker.run(ThreadPoolExecutor.java:642)
 java.base/java.lang.Thread.run(Thread.java:1623)
17-Apr-2024 11:39:38.737 INFO [main] org.apache.coyote.AbstractProtocol.stop Stopping ProtocolHandler ["http-nio-8080"]
17-Apr-2024 11:39:38.790 INFO [main] org.apache.coyote.AbstractProtocol.destroy Destroying ProtocolHandler ["http-nio-8080"]
