16-Apr-2024 11:10:17.224 INFO [main] org.apache.catalina.startup.VersionLoggerListener.log Nombre de la versión del servidor: Apache Tomcat/9.0.69
16-Apr-2024 11:10:17.229 INFO [main] org.apache.catalina.startup.VersionLoggerListener.log Server built:                      Nov 9 2022 18:43:47 UTC
16-Apr-2024 11:10:17.230 INFO [main] org.apache.catalina.startup.VersionLoggerListener.log Número de versión de servidor:     9.0.69.0
16-Apr-2024 11:10:17.230 INFO [main] org.apache.catalina.startup.VersionLoggerListener.log OS Name:                           Windows 11
16-Apr-2024 11:10:17.230 INFO [main] org.apache.catalina.startup.VersionLoggerListener.log Versión de Systema Operativo:      10.0
16-Apr-2024 11:10:17.230 INFO [main] org.apache.catalina.startup.VersionLoggerListener.log Arquitectura:                      amd64
16-Apr-2024 11:10:17.230 INFO [main] org.apache.catalina.startup.VersionLoggerListener.log Java Home:                         C:\Program Files\Java\jdk-20
16-Apr-2024 11:10:17.231 INFO [main] org.apache.catalina.startup.VersionLoggerListener.log JVM Version:                       20.0.2+9-78
16-Apr-2024 11:10:17.231 INFO [main] org.apache.catalina.startup.VersionLoggerListener.log Vededor JVM:                       Oracle Corporation
16-Apr-2024 11:10:17.231 INFO [main] org.apache.catalina.startup.VersionLoggerListener.log CATALINA_BASE:                     C:\Users\andrew\Documents\UNIVERSIDAD\SEPTIMO_CICLO\DESARROLLO DE SOFTWARE\ACTIVIDADES DE CLASE\GRUPO-9\Servidor\apache-tomcat-9.0.69
16-Apr-2024 11:10:17.231 INFO [main] org.apache.catalina.startup.VersionLoggerListener.log CATALINA_HOME:                     C:\Users\andrew\Documents\UNIVERSIDAD\SEPTIMO_CICLO\DESARROLLO DE SOFTWARE\ACTIVIDADES DE CLASE\GRUPO-9\Servidor\apache-tomcat-9.0.69
16-Apr-2024 11:10:17.253 INFO [main] org.apache.catalina.startup.VersionLoggerListener.log Command line argument:             --add-opens=java.base/java.lang=ALL-UNNAMED
16-Apr-2024 11:10:17.253 INFO [main] org.apache.catalina.startup.VersionLoggerListener.log Command line argument:             --add-opens=java.base/java.io=ALL-UNNAMED
16-Apr-2024 11:10:17.254 INFO [main] org.apache.catalina.startup.VersionLoggerListener.log Command line argument:             --add-opens=java.base/java.util=ALL-UNNAMED
16-Apr-2024 11:10:17.254 INFO [main] org.apache.catalina.startup.VersionLoggerListener.log Command line argument:             --add-opens=java.base/java.util.concurrent=ALL-UNNAMED
16-Apr-2024 11:10:17.254 INFO [main] org.apache.catalina.startup.VersionLoggerListener.log Command line argument:             --add-opens=java.rmi/sun.rmi.transport=ALL-UNNAMED
16-Apr-2024 11:10:17.254 INFO [main] org.apache.catalina.startup.VersionLoggerListener.log Command line argument:             -Djava.util.logging.config.file=C:\Users\andrew\Documents\UNIVERSIDAD\SEPTIMO_CICLO\DESARROLLO DE SOFTWARE\ACTIVIDADES DE CLASE\GRUPO-9\Servidor\apache-tomcat-9.0.69\conf\logging.properties
16-Apr-2024 11:10:17.254 INFO [main] org.apache.catalina.startup.VersionLoggerListener.log Command line argument:             -Djava.util.logging.manager=org.apache.juli.ClassLoaderLogManager
16-Apr-2024 11:10:17.254 INFO [main] org.apache.catalina.startup.VersionLoggerListener.log Command line argument:             -Djdk.tls.ephemeralDHKeySize=2048
16-Apr-2024 11:10:17.254 INFO [main] org.apache.catalina.startup.VersionLoggerListener.log Command line argument:             -Djava.protocol.handler.pkgs=org.apache.catalina.webresources
16-Apr-2024 11:10:17.254 INFO [main] org.apache.catalina.startup.VersionLoggerListener.log Command line argument:             -Dignore.endorsed.dirs=
16-Apr-2024 11:10:17.254 INFO [main] org.apache.catalina.startup.VersionLoggerListener.log Command line argument:             -Dcatalina.base=C:\Users\andrew\Documents\UNIVERSIDAD\SEPTIMO_CICLO\DESARROLLO DE SOFTWARE\ACTIVIDADES DE CLASE\GRUPO-9\Servidor\apache-tomcat-9.0.69
16-Apr-2024 11:10:17.254 INFO [main] org.apache.catalina.startup.VersionLoggerListener.log Command line argument:             -Dcatalina.home=C:\Users\andrew\Documents\UNIVERSIDAD\SEPTIMO_CICLO\DESARROLLO DE SOFTWARE\ACTIVIDADES DE CLASE\GRUPO-9\Servidor\apache-tomcat-9.0.69
16-Apr-2024 11:10:17.269 INFO [main] org.apache.catalina.startup.VersionLoggerListener.log Command line argument:             -Djava.io.tmpdir=C:\Users\andrew\Documents\UNIVERSIDAD\SEPTIMO_CICLO\DESARROLLO DE SOFTWARE\ACTIVIDADES DE CLASE\GRUPO-9\Servidor\apache-tomcat-9.0.69\temp
16-Apr-2024 11:10:17.275 INFO [main] org.apache.catalina.core.AprLifecycleListener.lifecycleEvent La biblioteca nativa de Apache Tomcat basada en ARP que permite un rendimiento óptimo en entornos de desarrollo no ha sido hallada en java.library.path: [C:\Program Files\Java\jdk-20\bin;C:\Windows\Sun\Java\bin;C:\Windows\system32;C:\Windows;C:\Program Files\Common Files\Oracle\Java\javapath;C:\Windows\system32;C:\Windows;C:\Windows\System32\Wbem;C:\Windows\System32\WindowsPowerShell\v1.0\;C:\Windows\System32\OpenSSH\;C:\msys64\mingw64\bin;C:\Program Files (x86)\NoteBook FanControl\;C:\Program Files (x86)\Rational\common;C:\Program Files\Git\cmd;C:\Users\andrew\AppData\Local\Programs\Python\Python311\Scripts\;C:\Users\andrew\AppData\Local\Programs\Python\Python311\;C:\Users\andrew\AppData\Local\Microsoft\WindowsApps;C:\msys64\mingw64\bin;C:\Users\andrew\AppData\Local\Programs\Microsoft VS Code\bin;C:\Users\andrew\AppData\Local\Programs\Julia-1.9.3\bin;;C:\Program Files\JetBrains\IntelliJ IDEA 2023.2.5\bin;;.]
16-Apr-2024 11:10:17.659 INFO [main] org.apache.coyote.AbstractProtocol.init Inicializando el manejador de protocolo ["http-nio-8080"]

16-Apr-2024 11:10:17.684 INFO [main] org.apache.catalina.startup.Catalina.load Server initialization in [813] milliseconds
16-Apr-2024 11:10:17.750 INFO [main] org.apache.catalina.core.StandardService.startInternal Arrancando servicio [Catalina]
16-Apr-2024 11:10:17.750 INFO [main] org.apache.catalina.core.StandardEngine.startInternal Starting Servlet engine: [Apache Tomcat/9.0.69]
16-Apr-2024 11:10:17.763 INFO [main] org.apache.catalina.startup.HostConfig.deployDescriptor Desplieque del descriptor de configuración [C:\Users\andrew\Documents\UNIVERSIDAD\SEPTIMO_CICLO\DESARROLLO DE SOFTWARE\ACTIVIDADES DE CLASE\GRUPO-9\Servidor\apache-tomcat-9.0.69\conf\Catalina\localhost\block.xml]
16-Apr-2024 11:10:17.778 WARNING [main] org.apache.catalina.startup.HostConfig.deployDescriptor The path attribute with value [/block] in deployment descriptor [C:\Users\andrew\Documents\UNIVERSIDAD\SEPTIMO_CICLO\DESARROLLO DE SOFTWARE\ACTIVIDADES DE CLASE\GRUPO-9\Servidor\apache-tomcat-9.0.69\conf\Catalina\localhost\block.xml] has been ignored
16-Apr-2024 11:10:17.785 WARNING [main] org.apache.catalina.startup.HostConfig.deployDescriptor Se ha especificado un docBase [C:\Users\andrew\Documents\UNIVERSIDAD\SEPTIMO_CICLO\DESARROLLO DE SOFTWARE\ACTIVIDADES DE CLASE\GRUPO-9\Servidor\apache-tomcat-9.0.69\webapps\home\andrews\Documents\SEPTIMO_CICLO\DESARROLLO DE SOFTWARE\COPIA\block\target\block-1.0-SNAPSHOT] dentro del appBase de la máquina y será ignorado
16-Apr-2024 11:10:17.817 SEVERE [main] org.apache.catalina.startup.HostConfig.deployDescriptor Error durante el despliegue del descriptor de configuración [C:\Users\andrew\Documents\UNIVERSIDAD\SEPTIMO_CICLO\DESARROLLO DE SOFTWARE\ACTIVIDADES DE CLASE\GRUPO-9\Servidor\apache-tomcat-9.0.69\conf\Catalina\localhost\block.xml]
	java.lang.IllegalStateException: Error starting child
		at org.apache.catalina.core.ContainerBase.addChildInternal(ContainerBase.java:729)
		at org.apache.catalina.core.ContainerBase.addChild(ContainerBase.java:698)
		at org.apache.catalina.core.StandardHost.addChild(StandardHost.java:696)
		at org.apache.catalina.startup.HostConfig.deployDescriptor(HostConfig.java:689)
		at org.apache.catalina.startup.HostConfig$DeployDescriptor.run(HostConfig.java:1888)
		at java.base/java.util.concurrent.Executors$RunnableAdapter.call(Executors.java:577)
		at java.base/java.util.concurrent.FutureTask.run(FutureTask.java:317)
		at org.apache.tomcat.util.threads.InlineExecutorService.execute(InlineExecutorService.java:75)
		at java.base/java.util.concurrent.AbstractExecutorService.submit(AbstractExecutorService.java:123)
		at org.apache.catalina.startup.HostConfig.deployDescriptors(HostConfig.java:582)
		at org.apache.catalina.startup.HostConfig.deployApps(HostConfig.java:472)
		at org.apache.catalina.startup.HostConfig.start(HostConfig.java:1617)
		at org.apache.catalina.startup.HostConfig.lifecycleEvent(HostConfig.java:318)
		at org.apache.catalina.util.LifecycleBase.fireLifecycleEvent(LifecycleBase.java:123)
		at org.apache.catalina.util.LifecycleBase.setStateInternal(LifecycleBase.java:423)
		at org.apache.catalina.util.LifecycleBase.setState(LifecycleBase.java:366)
		at org.apache.catalina.core.ContainerBase.startInternal(ContainerBase.java:943)
		at org.apache.catalina.core.StandardHost.startInternal(StandardHost.java:835)
		at org.apache.catalina.util.LifecycleBase.start(LifecycleBase.java:183)
		at org.apache.catalina.core.ContainerBase$StartChild.call(ContainerBase.java:1393)
		at org.apache.catalina.core.ContainerBase$StartChild.call(ContainerBase.java:1383)
		at java.base/java.util.concurrent.FutureTask.run(FutureTask.java:317)
		at org.apache.tomcat.util.threads.InlineExecutorService.execute(InlineExecutorService.java:75)
		at java.base/java.util.concurrent.AbstractExecutorService.submit(AbstractExecutorService.java:145)
		at org.apache.catalina.core.ContainerBase.startInternal(ContainerBase.java:916)
		at org.apache.catalina.core.StandardEngine.startInternal(StandardEngine.java:265)
		at org.apache.catalina.util.LifecycleBase.start(LifecycleBase.java:183)
		at org.apache.catalina.core.StandardService.startInternal(StandardService.java:430)
		at org.apache.catalina.util.LifecycleBase.start(LifecycleBase.java:183)
		at org.apache.catalina.core.StandardServer.startInternal(StandardServer.java:930)
		at org.apache.catalina.util.LifecycleBase.start(LifecycleBase.java:183)
		at org.apache.catalina.startup.Catalina.start(Catalina.java:772)
		at java.base/jdk.internal.reflect.DirectMethodHandleAccessor.invoke(DirectMethodHandleAccessor.java:104)
		at java.base/java.lang.reflect.Method.invoke(Method.java:578)
		at org.apache.catalina.startup.Bootstrap.start(Bootstrap.java:345)
		at org.apache.catalina.startup.Bootstrap.main(Bootstrap.java:476)
	Caused by: org.apache.catalina.LifecycleException: Failed to start component [org.apache.catalina.webresources.StandardRoot@6ea2bc93]
		at org.apache.catalina.util.LifecycleBase.handleSubClassException(LifecycleBase.java:440)
		at org.apache.catalina.util.LifecycleBase.start(LifecycleBase.java:198)
		at org.apache.catalina.core.StandardContext.resourcesStart(StandardContext.java:4881)
		at org.apache.catalina.core.StandardContext.startInternal(StandardContext.java:5014)
		at org.apache.catalina.util.LifecycleBase.start(LifecycleBase.java:183)
		at org.apache.catalina.core.ContainerBase.addChildInternal(ContainerBase.java:726)
		... 35 more
	Caused by: java.lang.IllegalArgumentException: The main resource set specified [C:\Users\andrew\Documents\UNIVERSIDAD\SEPTIMO_CICLO\DESARROLLO DE SOFTWARE\ACTIVIDADES DE CLASE\GRUPO-9\Servidor\apache-tomcat-9.0.69\webapps\block] is not valid
		at org.apache.catalina.webresources.StandardRoot.createMainResourceSet(StandardRoot.java:777)
		at org.apache.catalina.webresources.StandardRoot.startInternal(StandardRoot.java:734)
		at org.apache.catalina.util.LifecycleBase.start(LifecycleBase.java:183)
		... 39 more
16-Apr-2024 11:10:17.852 INFO [main] org.apache.catalina.startup.HostConfig.deployDescriptor Deployment of deployment descriptor [C:\Users\andrew\Documents\UNIVERSIDAD\SEPTIMO_CICLO\DESARROLLO DE SOFTWARE\ACTIVIDADES DE CLASE\GRUPO-9\Servidor\apache-tomcat-9.0.69\conf\Catalina\localhost\block.xml] has finished in [81] ms
16-Apr-2024 11:10:17.853 INFO [main] org.apache.catalina.startup.HostConfig.deployDescriptor Desplieque del descriptor de configuración [C:\Users\andrew\Documents\UNIVERSIDAD\SEPTIMO_CICLO\DESARROLLO DE SOFTWARE\ACTIVIDADES DE CLASE\GRUPO-9\Servidor\apache-tomcat-9.0.69\conf\Catalina\localhost\DamasAmericanas.xml]
16-Apr-2024 11:10:17.854 WARNING [main] org.apache.catalina.startup.HostConfig.deployDescriptor The path attribute with value [/DamasAmericanas] in deployment descriptor [C:\Users\andrew\Documents\UNIVERSIDAD\SEPTIMO_CICLO\DESARROLLO DE SOFTWARE\ACTIVIDADES DE CLASE\GRUPO-9\Servidor\apache-tomcat-9.0.69\conf\Catalina\localhost\DamasAmericanas.xml] has been ignored
16-Apr-2024 11:10:18.281 INFO [main] org.apache.catalina.startup.HostConfig.deployDescriptor Deployment of deployment descriptor [C:\Users\andrew\Documents\UNIVERSIDAD\SEPTIMO_CICLO\DESARROLLO DE SOFTWARE\ACTIVIDADES DE CLASE\GRUPO-9\Servidor\apache-tomcat-9.0.69\conf\Catalina\localhost\DamasAmericanas.xml] has finished in [427] ms
16-Apr-2024 11:10:18.282 INFO [main] org.apache.catalina.startup.HostConfig.deployDirectory Desplegando el directorio [C:\Users\andrew\Documents\UNIVERSIDAD\SEPTIMO_CICLO\DESARROLLO DE SOFTWARE\ACTIVIDADES DE CLASE\GRUPO-9\Servidor\apache-tomcat-9.0.69\webapps\docs] de la aplicación web
16-Apr-2024 11:10:18.351 INFO [main] org.apache.catalina.startup.HostConfig.deployDirectory Deployment of web application directory [C:\Users\andrew\Documents\UNIVERSIDAD\SEPTIMO_CICLO\DESARROLLO DE SOFTWARE\ACTIVIDADES DE CLASE\GRUPO-9\Servidor\apache-tomcat-9.0.69\webapps\docs] has finished in [70] ms
16-Apr-2024 11:10:18.351 INFO [main] org.apache.catalina.startup.HostConfig.deployDirectory Desplegando el directorio [C:\Users\andrew\Documents\UNIVERSIDAD\SEPTIMO_CICLO\DESARROLLO DE SOFTWARE\ACTIVIDADES DE CLASE\GRUPO-9\Servidor\apache-tomcat-9.0.69\webapps\examples] de la aplicación web
16-Apr-2024 11:10:18.917 INFO [main] org.apache.catalina.startup.HostConfig.deployDirectory Deployment of web application directory [C:\Users\andrew\Documents\UNIVERSIDAD\SEPTIMO_CICLO\DESARROLLO DE SOFTWARE\ACTIVIDADES DE CLASE\GRUPO-9\Servidor\apache-tomcat-9.0.69\webapps\examples] has finished in [565] ms
16-Apr-2024 11:10:18.917 INFO [main] org.apache.catalina.startup.HostConfig.deployDirectory Desplegando el directorio [C:\Users\andrew\Documents\UNIVERSIDAD\SEPTIMO_CICLO\DESARROLLO DE SOFTWARE\ACTIVIDADES DE CLASE\GRUPO-9\Servidor\apache-tomcat-9.0.69\webapps\host-manager] de la aplicación web
16-Apr-2024 11:10:18.969 INFO [main] org.apache.catalina.startup.HostConfig.deployDirectory Deployment of web application directory [C:\Users\andrew\Documents\UNIVERSIDAD\SEPTIMO_CICLO\DESARROLLO DE SOFTWARE\ACTIVIDADES DE CLASE\GRUPO-9\Servidor\apache-tomcat-9.0.69\webapps\host-manager] has finished in [52] ms
16-Apr-2024 11:10:18.969 INFO [main] org.apache.catalina.startup.HostConfig.deployDirectory Desplegando el directorio [C:\Users\andrew\Documents\UNIVERSIDAD\SEPTIMO_CICLO\DESARROLLO DE SOFTWARE\ACTIVIDADES DE CLASE\GRUPO-9\Servidor\apache-tomcat-9.0.69\webapps\manager] de la aplicación web
16-Apr-2024 11:10:19.020 INFO [main] org.apache.catalina.startup.HostConfig.deployDirectory Deployment of web application directory [C:\Users\andrew\Documents\UNIVERSIDAD\SEPTIMO_CICLO\DESARROLLO DE SOFTWARE\ACTIVIDADES DE CLASE\GRUPO-9\Servidor\apache-tomcat-9.0.69\webapps\manager] has finished in [51] ms
16-Apr-2024 11:10:19.021 INFO [main] org.apache.catalina.startup.HostConfig.deployDirectory Desplegando el directorio [C:\Users\andrew\Documents\UNIVERSIDAD\SEPTIMO_CICLO\DESARROLLO DE SOFTWARE\ACTIVIDADES DE CLASE\GRUPO-9\Servidor\apache-tomcat-9.0.69\webapps\ROOT] de la aplicación web
16-Apr-2024 11:10:19.056 INFO [main] org.apache.catalina.startup.HostConfig.deployDirectory Deployment of web application directory [C:\Users\andrew\Documents\UNIVERSIDAD\SEPTIMO_CICLO\DESARROLLO DE SOFTWARE\ACTIVIDADES DE CLASE\GRUPO-9\Servidor\apache-tomcat-9.0.69\webapps\ROOT] has finished in [34] ms
16-Apr-2024 11:10:19.060 INFO [main] org.apache.coyote.AbstractProtocol.start Starting ProtocolHandler ["http-nio-8080"]
16-Apr-2024 11:10:19.109 INFO [main] org.apache.catalina.startup.Catalina.start Server startup in [1424] milliseconds
16-Apr-2024 11:10:21.452 INFO [http-nio-8080-exec-1] org.apache.catalina.startup.HostConfig.undeploy Repliegue (undeploy) de la aplicación web que tiene como trayectoria de contexto [/DamasAmericanas]
16-Apr-2024 11:10:21.490 INFO [http-nio-8080-exec-4] org.apache.catalina.startup.HostConfig.deployDescriptor Desplieque del descriptor de configuración [C:\Users\andrew\Documents\UNIVERSIDAD\SEPTIMO_CICLO\DESARROLLO DE SOFTWARE\ACTIVIDADES DE CLASE\GRUPO-9\Servidor\apache-tomcat-9.0.69\conf\Catalina\localhost\DamasAmericanas.xml]
16-Apr-2024 11:10:21.491 WARNING [http-nio-8080-exec-4] org.apache.catalina.startup.HostConfig.deployDescriptor The path attribute with value [/DamasAmericanas] in deployment descriptor [C:\Users\andrew\Documents\UNIVERSIDAD\SEPTIMO_CICLO\DESARROLLO DE SOFTWARE\ACTIVIDADES DE CLASE\GRUPO-9\Servidor\apache-tomcat-9.0.69\conf\Catalina\localhost\DamasAmericanas.xml] has been ignored
16-Apr-2024 11:10:21.530 INFO [http-nio-8080-exec-4] org.apache.catalina.startup.HostConfig.deployDescriptor Deployment of deployment descriptor [C:\Users\andrew\Documents\UNIVERSIDAD\SEPTIMO_CICLO\DESARROLLO DE SOFTWARE\ACTIVIDADES DE CLASE\GRUPO-9\Servidor\apache-tomcat-9.0.69\conf\Catalina\localhost\DamasAmericanas.xml] has finished in [39] ms
16-Apr-2024 11:10:21.533 INFO [http-nio-8080-exec-9] org.apache.catalina.util.LifecycleBase.start The start() method was called on component [StandardEngine[Catalina].StandardHost[localhost].StandardContext[/DamasAmericanas]] after start() had already been called. The second call will be ignored.
16-Apr-2024 11:11:14.252 INFO [main] org.apache.catalina.core.StandardServer.await Se ha recibido un comando de apagado a través del puerto de apagado. Parando la instancia del Servidor.
16-Apr-2024 11:11:14.254 INFO [main] org.apache.coyote.AbstractProtocol.pause Pausing ProtocolHandler ["http-nio-8080"]
16-Apr-2024 11:11:14.266 INFO [main] org.apache.catalina.core.StandardService.stopInternal Parando servicio [Catalina]
16-Apr-2024 11:11:14.309 INFO [main] org.apache.coyote.AbstractProtocol.stop Stopping ProtocolHandler ["http-nio-8080"]
16-Apr-2024 11:11:14.325 INFO [main] org.apache.coyote.AbstractProtocol.destroy Destroying ProtocolHandler ["http-nio-8080"]
16-Apr-2024 16:13:11.428 INFO [main] org.apache.catalina.startup.VersionLoggerListener.log Nombre de la versión del servidor: Apache Tomcat/9.0.69
16-Apr-2024 16:13:11.433 INFO [main] org.apache.catalina.startup.VersionLoggerListener.log Server built:                      Nov 9 2022 18:43:47 UTC
16-Apr-2024 16:13:11.433 INFO [main] org.apache.catalina.startup.VersionLoggerListener.log Número de versión de servidor:     9.0.69.0
16-Apr-2024 16:13:11.433 INFO [main] org.apache.catalina.startup.VersionLoggerListener.log OS Name:                           Windows 11
16-Apr-2024 16:13:11.433 INFO [main] org.apache.catalina.startup.VersionLoggerListener.log Versión de Systema Operativo:      10.0
16-Apr-2024 16:13:11.433 INFO [main] org.apache.catalina.startup.VersionLoggerListener.log Arquitectura:                      amd64
16-Apr-2024 16:13:11.433 INFO [main] org.apache.catalina.startup.VersionLoggerListener.log Java Home:                         C:\Program Files\Java\jdk-20
16-Apr-2024 16:13:11.434 INFO [main] org.apache.catalina.startup.VersionLoggerListener.log JVM Version:                       20.0.2+9-78
16-Apr-2024 16:13:11.434 INFO [main] org.apache.catalina.startup.VersionLoggerListener.log Vededor JVM:                       Oracle Corporation
16-Apr-2024 16:13:11.434 INFO [main] org.apache.catalina.startup.VersionLoggerListener.log CATALINA_BASE:                     C:\Users\andrew\Documents\UNIVERSIDAD\SEPTIMO_CICLO\DESARROLLO DE SOFTWARE\ACTIVIDADES DE CLASE\GRUPO-9\Servidor\apache-tomcat-9.0.69
16-Apr-2024 16:13:11.435 INFO [main] org.apache.catalina.startup.VersionLoggerListener.log CATALINA_HOME:                     C:\Users\andrew\Documents\UNIVERSIDAD\SEPTIMO_CICLO\DESARROLLO DE SOFTWARE\ACTIVIDADES DE CLASE\GRUPO-9\Servidor\apache-tomcat-9.0.69
16-Apr-2024 16:13:11.447 INFO [main] org.apache.catalina.startup.VersionLoggerListener.log Command line argument:             --add-opens=java.base/java.lang=ALL-UNNAMED
16-Apr-2024 16:13:11.447 INFO [main] org.apache.catalina.startup.VersionLoggerListener.log Command line argument:             --add-opens=java.base/java.io=ALL-UNNAMED
16-Apr-2024 16:13:11.447 INFO [main] org.apache.catalina.startup.VersionLoggerListener.log Command line argument:             --add-opens=java.base/java.util=ALL-UNNAMED
16-Apr-2024 16:13:11.447 INFO [main] org.apache.catalina.startup.VersionLoggerListener.log Command line argument:             --add-opens=java.base/java.util.concurrent=ALL-UNNAMED
16-Apr-2024 16:13:11.447 INFO [main] org.apache.catalina.startup.VersionLoggerListener.log Command line argument:             --add-opens=java.rmi/sun.rmi.transport=ALL-UNNAMED
16-Apr-2024 16:13:11.448 INFO [main] org.apache.catalina.startup.VersionLoggerListener.log Command line argument:             -Djava.util.logging.config.file=C:\Users\andrew\Documents\UNIVERSIDAD\SEPTIMO_CICLO\DESARROLLO DE SOFTWARE\ACTIVIDADES DE CLASE\GRUPO-9\Servidor\apache-tomcat-9.0.69\conf\logging.properties
16-Apr-2024 16:13:11.448 INFO [main] org.apache.catalina.startup.VersionLoggerListener.log Command line argument:             -Djava.util.logging.manager=org.apache.juli.ClassLoaderLogManager
16-Apr-2024 16:13:11.448 INFO [main] org.apache.catalina.startup.VersionLoggerListener.log Command line argument:             -Djdk.tls.ephemeralDHKeySize=2048
16-Apr-2024 16:13:11.448 INFO [main] org.apache.catalina.startup.VersionLoggerListener.log Command line argument:             -Djava.protocol.handler.pkgs=org.apache.catalina.webresources
16-Apr-2024 16:13:11.448 INFO [main] org.apache.catalina.startup.VersionLoggerListener.log Command line argument:             -Dignore.endorsed.dirs=
16-Apr-2024 16:13:11.448 INFO [main] org.apache.catalina.startup.VersionLoggerListener.log Command line argument:             -Dcatalina.base=C:\Users\andrew\Documents\UNIVERSIDAD\SEPTIMO_CICLO\DESARROLLO DE SOFTWARE\ACTIVIDADES DE CLASE\GRUPO-9\Servidor\apache-tomcat-9.0.69
16-Apr-2024 16:13:11.448 INFO [main] org.apache.catalina.startup.VersionLoggerListener.log Command line argument:             -Dcatalina.home=C:\Users\andrew\Documents\UNIVERSIDAD\SEPTIMO_CICLO\DESARROLLO DE SOFTWARE\ACTIVIDADES DE CLASE\GRUPO-9\Servidor\apache-tomcat-9.0.69
16-Apr-2024 16:13:11.528 INFO [main] org.apache.catalina.startup.VersionLoggerListener.log Command line argument:             -Djava.io.tmpdir=C:\Users\andrew\Documents\UNIVERSIDAD\SEPTIMO_CICLO\DESARROLLO DE SOFTWARE\ACTIVIDADES DE CLASE\GRUPO-9\Servidor\apache-tomcat-9.0.69\temp
16-Apr-2024 16:13:11.533 INFO [main] org.apache.catalina.core.AprLifecycleListener.lifecycleEvent La biblioteca nativa de Apache Tomcat basada en ARP que permite un rendimiento óptimo en entornos de desarrollo no ha sido hallada en java.library.path: [C:\Program Files\Java\jdk-20\bin;C:\Windows\Sun\Java\bin;C:\Windows\system32;C:\Windows;C:\Program Files\Common Files\Oracle\Java\javapath;C:\Windows\system32;C:\Windows;C:\Windows\System32\Wbem;C:\Windows\System32\WindowsPowerShell\v1.0\;C:\Windows\System32\OpenSSH\;C:\msys64\mingw64\bin;C:\Program Files (x86)\NoteBook FanControl\;C:\Program Files (x86)\Rational\common;C:\Program Files\Git\cmd;C:\Users\andrew\AppData\Local\Programs\Python\Python311\Scripts\;C:\Users\andrew\AppData\Local\Programs\Python\Python311\;C:\Users\andrew\AppData\Local\Microsoft\WindowsApps;C:\msys64\mingw64\bin;C:\Users\andrew\AppData\Local\Programs\Microsoft VS Code\bin;C:\Users\andrew\AppData\Local\Programs\Julia-1.9.3\bin;;C:\Program Files\JetBrains\IntelliJ IDEA 2023.2.5\bin;;.]
16-Apr-2024 16:13:11.874 INFO [main] org.apache.coyote.AbstractProtocol.init Inicializando el manejador de protocolo ["http-nio-8080"]

16-Apr-2024 16:13:11.904 INFO [main] org.apache.catalina.startup.Catalina.load Server initialization in [746] milliseconds
16-Apr-2024 16:13:11.972 INFO [main] org.apache.catalina.core.StandardService.startInternal Arrancando servicio [Catalina]
16-Apr-2024 16:13:11.972 INFO [main] org.apache.catalina.core.StandardEngine.startInternal Starting Servlet engine: [Apache Tomcat/9.0.69]
16-Apr-2024 16:13:11.985 INFO [main] org.apache.catalina.startup.HostConfig.deployDescriptor Desplieque del descriptor de configuración [C:\Users\andrew\Documents\UNIVERSIDAD\SEPTIMO_CICLO\DESARROLLO DE SOFTWARE\ACTIVIDADES DE CLASE\GRUPO-9\Servidor\apache-tomcat-9.0.69\conf\Catalina\localhost\block.xml]
16-Apr-2024 16:13:12.000 WARNING [main] org.apache.catalina.startup.HostConfig.deployDescriptor The path attribute with value [/block] in deployment descriptor [C:\Users\andrew\Documents\UNIVERSIDAD\SEPTIMO_CICLO\DESARROLLO DE SOFTWARE\ACTIVIDADES DE CLASE\GRUPO-9\Servidor\apache-tomcat-9.0.69\conf\Catalina\localhost\block.xml] has been ignored
16-Apr-2024 16:13:12.008 WARNING [main] org.apache.catalina.startup.HostConfig.deployDescriptor Se ha especificado un docBase [C:\Users\andrew\Documents\UNIVERSIDAD\SEPTIMO_CICLO\DESARROLLO DE SOFTWARE\ACTIVIDADES DE CLASE\GRUPO-9\Servidor\apache-tomcat-9.0.69\webapps\home\andrews\Documents\SEPTIMO_CICLO\DESARROLLO DE SOFTWARE\COPIA\block\target\block-1.0-SNAPSHOT] dentro del appBase de la máquina y será ignorado
16-Apr-2024 16:13:12.043 SEVERE [main] org.apache.catalina.startup.HostConfig.deployDescriptor Error durante el despliegue del descriptor de configuración [C:\Users\andrew\Documents\UNIVERSIDAD\SEPTIMO_CICLO\DESARROLLO DE SOFTWARE\ACTIVIDADES DE CLASE\GRUPO-9\Servidor\apache-tomcat-9.0.69\conf\Catalina\localhost\block.xml]
	java.lang.IllegalStateException: Error starting child
		at org.apache.catalina.core.ContainerBase.addChildInternal(ContainerBase.java:729)
		at org.apache.catalina.core.ContainerBase.addChild(ContainerBase.java:698)
		at org.apache.catalina.core.StandardHost.addChild(StandardHost.java:696)
		at org.apache.catalina.startup.HostConfig.deployDescriptor(HostConfig.java:689)
		at org.apache.catalina.startup.HostConfig$DeployDescriptor.run(HostConfig.java:1888)
		at java.base/java.util.concurrent.Executors$RunnableAdapter.call(Executors.java:577)
		at java.base/java.util.concurrent.FutureTask.run(FutureTask.java:317)
		at org.apache.tomcat.util.threads.InlineExecutorService.execute(InlineExecutorService.java:75)
		at java.base/java.util.concurrent.AbstractExecutorService.submit(AbstractExecutorService.java:123)
		at org.apache.catalina.startup.HostConfig.deployDescriptors(HostConfig.java:582)
		at org.apache.catalina.startup.HostConfig.deployApps(HostConfig.java:472)
		at org.apache.catalina.startup.HostConfig.start(HostConfig.java:1617)
		at org.apache.catalina.startup.HostConfig.lifecycleEvent(HostConfig.java:318)
		at org.apache.catalina.util.LifecycleBase.fireLifecycleEvent(LifecycleBase.java:123)
		at org.apache.catalina.util.LifecycleBase.setStateInternal(LifecycleBase.java:423)
		at org.apache.catalina.util.LifecycleBase.setState(LifecycleBase.java:366)
		at org.apache.catalina.core.ContainerBase.startInternal(ContainerBase.java:943)
		at org.apache.catalina.core.StandardHost.startInternal(StandardHost.java:835)
		at org.apache.catalina.util.LifecycleBase.start(LifecycleBase.java:183)
		at org.apache.catalina.core.ContainerBase$StartChild.call(ContainerBase.java:1393)
		at org.apache.catalina.core.ContainerBase$StartChild.call(ContainerBase.java:1383)
		at java.base/java.util.concurrent.FutureTask.run(FutureTask.java:317)
		at org.apache.tomcat.util.threads.InlineExecutorService.execute(InlineExecutorService.java:75)
		at java.base/java.util.concurrent.AbstractExecutorService.submit(AbstractExecutorService.java:145)
		at org.apache.catalina.core.ContainerBase.startInternal(ContainerBase.java:916)
		at org.apache.catalina.core.StandardEngine.startInternal(StandardEngine.java:265)
		at org.apache.catalina.util.LifecycleBase.start(LifecycleBase.java:183)
		at org.apache.catalina.core.StandardService.startInternal(StandardService.java:430)
		at org.apache.catalina.util.LifecycleBase.start(LifecycleBase.java:183)
		at org.apache.catalina.core.StandardServer.startInternal(StandardServer.java:930)
		at org.apache.catalina.util.LifecycleBase.start(LifecycleBase.java:183)
		at org.apache.catalina.startup.Catalina.start(Catalina.java:772)
		at java.base/jdk.internal.reflect.DirectMethodHandleAccessor.invoke(DirectMethodHandleAccessor.java:104)
		at java.base/java.lang.reflect.Method.invoke(Method.java:578)
		at org.apache.catalina.startup.Bootstrap.start(Bootstrap.java:345)
		at org.apache.catalina.startup.Bootstrap.main(Bootstrap.java:476)
	Caused by: org.apache.catalina.LifecycleException: Failed to start component [org.apache.catalina.webresources.StandardRoot@6ea2bc93]
		at org.apache.catalina.util.LifecycleBase.handleSubClassException(LifecycleBase.java:440)
		at org.apache.catalina.util.LifecycleBase.start(LifecycleBase.java:198)
		at org.apache.catalina.core.StandardContext.resourcesStart(StandardContext.java:4881)
		at org.apache.catalina.core.StandardContext.startInternal(StandardContext.java:5014)
		at org.apache.catalina.util.LifecycleBase.start(LifecycleBase.java:183)
		at org.apache.catalina.core.ContainerBase.addChildInternal(ContainerBase.java:726)
		... 35 more
	Caused by: java.lang.IllegalArgumentException: The main resource set specified [C:\Users\andrew\Documents\UNIVERSIDAD\SEPTIMO_CICLO\DESARROLLO DE SOFTWARE\ACTIVIDADES DE CLASE\GRUPO-9\Servidor\apache-tomcat-9.0.69\webapps\block] is not valid
		at org.apache.catalina.webresources.StandardRoot.createMainResourceSet(StandardRoot.java:777)
		at org.apache.catalina.webresources.StandardRoot.startInternal(StandardRoot.java:734)
		at org.apache.catalina.util.LifecycleBase.start(LifecycleBase.java:183)
		... 39 more
16-Apr-2024 16:13:12.065 INFO [main] org.apache.catalina.startup.HostConfig.deployDescriptor Deployment of deployment descriptor [C:\Users\andrew\Documents\UNIVERSIDAD\SEPTIMO_CICLO\DESARROLLO DE SOFTWARE\ACTIVIDADES DE CLASE\GRUPO-9\Servidor\apache-tomcat-9.0.69\conf\Catalina\localhost\block.xml] has finished in [77] ms
16-Apr-2024 16:13:12.066 INFO [main] org.apache.catalina.startup.HostConfig.deployDescriptor Desplieque del descriptor de configuración [C:\Users\andrew\Documents\UNIVERSIDAD\SEPTIMO_CICLO\DESARROLLO DE SOFTWARE\ACTIVIDADES DE CLASE\GRUPO-9\Servidor\apache-tomcat-9.0.69\conf\Catalina\localhost\DamasAmericanas.xml]
16-Apr-2024 16:13:12.068 WARNING [main] org.apache.catalina.startup.HostConfig.deployDescriptor The path attribute with value [/DamasAmericanas] in deployment descriptor [C:\Users\andrew\Documents\UNIVERSIDAD\SEPTIMO_CICLO\DESARROLLO DE SOFTWARE\ACTIVIDADES DE CLASE\GRUPO-9\Servidor\apache-tomcat-9.0.69\conf\Catalina\localhost\DamasAmericanas.xml] has been ignored
16-Apr-2024 16:13:12.461 INFO [main] org.apache.catalina.startup.HostConfig.deployDescriptor Deployment of deployment descriptor [C:\Users\andrew\Documents\UNIVERSIDAD\SEPTIMO_CICLO\DESARROLLO DE SOFTWARE\ACTIVIDADES DE CLASE\GRUPO-9\Servidor\apache-tomcat-9.0.69\conf\Catalina\localhost\DamasAmericanas.xml] has finished in [395] ms
16-Apr-2024 16:13:12.462 INFO [main] org.apache.catalina.startup.HostConfig.deployDirectory Desplegando el directorio [C:\Users\andrew\Documents\UNIVERSIDAD\SEPTIMO_CICLO\DESARROLLO DE SOFTWARE\ACTIVIDADES DE CLASE\GRUPO-9\Servidor\apache-tomcat-9.0.69\webapps\docs] de la aplicación web
16-Apr-2024 16:13:12.514 INFO [main] org.apache.catalina.startup.HostConfig.deployDirectory Deployment of web application directory [C:\Users\andrew\Documents\UNIVERSIDAD\SEPTIMO_CICLO\DESARROLLO DE SOFTWARE\ACTIVIDADES DE CLASE\GRUPO-9\Servidor\apache-tomcat-9.0.69\webapps\docs] has finished in [52] ms
16-Apr-2024 16:13:12.515 INFO [main] org.apache.catalina.startup.HostConfig.deployDirectory Desplegando el directorio [C:\Users\andrew\Documents\UNIVERSIDAD\SEPTIMO_CICLO\DESARROLLO DE SOFTWARE\ACTIVIDADES DE CLASE\GRUPO-9\Servidor\apache-tomcat-9.0.69\webapps\examples] de la aplicación web
16-Apr-2024 16:13:13.040 INFO [main] org.apache.catalina.startup.HostConfig.deployDirectory Deployment of web application directory [C:\Users\andrew\Documents\UNIVERSIDAD\SEPTIMO_CICLO\DESARROLLO DE SOFTWARE\ACTIVIDADES DE CLASE\GRUPO-9\Servidor\apache-tomcat-9.0.69\webapps\examples] has finished in [526] ms
16-Apr-2024 16:13:13.040 INFO [main] org.apache.catalina.startup.HostConfig.deployDirectory Desplegando el directorio [C:\Users\andrew\Documents\UNIVERSIDAD\SEPTIMO_CICLO\DESARROLLO DE SOFTWARE\ACTIVIDADES DE CLASE\GRUPO-9\Servidor\apache-tomcat-9.0.69\webapps\host-manager] de la aplicación web
16-Apr-2024 16:13:13.095 INFO [main] org.apache.catalina.startup.HostConfig.deployDirectory Deployment of web application directory [C:\Users\andrew\Documents\UNIVERSIDAD\SEPTIMO_CICLO\DESARROLLO DE SOFTWARE\ACTIVIDADES DE CLASE\GRUPO-9\Servidor\apache-tomcat-9.0.69\webapps\host-manager] has finished in [54] ms
16-Apr-2024 16:13:13.095 INFO [main] org.apache.catalina.startup.HostConfig.deployDirectory Desplegando el directorio [C:\Users\andrew\Documents\UNIVERSIDAD\SEPTIMO_CICLO\DESARROLLO DE SOFTWARE\ACTIVIDADES DE CLASE\GRUPO-9\Servidor\apache-tomcat-9.0.69\webapps\manager] de la aplicación web
16-Apr-2024 16:13:13.149 INFO [main] org.apache.catalina.startup.HostConfig.deployDirectory Deployment of web application directory [C:\Users\andrew\Documents\UNIVERSIDAD\SEPTIMO_CICLO\DESARROLLO DE SOFTWARE\ACTIVIDADES DE CLASE\GRUPO-9\Servidor\apache-tomcat-9.0.69\webapps\manager] has finished in [54] ms
16-Apr-2024 16:13:13.149 INFO [main] org.apache.catalina.startup.HostConfig.deployDirectory Desplegando el directorio [C:\Users\andrew\Documents\UNIVERSIDAD\SEPTIMO_CICLO\DESARROLLO DE SOFTWARE\ACTIVIDADES DE CLASE\GRUPO-9\Servidor\apache-tomcat-9.0.69\webapps\ROOT] de la aplicación web
16-Apr-2024 16:13:13.184 INFO [main] org.apache.catalina.startup.HostConfig.deployDirectory Deployment of web application directory [C:\Users\andrew\Documents\UNIVERSIDAD\SEPTIMO_CICLO\DESARROLLO DE SOFTWARE\ACTIVIDADES DE CLASE\GRUPO-9\Servidor\apache-tomcat-9.0.69\webapps\ROOT] has finished in [35] ms
16-Apr-2024 16:13:13.190 INFO [main] org.apache.coyote.AbstractProtocol.start Starting ProtocolHandler ["http-nio-8080"]
16-Apr-2024 16:13:13.235 INFO [main] org.apache.catalina.startup.Catalina.start Server startup in [1328] milliseconds
16-Apr-2024 16:13:21.487 INFO [http-nio-8080-exec-4] org.apache.catalina.startup.HostConfig.undeploy Repliegue (undeploy) de la aplicación web que tiene como trayectoria de contexto [/DamasAmericanas]
16-Apr-2024 16:13:21.518 INFO [http-nio-8080-exec-9] org.apache.catalina.startup.HostConfig.deployDescriptor Desplieque del descriptor de configuración [C:\Users\andrew\Documents\UNIVERSIDAD\SEPTIMO_CICLO\DESARROLLO DE SOFTWARE\ACTIVIDADES DE CLASE\GRUPO-9\Servidor\apache-tomcat-9.0.69\conf\Catalina\localhost\DamasAmericanas.xml]
16-Apr-2024 16:13:21.520 WARNING [http-nio-8080-exec-9] org.apache.catalina.startup.HostConfig.deployDescriptor The path attribute with value [/DamasAmericanas] in deployment descriptor [C:\Users\andrew\Documents\UNIVERSIDAD\SEPTIMO_CICLO\DESARROLLO DE SOFTWARE\ACTIVIDADES DE CLASE\GRUPO-9\Servidor\apache-tomcat-9.0.69\conf\Catalina\localhost\DamasAmericanas.xml] has been ignored
16-Apr-2024 16:13:21.572 INFO [http-nio-8080-exec-9] org.apache.catalina.startup.HostConfig.deployDescriptor Deployment of deployment descriptor [C:\Users\andrew\Documents\UNIVERSIDAD\SEPTIMO_CICLO\DESARROLLO DE SOFTWARE\ACTIVIDADES DE CLASE\GRUPO-9\Servidor\apache-tomcat-9.0.69\conf\Catalina\localhost\DamasAmericanas.xml] has finished in [54] ms
16-Apr-2024 16:13:21.576 INFO [http-nio-8080-exec-7] org.apache.catalina.util.LifecycleBase.start The start() method was called on component [StandardEngine[Catalina].StandardHost[localhost].StandardContext[/DamasAmericanas]] after start() had already been called. The second call will be ignored.
16-Apr-2024 16:35:16.645 INFO [http-nio-8080-exec-20] org.apache.catalina.startup.HostConfig.undeploy Repliegue (undeploy) de la aplicación web que tiene como trayectoria de contexto [/DamasAmericanas]
16-Apr-2024 17:59:57.100 INFO [http-nio-8080-exec-27] org.apache.catalina.startup.HostConfig.deployDescriptor Desplieque del descriptor de configuración [C:\Users\andrew\Documents\UNIVERSIDAD\SEPTIMO_CICLO\DESARROLLO DE SOFTWARE\ACTIVIDADES DE CLASE\GRUPO-9\Servidor\apache-tomcat-9.0.69\conf\Catalina\localhost\DamasAmericanas.xml]
16-Apr-2024 17:59:57.134 WARNING [http-nio-8080-exec-27] org.apache.catalina.startup.HostConfig.deployDescriptor The path attribute with value [/DamasAmericanas] in deployment descriptor [C:\Users\andrew\Documents\UNIVERSIDAD\SEPTIMO_CICLO\DESARROLLO DE SOFTWARE\ACTIVIDADES DE CLASE\GRUPO-9\Servidor\apache-tomcat-9.0.69\conf\Catalina\localhost\DamasAmericanas.xml] has been ignored
16-Apr-2024 17:59:58.803 INFO [http-nio-8080-exec-27] org.apache.jasper.servlet.TldScanner.scanJars Al menos un JAR, que se ha explorado buscando TLDs, aún no contenía TLDs. Activar historial de depuración para este historiador para una completa lista de los JARs que fueron explorados y de los que nos se halló TLDs. Saltarse JARs no necesarios durante la exploración puede dar lugar a una mejora de tiempo significativa en el arranque y compilación de JSP .
16-Apr-2024 17:59:58.810 INFO [http-nio-8080-exec-27] org.apache.catalina.startup.HostConfig.deployDescriptor Deployment of deployment descriptor [C:\Users\andrew\Documents\UNIVERSIDAD\SEPTIMO_CICLO\DESARROLLO DE SOFTWARE\ACTIVIDADES DE CLASE\GRUPO-9\Servidor\apache-tomcat-9.0.69\conf\Catalina\localhost\DamasAmericanas.xml] has finished in [1.709] ms
16-Apr-2024 17:59:58.814 INFO [http-nio-8080-exec-26] org.apache.catalina.util.LifecycleBase.start The start() method was called on component [StandardEngine[Catalina].StandardHost[localhost].StandardContext[/DamasAmericanas]] after start() had already been called. The second call will be ignored.
16-Apr-2024 18:10:45.174 WARNING [http-nio-8080-exec-26] org.apache.catalina.loader.WebappClassLoaderBase.clearReferencesJdbc La aplicación web [DamasAmericanas] registró el conductor JDBC [com.mysql.cj.jdbc.Driver] pero falló al anular el registro mientras la aplicación web estaba parada. Para prevenir un fallo de memoria, se ha anulado el registro del conductor JDBC por la fuerza.
16-Apr-2024 18:10:45.175 WARNING [http-nio-8080-exec-26] org.apache.catalina.loader.WebappClassLoaderBase.clearReferencesThreads The web application [DamasAmericanas] appears to have started a thread named [mysql-cj-abandoned-connection-cleanup] but has failed to stop it. This is very likely to create a memory leak. Stack trace of thread:
 java.base/jdk.internal.misc.Unsafe.park(Native Method)
 java.base/java.util.concurrent.locks.LockSupport.parkNanos(LockSupport.java:269)
 java.base/java.util.concurrent.locks.AbstractQueuedSynchronizer$ConditionObject.await(AbstractQueuedSynchronizer.java:1847)
 java.base/java.lang.ref.ReferenceQueue.await(ReferenceQueue.java:71)
 java.base/java.lang.ref.ReferenceQueue.remove0(ReferenceQueue.java:143)
 java.base/java.lang.ref.ReferenceQueue.remove(ReferenceQueue.java:218)
 com.mysql.cj.jdbc.AbandonedConnectionCleanupThread.run(AbandonedConnectionCleanupThread.java:85)
 java.base/java.util.concurrent.ThreadPoolExecutor.runWorker(ThreadPoolExecutor.java:1144)
 java.base/java.util.concurrent.ThreadPoolExecutor$Worker.run(ThreadPoolExecutor.java:642)
 java.base/java.lang.Thread.run(Thread.java:1623)
16-Apr-2024 18:10:45.685 INFO [http-nio-8080-exec-26] org.apache.catalina.startup.HostConfig.undeploy Repliegue (undeploy) de la aplicación web que tiene como trayectoria de contexto [/DamasAmericanas]
16-Apr-2024 18:10:45.704 INFO [http-nio-8080-exec-28] org.apache.catalina.startup.HostConfig.deployDescriptor Desplieque del descriptor de configuración [C:\Users\andrew\Documents\UNIVERSIDAD\SEPTIMO_CICLO\DESARROLLO DE SOFTWARE\ACTIVIDADES DE CLASE\GRUPO-9\Servidor\apache-tomcat-9.0.69\conf\Catalina\localhost\DamasAmericanas.xml]
16-Apr-2024 18:10:45.706 WARNING [http-nio-8080-exec-28] org.apache.catalina.startup.HostConfig.deployDescriptor The path attribute with value [/DamasAmericanas] in deployment descriptor [C:\Users\andrew\Documents\UNIVERSIDAD\SEPTIMO_CICLO\DESARROLLO DE SOFTWARE\ACTIVIDADES DE CLASE\GRUPO-9\Servidor\apache-tomcat-9.0.69\conf\Catalina\localhost\DamasAmericanas.xml] has been ignored
16-Apr-2024 18:10:45.846 INFO [mysql-cj-abandoned-connection-cleanup] org.apache.catalina.loader.WebappClassLoaderBase.checkStateForResourceLoading Acceso ilegal: esta instancia de aplicación web ya ha sido parada.  Could not load [].  La eventual traza de pila que sigue ha sido motivada por un error lanzado con motivos de depuración así como para intentar terminar el hilo que motivó el acceso ilegal y no tiene impacto funcional.
	java.lang.IllegalStateException: Acceso ilegal: esta instancia de aplicación web ya ha sido parada.  Could not load [].  La eventual traza de pila que sigue ha sido motivada por un error lanzado con motivos de depuración así como para intentar terminar el hilo que motivó el acceso ilegal y no tiene impacto funcional.
		at org.apache.catalina.loader.WebappClassLoaderBase.checkStateForResourceLoading(WebappClassLoaderBase.java:1432)
		at org.apache.catalina.loader.WebappClassLoaderBase.getResource(WebappClassLoaderBase.java:1057)
		at com.mysql.cj.jdbc.AbandonedConnectionCleanupThread.checkThreadContextClassLoader(AbandonedConnectionCleanupThread.java:117)
		at com.mysql.cj.jdbc.AbandonedConnectionCleanupThread.run(AbandonedConnectionCleanupThread.java:84)
		at java.base/java.util.concurrent.ThreadPoolExecutor.runWorker(ThreadPoolExecutor.java:1144)
		at java.base/java.util.concurrent.ThreadPoolExecutor$Worker.run(ThreadPoolExecutor.java:642)
		at java.base/java.lang.Thread.run(Thread.java:1623)
16-Apr-2024 18:10:46.692 INFO [http-nio-8080-exec-28] org.apache.jasper.servlet.TldScanner.scanJars Al menos un JAR, que se ha explorado buscando TLDs, aún no contenía TLDs. Activar historial de depuración para este historiador para una completa lista de los JARs que fueron explorados y de los que nos se halló TLDs. Saltarse JARs no necesarios durante la exploración puede dar lugar a una mejora de tiempo significativa en el arranque y compilación de JSP .
16-Apr-2024 18:10:46.695 INFO [http-nio-8080-exec-28] org.apache.catalina.startup.HostConfig.deployDescriptor Deployment of deployment descriptor [C:\Users\andrew\Documents\UNIVERSIDAD\SEPTIMO_CICLO\DESARROLLO DE SOFTWARE\ACTIVIDADES DE CLASE\GRUPO-9\Servidor\apache-tomcat-9.0.69\conf\Catalina\localhost\DamasAmericanas.xml] has finished in [991] ms
16-Apr-2024 18:10:46.699 INFO [http-nio-8080-exec-24] org.apache.catalina.util.LifecycleBase.start The start() method was called on component [StandardEngine[Catalina].StandardHost[localhost].StandardContext[/DamasAmericanas]] after start() had already been called. The second call will be ignored.
16-Apr-2024 18:13:01.955 INFO [main] org.apache.catalina.core.StandardServer.await Se ha recibido un comando de apagado a través del puerto de apagado. Parando la instancia del Servidor.
16-Apr-2024 18:13:01.955 INFO [main] org.apache.coyote.AbstractProtocol.pause Pausing ProtocolHandler ["http-nio-8080"]
16-Apr-2024 18:13:01.964 INFO [main] org.apache.catalina.core.StandardService.stopInternal Parando servicio [Catalina]
16-Apr-2024 18:13:01.984 WARNING [main] org.apache.catalina.loader.WebappClassLoaderBase.clearReferencesJdbc La aplicación web [DamasAmericanas] registró el conductor JDBC [com.mysql.cj.jdbc.Driver] pero falló al anular el registro mientras la aplicación web estaba parada. Para prevenir un fallo de memoria, se ha anulado el registro del conductor JDBC por la fuerza.
16-Apr-2024 18:13:01.984 WARNING [main] org.apache.catalina.loader.WebappClassLoaderBase.clearReferencesThreads The web application [DamasAmericanas] appears to have started a thread named [mysql-cj-abandoned-connection-cleanup] but has failed to stop it. This is very likely to create a memory leak. Stack trace of thread:
 java.base/jdk.internal.misc.Unsafe.park(Native Method)
 java.base/java.util.concurrent.locks.LockSupport.parkNanos(LockSupport.java:269)
 java.base/java.util.concurrent.locks.AbstractQueuedSynchronizer$ConditionObject.await(AbstractQueuedSynchronizer.java:1847)
 java.base/java.lang.ref.ReferenceQueue.await(ReferenceQueue.java:71)
 java.base/java.lang.ref.ReferenceQueue.remove0(ReferenceQueue.java:143)
 java.base/java.lang.ref.ReferenceQueue.remove(ReferenceQueue.java:218)
 com.mysql.cj.jdbc.AbandonedConnectionCleanupThread.run(AbandonedConnectionCleanupThread.java:85)
 java.base/java.util.concurrent.ThreadPoolExecutor.runWorker(ThreadPoolExecutor.java:1144)
 java.base/java.util.concurrent.ThreadPoolExecutor$Worker.run(ThreadPoolExecutor.java:642)
 java.base/java.lang.Thread.run(Thread.java:1623)
16-Apr-2024 18:13:01.991 INFO [main] org.apache.coyote.AbstractProtocol.stop Stopping ProtocolHandler ["http-nio-8080"]
16-Apr-2024 18:13:02.004 INFO [main] org.apache.coyote.AbstractProtocol.destroy Destroying ProtocolHandler ["http-nio-8080"]
