08-Apr-2024 11:03:57.024 INFO [main] org.apache.catalina.startup.VersionLoggerListener.log Nombre de la versión del servidor: Apache Tomcat/9.0.69
08-Apr-2024 11:03:57.030 INFO [main] org.apache.catalina.startup.VersionLoggerListener.log Server built:                      Nov 9 2022 18:43:47 UTC
08-Apr-2024 11:03:57.030 INFO [main] org.apache.catalina.startup.VersionLoggerListener.log Número de versión de servidor:     9.0.69.0
08-Apr-2024 11:03:57.031 INFO [main] org.apache.catalina.startup.VersionLoggerListener.log OS Name:                           Windows 11
08-Apr-2024 11:03:57.031 INFO [main] org.apache.catalina.startup.VersionLoggerListener.log Versión de Systema Operativo:      10.0
08-Apr-2024 11:03:57.031 INFO [main] org.apache.catalina.startup.VersionLoggerListener.log Arquitectura:                      amd64
08-Apr-2024 11:03:57.031 INFO [main] org.apache.catalina.startup.VersionLoggerListener.log Java Home:                         C:\Program Files\Java\jdk-20
08-Apr-2024 11:03:57.031 INFO [main] org.apache.catalina.startup.VersionLoggerListener.log JVM Version:                       20.0.2+9-78
08-Apr-2024 11:03:57.031 INFO [main] org.apache.catalina.startup.VersionLoggerListener.log Vededor JVM:                       Oracle Corporation
08-Apr-2024 11:03:57.031 INFO [main] org.apache.catalina.startup.VersionLoggerListener.log CATALINA_BASE:                     C:\Users\andrew\Documents\UNIVERSIDAD\SEPTIMO_CICLO\DESARROLLO DE SOFTWARE\ACTIVIDADES DE CLASE\GRUPO-9\Servidor\apache-tomcat-9.0.69
08-Apr-2024 11:03:57.031 INFO [main] org.apache.catalina.startup.VersionLoggerListener.log CATALINA_HOME:                     C:\Users\andrew\Documents\UNIVERSIDAD\SEPTIMO_CICLO\DESARROLLO DE SOFTWARE\ACTIVIDADES DE CLASE\GRUPO-9\Servidor\apache-tomcat-9.0.69
08-Apr-2024 11:03:57.056 INFO [main] org.apache.catalina.startup.VersionLoggerListener.log Command line argument:             --add-opens=java.base/java.lang=ALL-UNNAMED
08-Apr-2024 11:03:57.056 INFO [main] org.apache.catalina.startup.VersionLoggerListener.log Command line argument:             --add-opens=java.base/java.io=ALL-UNNAMED
08-Apr-2024 11:03:57.056 INFO [main] org.apache.catalina.startup.VersionLoggerListener.log Command line argument:             --add-opens=java.base/java.util=ALL-UNNAMED
08-Apr-2024 11:03:57.056 INFO [main] org.apache.catalina.startup.VersionLoggerListener.log Command line argument:             --add-opens=java.base/java.util.concurrent=ALL-UNNAMED
08-Apr-2024 11:03:57.056 INFO [main] org.apache.catalina.startup.VersionLoggerListener.log Command line argument:             --add-opens=java.rmi/sun.rmi.transport=ALL-UNNAMED
08-Apr-2024 11:03:57.057 INFO [main] org.apache.catalina.startup.VersionLoggerListener.log Command line argument:             -Djava.util.logging.config.file=C:\Users\andrew\Documents\UNIVERSIDAD\SEPTIMO_CICLO\DESARROLLO DE SOFTWARE\ACTIVIDADES DE CLASE\GRUPO-9\Servidor\apache-tomcat-9.0.69\conf\logging.properties
08-Apr-2024 11:03:57.057 INFO [main] org.apache.catalina.startup.VersionLoggerListener.log Command line argument:             -Djava.util.logging.manager=org.apache.juli.ClassLoaderLogManager
08-Apr-2024 11:03:57.057 INFO [main] org.apache.catalina.startup.VersionLoggerListener.log Command line argument:             -Djdk.tls.ephemeralDHKeySize=2048
08-Apr-2024 11:03:57.057 INFO [main] org.apache.catalina.startup.VersionLoggerListener.log Command line argument:             -Djava.protocol.handler.pkgs=org.apache.catalina.webresources
08-Apr-2024 11:03:57.057 INFO [main] org.apache.catalina.startup.VersionLoggerListener.log Command line argument:             -Dignore.endorsed.dirs=
08-Apr-2024 11:03:57.057 INFO [main] org.apache.catalina.startup.VersionLoggerListener.log Command line argument:             -Dcatalina.base=C:\Users\andrew\Documents\UNIVERSIDAD\SEPTIMO_CICLO\DESARROLLO DE SOFTWARE\ACTIVIDADES DE CLASE\GRUPO-9\Servidor\apache-tomcat-9.0.69
08-Apr-2024 11:03:57.057 INFO [main] org.apache.catalina.startup.VersionLoggerListener.log Command line argument:             -Dcatalina.home=C:\Users\andrew\Documents\UNIVERSIDAD\SEPTIMO_CICLO\DESARROLLO DE SOFTWARE\ACTIVIDADES DE CLASE\GRUPO-9\Servidor\apache-tomcat-9.0.69
08-Apr-2024 11:03:57.057 INFO [main] org.apache.catalina.startup.VersionLoggerListener.log Command line argument:             -Djava.io.tmpdir=C:\Users\andrew\Documents\UNIVERSIDAD\SEPTIMO_CICLO\DESARROLLO DE SOFTWARE\ACTIVIDADES DE CLASE\GRUPO-9\Servidor\apache-tomcat-9.0.69\temp
08-Apr-2024 11:03:57.070 INFO [main] org.apache.catalina.core.AprLifecycleListener.lifecycleEvent La biblioteca nativa de Apache Tomcat basada en ARP que permite un rendimiento óptimo en entornos de desarrollo no ha sido hallada en java.library.path: [C:\Program Files\Java\jdk-20\bin;C:\Windows\Sun\Java\bin;C:\Windows\system32;C:\Windows;C:\Program Files\Common Files\Oracle\Java\javapath;C:\Windows\system32;C:\Windows;C:\Windows\System32\Wbem;C:\Windows\System32\WindowsPowerShell\v1.0\;C:\Windows\System32\OpenSSH\;C:\msys64\mingw64\bin;C:\Program Files (x86)\NoteBook FanControl\;C:\Program Files (x86)\Rational\common;C:\Program Files\Git\cmd;C:\Users\andrew\AppData\Local\Programs\Python\Python311\Scripts\;C:\Users\andrew\AppData\Local\Programs\Python\Python311\;C:\Users\andrew\AppData\Local\Microsoft\WindowsApps;C:\msys64\mingw64\bin;C:\Users\andrew\AppData\Local\Programs\Microsoft VS Code\bin;C:\Users\andrew\AppData\Local\Programs\Julia-1.9.3\bin;;C:\Program Files\JetBrains\IntelliJ IDEA 2023.2.5\bin;;.]
08-Apr-2024 11:03:57.769 INFO [main] org.apache.coyote.AbstractProtocol.init Inicializando el manejador de protocolo ["http-nio-8080"]

08-Apr-2024 11:03:57.833 INFO [main] org.apache.catalina.startup.Catalina.load Server initialization in [1111] milliseconds
08-Apr-2024 11:03:58.041 INFO [main] org.apache.catalina.core.StandardService.startInternal Arrancando servicio [Catalina]
08-Apr-2024 11:03:58.042 INFO [main] org.apache.catalina.core.StandardEngine.startInternal Starting Servlet engine: [Apache Tomcat/9.0.69]
08-Apr-2024 11:03:58.066 INFO [main] org.apache.catalina.startup.HostConfig.deployDescriptor Desplieque del descriptor de configuración [C:\Users\andrew\Documents\UNIVERSIDAD\SEPTIMO_CICLO\DESARROLLO DE SOFTWARE\ACTIVIDADES DE CLASE\GRUPO-9\Servidor\apache-tomcat-9.0.69\conf\Catalina\localhost\block.xml]
08-Apr-2024 11:03:58.123 WARNING [main] org.apache.catalina.startup.HostConfig.deployDescriptor The path attribute with value [/block] in deployment descriptor [C:\Users\andrew\Documents\UNIVERSIDAD\SEPTIMO_CICLO\DESARROLLO DE SOFTWARE\ACTIVIDADES DE CLASE\GRUPO-9\Servidor\apache-tomcat-9.0.69\conf\Catalina\localhost\block.xml] has been ignored
08-Apr-2024 11:03:58.138 WARNING [main] org.apache.catalina.startup.HostConfig.deployDescriptor Se ha especificado un docBase [C:\Users\andrew\Documents\UNIVERSIDAD\SEPTIMO_CICLO\DESARROLLO DE SOFTWARE\ACTIVIDADES DE CLASE\GRUPO-9\Servidor\apache-tomcat-9.0.69\webapps\home\andrews\Documents\SEPTIMO_CICLO\DESARROLLO DE SOFTWARE\COPIA\block\target\block-1.0-SNAPSHOT] dentro del appBase de la máquina y será ignorado
08-Apr-2024 11:03:58.217 SEVERE [main] org.apache.catalina.startup.HostConfig.deployDescriptor Error durante el despliegue del descriptor de configuración [C:\Users\andrew\Documents\UNIVERSIDAD\SEPTIMO_CICLO\DESARROLLO DE SOFTWARE\ACTIVIDADES DE CLASE\GRUPO-9\Servidor\apache-tomcat-9.0.69\conf\Catalina\localhost\block.xml]
	java.lang.IllegalStateException: Error starting child
		at org.apache.catalina.core.ContainerBase.addChildInternal(ContainerBase.java:729)
		at org.apache.catalina.core.ContainerBase.addChild(ContainerBase.java:698)
		at org.apache.catalina.core.StandardHost.addChild(StandardHost.java:696)
		at org.apache.catalina.startup.HostConfig.deployDescriptor(HostConfig.java:689)
		at org.apache.catalina.startup.HostConfig$DeployDescriptor.run(HostConfig.java:1888)
		at java.base/java.util.concurrent.Executors$RunnableAdapter.call(Executors.java:577)
		at java.base/java.util.concurrent.FutureTask.run(FutureTask.java:317)
		at org.apache.tomcat.util.threads.InlineExecutorService.execute(InlineExecutorService.java:75)
		at java.base/java.util.concurrent.AbstractExecutorService.submit(AbstractExecutorService.java:123)
		at org.apache.catalina.startup.HostConfig.deployDescriptors(HostConfig.java:582)
		at org.apache.catalina.startup.HostConfig.deployApps(HostConfig.java:472)
		at org.apache.catalina.startup.HostConfig.start(HostConfig.java:1617)
		at org.apache.catalina.startup.HostConfig.lifecycleEvent(HostConfig.java:318)
		at org.apache.catalina.util.LifecycleBase.fireLifecycleEvent(LifecycleBase.java:123)
		at org.apache.catalina.util.LifecycleBase.setStateInternal(LifecycleBase.java:423)
		at org.apache.catalina.util.LifecycleBase.setState(LifecycleBase.java:366)
		at org.apache.catalina.core.ContainerBase.startInternal(ContainerBase.java:943)
		at org.apache.catalina.core.StandardHost.startInternal(StandardHost.java:835)
		at org.apache.catalina.util.LifecycleBase.start(LifecycleBase.java:183)
		at org.apache.catalina.core.ContainerBase$StartChild.call(ContainerBase.java:1393)
		at org.apache.catalina.core.ContainerBase$StartChild.call(ContainerBase.java:1383)
		at java.base/java.util.concurrent.FutureTask.run(FutureTask.java:317)
		at org.apache.tomcat.util.threads.InlineExecutorService.execute(InlineExecutorService.java:75)
		at java.base/java.util.concurrent.AbstractExecutorService.submit(AbstractExecutorService.java:145)
		at org.apache.catalina.core.ContainerBase.startInternal(ContainerBase.java:916)
		at org.apache.catalina.core.StandardEngine.startInternal(StandardEngine.java:265)
		at org.apache.catalina.util.LifecycleBase.start(LifecycleBase.java:183)
		at org.apache.catalina.core.StandardService.startInternal(StandardService.java:430)
		at org.apache.catalina.util.LifecycleBase.start(LifecycleBase.java:183)
		at org.apache.catalina.core.StandardServer.startInternal(StandardServer.java:930)
		at org.apache.catalina.util.LifecycleBase.start(LifecycleBase.java:183)
		at org.apache.catalina.startup.Catalina.start(Catalina.java:772)
		at java.base/jdk.internal.reflect.DirectMethodHandleAccessor.invoke(DirectMethodHandleAccessor.java:104)
		at java.base/java.lang.reflect.Method.invoke(Method.java:578)
		at org.apache.catalina.startup.Bootstrap.start(Bootstrap.java:345)
		at org.apache.catalina.startup.Bootstrap.main(Bootstrap.java:476)
	Caused by: org.apache.catalina.LifecycleException: Failed to start component [org.apache.catalina.webresources.StandardRoot@4f4c4b1a]
		at org.apache.catalina.util.LifecycleBase.handleSubClassException(LifecycleBase.java:440)
		at org.apache.catalina.util.LifecycleBase.start(LifecycleBase.java:198)
		at org.apache.catalina.core.StandardContext.resourcesStart(StandardContext.java:4881)
		at org.apache.catalina.core.StandardContext.startInternal(StandardContext.java:5014)
		at org.apache.catalina.util.LifecycleBase.start(LifecycleBase.java:183)
		at org.apache.catalina.core.ContainerBase.addChildInternal(ContainerBase.java:726)
		... 35 more
	Caused by: java.lang.IllegalArgumentException: The main resource set specified [C:\Users\andrew\Documents\UNIVERSIDAD\SEPTIMO_CICLO\DESARROLLO DE SOFTWARE\ACTIVIDADES DE CLASE\GRUPO-9\Servidor\apache-tomcat-9.0.69\webapps\block] is not valid
		at org.apache.catalina.webresources.StandardRoot.createMainResourceSet(StandardRoot.java:777)
		at org.apache.catalina.webresources.StandardRoot.startInternal(StandardRoot.java:734)
		at org.apache.catalina.util.LifecycleBase.start(LifecycleBase.java:183)
		... 39 more
08-Apr-2024 11:03:58.272 INFO [main] org.apache.catalina.startup.HostConfig.deployDescriptor Deployment of deployment descriptor [C:\Users\andrew\Documents\UNIVERSIDAD\SEPTIMO_CICLO\DESARROLLO DE SOFTWARE\ACTIVIDADES DE CLASE\GRUPO-9\Servidor\apache-tomcat-9.0.69\conf\Catalina\localhost\block.xml] has finished in [197] ms
08-Apr-2024 11:03:58.274 INFO [main] org.apache.catalina.startup.HostConfig.deployDirectory Desplegando el directorio [C:\Users\andrew\Documents\UNIVERSIDAD\SEPTIMO_CICLO\DESARROLLO DE SOFTWARE\ACTIVIDADES DE CLASE\GRUPO-9\Servidor\apache-tomcat-9.0.69\webapps\docs] de la aplicación web
08-Apr-2024 11:03:58.868 INFO [main] org.apache.catalina.startup.HostConfig.deployDirectory Deployment of web application directory [C:\Users\andrew\Documents\UNIVERSIDAD\SEPTIMO_CICLO\DESARROLLO DE SOFTWARE\ACTIVIDADES DE CLASE\GRUPO-9\Servidor\apache-tomcat-9.0.69\webapps\docs] has finished in [593] ms
08-Apr-2024 11:03:58.868 INFO [main] org.apache.catalina.startup.HostConfig.deployDirectory Desplegando el directorio [C:\Users\andrew\Documents\UNIVERSIDAD\SEPTIMO_CICLO\DESARROLLO DE SOFTWARE\ACTIVIDADES DE CLASE\GRUPO-9\Servidor\apache-tomcat-9.0.69\webapps\examples] de la aplicación web
08-Apr-2024 11:03:59.450 INFO [main] org.apache.catalina.startup.HostConfig.deployDirectory Deployment of web application directory [C:\Users\andrew\Documents\UNIVERSIDAD\SEPTIMO_CICLO\DESARROLLO DE SOFTWARE\ACTIVIDADES DE CLASE\GRUPO-9\Servidor\apache-tomcat-9.0.69\webapps\examples] has finished in [581] ms
08-Apr-2024 11:03:59.450 INFO [main] org.apache.catalina.startup.HostConfig.deployDirectory Desplegando el directorio [C:\Users\andrew\Documents\UNIVERSIDAD\SEPTIMO_CICLO\DESARROLLO DE SOFTWARE\ACTIVIDADES DE CLASE\GRUPO-9\Servidor\apache-tomcat-9.0.69\webapps\host-manager] de la aplicación web
08-Apr-2024 11:03:59.513 INFO [main] org.apache.catalina.startup.HostConfig.deployDirectory Deployment of web application directory [C:\Users\andrew\Documents\UNIVERSIDAD\SEPTIMO_CICLO\DESARROLLO DE SOFTWARE\ACTIVIDADES DE CLASE\GRUPO-9\Servidor\apache-tomcat-9.0.69\webapps\host-manager] has finished in [63] ms
08-Apr-2024 11:03:59.513 INFO [main] org.apache.catalina.startup.HostConfig.deployDirectory Desplegando el directorio [C:\Users\andrew\Documents\UNIVERSIDAD\SEPTIMO_CICLO\DESARROLLO DE SOFTWARE\ACTIVIDADES DE CLASE\GRUPO-9\Servidor\apache-tomcat-9.0.69\webapps\manager] de la aplicación web
08-Apr-2024 11:03:59.567 INFO [main] org.apache.catalina.startup.HostConfig.deployDirectory Deployment of web application directory [C:\Users\andrew\Documents\UNIVERSIDAD\SEPTIMO_CICLO\DESARROLLO DE SOFTWARE\ACTIVIDADES DE CLASE\GRUPO-9\Servidor\apache-tomcat-9.0.69\webapps\manager] has finished in [54] ms
08-Apr-2024 11:03:59.568 INFO [main] org.apache.catalina.startup.HostConfig.deployDirectory Desplegando el directorio [C:\Users\andrew\Documents\UNIVERSIDAD\SEPTIMO_CICLO\DESARROLLO DE SOFTWARE\ACTIVIDADES DE CLASE\GRUPO-9\Servidor\apache-tomcat-9.0.69\webapps\ROOT] de la aplicación web
08-Apr-2024 11:03:59.600 INFO [main] org.apache.catalina.startup.HostConfig.deployDirectory Deployment of web application directory [C:\Users\andrew\Documents\UNIVERSIDAD\SEPTIMO_CICLO\DESARROLLO DE SOFTWARE\ACTIVIDADES DE CLASE\GRUPO-9\Servidor\apache-tomcat-9.0.69\webapps\ROOT] has finished in [32] ms
08-Apr-2024 11:03:59.603 INFO [main] org.apache.coyote.AbstractProtocol.start Starting ProtocolHandler ["http-nio-8080"]
08-Apr-2024 11:03:59.644 INFO [main] org.apache.catalina.startup.Catalina.start Server startup in [1806] milliseconds
08-Apr-2024 11:04:08.664 INFO [http-nio-8080-exec-9] org.apache.catalina.startup.HostConfig.deployDescriptor Desplieque del descriptor de configuración [C:\Users\andrew\Documents\UNIVERSIDAD\SEPTIMO_CICLO\DESARROLLO DE SOFTWARE\ACTIVIDADES DE CLASE\GRUPO-9\Servidor\apache-tomcat-9.0.69\conf\Catalina\localhost\DamasAmericanas.xml]
08-Apr-2024 11:04:08.665 WARNING [http-nio-8080-exec-9] org.apache.catalina.startup.HostConfig.deployDescriptor The path attribute with value [/DamasAmericanas] in deployment descriptor [C:\Users\andrew\Documents\UNIVERSIDAD\SEPTIMO_CICLO\DESARROLLO DE SOFTWARE\ACTIVIDADES DE CLASE\GRUPO-9\Servidor\apache-tomcat-9.0.69\conf\Catalina\localhost\DamasAmericanas.xml] has been ignored
08-Apr-2024 11:04:08.739 INFO [http-nio-8080-exec-9] org.apache.catalina.startup.HostConfig.deployDescriptor Deployment of deployment descriptor [C:\Users\andrew\Documents\UNIVERSIDAD\SEPTIMO_CICLO\DESARROLLO DE SOFTWARE\ACTIVIDADES DE CLASE\GRUPO-9\Servidor\apache-tomcat-9.0.69\conf\Catalina\localhost\DamasAmericanas.xml] has finished in [75] ms
08-Apr-2024 11:04:08.745 INFO [http-nio-8080-exec-10] org.apache.catalina.util.LifecycleBase.start The start() method was called on component [StandardEngine[Catalina].StandardHost[localhost].StandardContext[/DamasAmericanas]] after start() had already been called. The second call will be ignored.
08-Apr-2024 12:33:12.104 INFO [main] org.apache.catalina.core.StandardServer.await Se ha recibido un comando de apagado a través del puerto de apagado. Parando la instancia del Servidor.
08-Apr-2024 12:33:12.109 INFO [main] org.apache.coyote.AbstractProtocol.pause Pausing ProtocolHandler ["http-nio-8080"]
08-Apr-2024 12:33:12.146 INFO [main] org.apache.catalina.core.StandardService.stopInternal Parando servicio [Catalina]
08-Apr-2024 12:33:12.201 INFO [main] org.apache.coyote.AbstractProtocol.stop Stopping ProtocolHandler ["http-nio-8080"]
08-Apr-2024 12:33:12.216 INFO [main] org.apache.coyote.AbstractProtocol.destroy Destroying ProtocolHandler ["http-nio-8080"]
08-Apr-2024 16:08:27.771 INFO [main] org.apache.catalina.startup.VersionLoggerListener.log Nombre de la versión del servidor: Apache Tomcat/9.0.69
08-Apr-2024 16:08:27.788 INFO [main] org.apache.catalina.startup.VersionLoggerListener.log Server built:                      Nov 9 2022 18:43:47 UTC
08-Apr-2024 16:08:27.788 INFO [main] org.apache.catalina.startup.VersionLoggerListener.log Número de versión de servidor:     9.0.69.0
08-Apr-2024 16:08:27.788 INFO [main] org.apache.catalina.startup.VersionLoggerListener.log OS Name:                           Windows 11
08-Apr-2024 16:08:27.788 INFO [main] org.apache.catalina.startup.VersionLoggerListener.log Versión de Systema Operativo:      10.0
08-Apr-2024 16:08:27.789 INFO [main] org.apache.catalina.startup.VersionLoggerListener.log Arquitectura:                      amd64
08-Apr-2024 16:08:27.789 INFO [main] org.apache.catalina.startup.VersionLoggerListener.log Java Home:                         C:\Program Files\Java\jdk-20
08-Apr-2024 16:08:27.789 INFO [main] org.apache.catalina.startup.VersionLoggerListener.log JVM Version:                       20.0.2+9-78
08-Apr-2024 16:08:27.789 INFO [main] org.apache.catalina.startup.VersionLoggerListener.log Vededor JVM:                       Oracle Corporation
08-Apr-2024 16:08:27.789 INFO [main] org.apache.catalina.startup.VersionLoggerListener.log CATALINA_BASE:                     C:\Users\andrew\Documents\UNIVERSIDAD\SEPTIMO_CICLO\DESARROLLO DE SOFTWARE\ACTIVIDADES DE CLASE\GRUPO-9\Servidor\apache-tomcat-9.0.69
08-Apr-2024 16:08:27.789 INFO [main] org.apache.catalina.startup.VersionLoggerListener.log CATALINA_HOME:                     C:\Users\andrew\Documents\UNIVERSIDAD\SEPTIMO_CICLO\DESARROLLO DE SOFTWARE\ACTIVIDADES DE CLASE\GRUPO-9\Servidor\apache-tomcat-9.0.69
08-Apr-2024 16:08:27.855 INFO [main] org.apache.catalina.startup.VersionLoggerListener.log Command line argument:             --add-opens=java.base/java.lang=ALL-UNNAMED
08-Apr-2024 16:08:27.855 INFO [main] org.apache.catalina.startup.VersionLoggerListener.log Command line argument:             --add-opens=java.base/java.io=ALL-UNNAMED
08-Apr-2024 16:08:27.855 INFO [main] org.apache.catalina.startup.VersionLoggerListener.log Command line argument:             --add-opens=java.base/java.util=ALL-UNNAMED
08-Apr-2024 16:08:27.855 INFO [main] org.apache.catalina.startup.VersionLoggerListener.log Command line argument:             --add-opens=java.base/java.util.concurrent=ALL-UNNAMED
08-Apr-2024 16:08:27.856 INFO [main] org.apache.catalina.startup.VersionLoggerListener.log Command line argument:             --add-opens=java.rmi/sun.rmi.transport=ALL-UNNAMED
08-Apr-2024 16:08:27.856 INFO [main] org.apache.catalina.startup.VersionLoggerListener.log Command line argument:             -Djava.util.logging.config.file=C:\Users\andrew\Documents\UNIVERSIDAD\SEPTIMO_CICLO\DESARROLLO DE SOFTWARE\ACTIVIDADES DE CLASE\GRUPO-9\Servidor\apache-tomcat-9.0.69\conf\logging.properties
08-Apr-2024 16:08:27.856 INFO [main] org.apache.catalina.startup.VersionLoggerListener.log Command line argument:             -Djava.util.logging.manager=org.apache.juli.ClassLoaderLogManager
08-Apr-2024 16:08:27.856 INFO [main] org.apache.catalina.startup.VersionLoggerListener.log Command line argument:             -Djdk.tls.ephemeralDHKeySize=2048
08-Apr-2024 16:08:27.856 INFO [main] org.apache.catalina.startup.VersionLoggerListener.log Command line argument:             -Djava.protocol.handler.pkgs=org.apache.catalina.webresources
08-Apr-2024 16:08:27.856 INFO [main] org.apache.catalina.startup.VersionLoggerListener.log Command line argument:             -Dignore.endorsed.dirs=
08-Apr-2024 16:08:27.856 INFO [main] org.apache.catalina.startup.VersionLoggerListener.log Command line argument:             -Dcatalina.base=C:\Users\andrew\Documents\UNIVERSIDAD\SEPTIMO_CICLO\DESARROLLO DE SOFTWARE\ACTIVIDADES DE CLASE\GRUPO-9\Servidor\apache-tomcat-9.0.69
08-Apr-2024 16:08:27.856 INFO [main] org.apache.catalina.startup.VersionLoggerListener.log Command line argument:             -Dcatalina.home=C:\Users\andrew\Documents\UNIVERSIDAD\SEPTIMO_CICLO\DESARROLLO DE SOFTWARE\ACTIVIDADES DE CLASE\GRUPO-9\Servidor\apache-tomcat-9.0.69
08-Apr-2024 16:08:27.857 INFO [main] org.apache.catalina.startup.VersionLoggerListener.log Command line argument:             -Djava.io.tmpdir=C:\Users\andrew\Documents\UNIVERSIDAD\SEPTIMO_CICLO\DESARROLLO DE SOFTWARE\ACTIVIDADES DE CLASE\GRUPO-9\Servidor\apache-tomcat-9.0.69\temp
08-Apr-2024 16:08:27.864 INFO [main] org.apache.catalina.core.AprLifecycleListener.lifecycleEvent La biblioteca nativa de Apache Tomcat basada en ARP que permite un rendimiento óptimo en entornos de desarrollo no ha sido hallada en java.library.path: [C:\Program Files\Java\jdk-20\bin;C:\Windows\Sun\Java\bin;C:\Windows\system32;C:\Windows;C:\Program Files\Common Files\Oracle\Java\javapath;C:\Windows\system32;C:\Windows;C:\Windows\System32\Wbem;C:\Windows\System32\WindowsPowerShell\v1.0\;C:\Windows\System32\OpenSSH\;C:\msys64\mingw64\bin;C:\Program Files (x86)\NoteBook FanControl\;C:\Program Files (x86)\Rational\common;C:\Program Files\Git\cmd;C:\Users\andrew\AppData\Local\Programs\Python\Python311\Scripts\;C:\Users\andrew\AppData\Local\Programs\Python\Python311\;C:\Users\andrew\AppData\Local\Microsoft\WindowsApps;C:\msys64\mingw64\bin;C:\Users\andrew\AppData\Local\Programs\Microsoft VS Code\bin;C:\Users\andrew\AppData\Local\Programs\Julia-1.9.3\bin;;C:\Program Files\JetBrains\IntelliJ IDEA 2023.2.5\bin;;.]
08-Apr-2024 16:08:28.341 INFO [main] org.apache.coyote.AbstractProtocol.init Inicializando el manejador de protocolo ["http-nio-8080"]

08-Apr-2024 16:08:28.369 INFO [main] org.apache.catalina.startup.Catalina.load Server initialization in [1013] milliseconds
08-Apr-2024 16:08:28.443 INFO [main] org.apache.catalina.core.StandardService.startInternal Arrancando servicio [Catalina]
08-Apr-2024 16:08:28.444 INFO [main] org.apache.catalina.core.StandardEngine.startInternal Starting Servlet engine: [Apache Tomcat/9.0.69]
08-Apr-2024 16:08:28.461 INFO [main] org.apache.catalina.startup.HostConfig.deployDescriptor Desplieque del descriptor de configuración [C:\Users\andrew\Documents\UNIVERSIDAD\SEPTIMO_CICLO\DESARROLLO DE SOFTWARE\ACTIVIDADES DE CLASE\GRUPO-9\Servidor\apache-tomcat-9.0.69\conf\Catalina\localhost\block.xml]
08-Apr-2024 16:08:28.475 WARNING [main] org.apache.catalina.startup.HostConfig.deployDescriptor The path attribute with value [/block] in deployment descriptor [C:\Users\andrew\Documents\UNIVERSIDAD\SEPTIMO_CICLO\DESARROLLO DE SOFTWARE\ACTIVIDADES DE CLASE\GRUPO-9\Servidor\apache-tomcat-9.0.69\conf\Catalina\localhost\block.xml] has been ignored
08-Apr-2024 16:08:28.482 WARNING [main] org.apache.catalina.startup.HostConfig.deployDescriptor Se ha especificado un docBase [C:\Users\andrew\Documents\UNIVERSIDAD\SEPTIMO_CICLO\DESARROLLO DE SOFTWARE\ACTIVIDADES DE CLASE\GRUPO-9\Servidor\apache-tomcat-9.0.69\webapps\home\andrews\Documents\SEPTIMO_CICLO\DESARROLLO DE SOFTWARE\COPIA\block\target\block-1.0-SNAPSHOT] dentro del appBase de la máquina y será ignorado
08-Apr-2024 16:08:28.506 SEVERE [main] org.apache.catalina.startup.HostConfig.deployDescriptor Error durante el despliegue del descriptor de configuración [C:\Users\andrew\Documents\UNIVERSIDAD\SEPTIMO_CICLO\DESARROLLO DE SOFTWARE\ACTIVIDADES DE CLASE\GRUPO-9\Servidor\apache-tomcat-9.0.69\conf\Catalina\localhost\block.xml]
	java.lang.IllegalStateException: Error starting child
		at org.apache.catalina.core.ContainerBase.addChildInternal(ContainerBase.java:729)
		at org.apache.catalina.core.ContainerBase.addChild(ContainerBase.java:698)
		at org.apache.catalina.core.StandardHost.addChild(StandardHost.java:696)
		at org.apache.catalina.startup.HostConfig.deployDescriptor(HostConfig.java:689)
		at org.apache.catalina.startup.HostConfig$DeployDescriptor.run(HostConfig.java:1888)
		at java.base/java.util.concurrent.Executors$RunnableAdapter.call(Executors.java:577)
		at java.base/java.util.concurrent.FutureTask.run(FutureTask.java:317)
		at org.apache.tomcat.util.threads.InlineExecutorService.execute(InlineExecutorService.java:75)
		at java.base/java.util.concurrent.AbstractExecutorService.submit(AbstractExecutorService.java:123)
		at org.apache.catalina.startup.HostConfig.deployDescriptors(HostConfig.java:582)
		at org.apache.catalina.startup.HostConfig.deployApps(HostConfig.java:472)
		at org.apache.catalina.startup.HostConfig.start(HostConfig.java:1617)
		at org.apache.catalina.startup.HostConfig.lifecycleEvent(HostConfig.java:318)
		at org.apache.catalina.util.LifecycleBase.fireLifecycleEvent(LifecycleBase.java:123)
		at org.apache.catalina.util.LifecycleBase.setStateInternal(LifecycleBase.java:423)
		at org.apache.catalina.util.LifecycleBase.setState(LifecycleBase.java:366)
		at org.apache.catalina.core.ContainerBase.startInternal(ContainerBase.java:943)
		at org.apache.catalina.core.StandardHost.startInternal(StandardHost.java:835)
		at org.apache.catalina.util.LifecycleBase.start(LifecycleBase.java:183)
		at org.apache.catalina.core.ContainerBase$StartChild.call(ContainerBase.java:1393)
		at org.apache.catalina.core.ContainerBase$StartChild.call(ContainerBase.java:1383)
		at java.base/java.util.concurrent.FutureTask.run(FutureTask.java:317)
		at org.apache.tomcat.util.threads.InlineExecutorService.execute(InlineExecutorService.java:75)
		at java.base/java.util.concurrent.AbstractExecutorService.submit(AbstractExecutorService.java:145)
		at org.apache.catalina.core.ContainerBase.startInternal(ContainerBase.java:916)
		at org.apache.catalina.core.StandardEngine.startInternal(StandardEngine.java:265)
		at org.apache.catalina.util.LifecycleBase.start(LifecycleBase.java:183)
		at org.apache.catalina.core.StandardService.startInternal(StandardService.java:430)
		at org.apache.catalina.util.LifecycleBase.start(LifecycleBase.java:183)
		at org.apache.catalina.core.StandardServer.startInternal(StandardServer.java:930)
		at org.apache.catalina.util.LifecycleBase.start(LifecycleBase.java:183)
		at org.apache.catalina.startup.Catalina.start(Catalina.java:772)
		at java.base/jdk.internal.reflect.DirectMethodHandleAccessor.invoke(DirectMethodHandleAccessor.java:104)
		at java.base/java.lang.reflect.Method.invoke(Method.java:578)
		at org.apache.catalina.startup.Bootstrap.start(Bootstrap.java:345)
		at org.apache.catalina.startup.Bootstrap.main(Bootstrap.java:476)
	Caused by: org.apache.catalina.LifecycleException: Failed to start component [org.apache.catalina.webresources.StandardRoot@1c39680d]
		at org.apache.catalina.util.LifecycleBase.handleSubClassException(LifecycleBase.java:440)
		at org.apache.catalina.util.LifecycleBase.start(LifecycleBase.java:198)
		at org.apache.catalina.core.StandardContext.resourcesStart(StandardContext.java:4881)
		at org.apache.catalina.core.StandardContext.startInternal(StandardContext.java:5014)
		at org.apache.catalina.util.LifecycleBase.start(LifecycleBase.java:183)
		at org.apache.catalina.core.ContainerBase.addChildInternal(ContainerBase.java:726)
		... 35 more
	Caused by: java.lang.IllegalArgumentException: The main resource set specified [C:\Users\andrew\Documents\UNIVERSIDAD\SEPTIMO_CICLO\DESARROLLO DE SOFTWARE\ACTIVIDADES DE CLASE\GRUPO-9\Servidor\apache-tomcat-9.0.69\webapps\block] is not valid
		at org.apache.catalina.webresources.StandardRoot.createMainResourceSet(StandardRoot.java:777)
		at org.apache.catalina.webresources.StandardRoot.startInternal(StandardRoot.java:734)
		at org.apache.catalina.util.LifecycleBase.start(LifecycleBase.java:183)
		... 39 more
08-Apr-2024 16:08:28.575 INFO [main] org.apache.catalina.startup.HostConfig.deployDescriptor Deployment of deployment descriptor [C:\Users\andrew\Documents\UNIVERSIDAD\SEPTIMO_CICLO\DESARROLLO DE SOFTWARE\ACTIVIDADES DE CLASE\GRUPO-9\Servidor\apache-tomcat-9.0.69\conf\Catalina\localhost\block.xml] has finished in [110] ms
08-Apr-2024 16:08:28.575 INFO [main] org.apache.catalina.startup.HostConfig.deployDescriptor Desplieque del descriptor de configuración [C:\Users\andrew\Documents\UNIVERSIDAD\SEPTIMO_CICLO\DESARROLLO DE SOFTWARE\ACTIVIDADES DE CLASE\GRUPO-9\Servidor\apache-tomcat-9.0.69\conf\Catalina\localhost\DamasAmericanas.xml]
08-Apr-2024 16:08:28.577 WARNING [main] org.apache.catalina.startup.HostConfig.deployDescriptor The path attribute with value [/DamasAmericanas] in deployment descriptor [C:\Users\andrew\Documents\UNIVERSIDAD\SEPTIMO_CICLO\DESARROLLO DE SOFTWARE\ACTIVIDADES DE CLASE\GRUPO-9\Servidor\apache-tomcat-9.0.69\conf\Catalina\localhost\DamasAmericanas.xml] has been ignored
08-Apr-2024 16:08:29.143 INFO [main] org.apache.catalina.startup.HostConfig.deployDescriptor Deployment of deployment descriptor [C:\Users\andrew\Documents\UNIVERSIDAD\SEPTIMO_CICLO\DESARROLLO DE SOFTWARE\ACTIVIDADES DE CLASE\GRUPO-9\Servidor\apache-tomcat-9.0.69\conf\Catalina\localhost\DamasAmericanas.xml] has finished in [568] ms
08-Apr-2024 16:08:29.145 INFO [main] org.apache.catalina.startup.HostConfig.deployDirectory Desplegando el directorio [C:\Users\andrew\Documents\UNIVERSIDAD\SEPTIMO_CICLO\DESARROLLO DE SOFTWARE\ACTIVIDADES DE CLASE\GRUPO-9\Servidor\apache-tomcat-9.0.69\webapps\docs] de la aplicación web
08-Apr-2024 16:08:29.227 INFO [main] org.apache.catalina.startup.HostConfig.deployDirectory Deployment of web application directory [C:\Users\andrew\Documents\UNIVERSIDAD\SEPTIMO_CICLO\DESARROLLO DE SOFTWARE\ACTIVIDADES DE CLASE\GRUPO-9\Servidor\apache-tomcat-9.0.69\webapps\docs] has finished in [82] ms
08-Apr-2024 16:08:29.227 INFO [main] org.apache.catalina.startup.HostConfig.deployDirectory Desplegando el directorio [C:\Users\andrew\Documents\UNIVERSIDAD\SEPTIMO_CICLO\DESARROLLO DE SOFTWARE\ACTIVIDADES DE CLASE\GRUPO-9\Servidor\apache-tomcat-9.0.69\webapps\examples] de la aplicación web
08-Apr-2024 16:08:29.839 INFO [main] org.apache.catalina.startup.HostConfig.deployDirectory Deployment of web application directory [C:\Users\andrew\Documents\UNIVERSIDAD\SEPTIMO_CICLO\DESARROLLO DE SOFTWARE\ACTIVIDADES DE CLASE\GRUPO-9\Servidor\apache-tomcat-9.0.69\webapps\examples] has finished in [612] ms
08-Apr-2024 16:08:29.839 INFO [main] org.apache.catalina.startup.HostConfig.deployDirectory Desplegando el directorio [C:\Users\andrew\Documents\UNIVERSIDAD\SEPTIMO_CICLO\DESARROLLO DE SOFTWARE\ACTIVIDADES DE CLASE\GRUPO-9\Servidor\apache-tomcat-9.0.69\webapps\host-manager] de la aplicación web
08-Apr-2024 16:08:29.892 INFO [main] org.apache.catalina.startup.HostConfig.deployDirectory Deployment of web application directory [C:\Users\andrew\Documents\UNIVERSIDAD\SEPTIMO_CICLO\DESARROLLO DE SOFTWARE\ACTIVIDADES DE CLASE\GRUPO-9\Servidor\apache-tomcat-9.0.69\webapps\host-manager] has finished in [53] ms
08-Apr-2024 16:08:29.892 INFO [main] org.apache.catalina.startup.HostConfig.deployDirectory Desplegando el directorio [C:\Users\andrew\Documents\UNIVERSIDAD\SEPTIMO_CICLO\DESARROLLO DE SOFTWARE\ACTIVIDADES DE CLASE\GRUPO-9\Servidor\apache-tomcat-9.0.69\webapps\manager] de la aplicación web
08-Apr-2024 16:08:29.942 INFO [main] org.apache.catalina.startup.HostConfig.deployDirectory Deployment of web application directory [C:\Users\andrew\Documents\UNIVERSIDAD\SEPTIMO_CICLO\DESARROLLO DE SOFTWARE\ACTIVIDADES DE CLASE\GRUPO-9\Servidor\apache-tomcat-9.0.69\webapps\manager] has finished in [50] ms
08-Apr-2024 16:08:29.943 INFO [main] org.apache.catalina.startup.HostConfig.deployDirectory Desplegando el directorio [C:\Users\andrew\Documents\UNIVERSIDAD\SEPTIMO_CICLO\DESARROLLO DE SOFTWARE\ACTIVIDADES DE CLASE\GRUPO-9\Servidor\apache-tomcat-9.0.69\webapps\ROOT] de la aplicación web
08-Apr-2024 16:08:29.972 INFO [main] org.apache.catalina.startup.HostConfig.deployDirectory Deployment of web application directory [C:\Users\andrew\Documents\UNIVERSIDAD\SEPTIMO_CICLO\DESARROLLO DE SOFTWARE\ACTIVIDADES DE CLASE\GRUPO-9\Servidor\apache-tomcat-9.0.69\webapps\ROOT] has finished in [29] ms
08-Apr-2024 16:08:29.976 INFO [main] org.apache.coyote.AbstractProtocol.start Starting ProtocolHandler ["http-nio-8080"]
08-Apr-2024 16:08:30.018 INFO [main] org.apache.catalina.startup.Catalina.start Server startup in [1646] milliseconds
08-Apr-2024 16:08:30.693 INFO [http-nio-8080-exec-3] org.apache.catalina.startup.HostConfig.undeploy Repliegue (undeploy) de la aplicación web que tiene como trayectoria de contexto [/DamasAmericanas]
08-Apr-2024 16:08:30.728 INFO [http-nio-8080-exec-2] org.apache.catalina.startup.HostConfig.deployDescriptor Desplieque del descriptor de configuración [C:\Users\andrew\Documents\UNIVERSIDAD\SEPTIMO_CICLO\DESARROLLO DE SOFTWARE\ACTIVIDADES DE CLASE\GRUPO-9\Servidor\apache-tomcat-9.0.69\conf\Catalina\localhost\DamasAmericanas.xml]
08-Apr-2024 16:08:30.730 WARNING [http-nio-8080-exec-2] org.apache.catalina.startup.HostConfig.deployDescriptor The path attribute with value [/DamasAmericanas] in deployment descriptor [C:\Users\andrew\Documents\UNIVERSIDAD\SEPTIMO_CICLO\DESARROLLO DE SOFTWARE\ACTIVIDADES DE CLASE\GRUPO-9\Servidor\apache-tomcat-9.0.69\conf\Catalina\localhost\DamasAmericanas.xml] has been ignored
08-Apr-2024 16:08:30.803 INFO [http-nio-8080-exec-2] org.apache.catalina.startup.HostConfig.deployDescriptor Deployment of deployment descriptor [C:\Users\andrew\Documents\UNIVERSIDAD\SEPTIMO_CICLO\DESARROLLO DE SOFTWARE\ACTIVIDADES DE CLASE\GRUPO-9\Servidor\apache-tomcat-9.0.69\conf\Catalina\localhost\DamasAmericanas.xml] has finished in [75] ms
08-Apr-2024 16:08:30.815 INFO [http-nio-8080-exec-4] org.apache.catalina.util.LifecycleBase.start The start() method was called on component [StandardEngine[Catalina].StandardHost[localhost].StandardContext[/DamasAmericanas]] after start() had already been called. The second call will be ignored.
08-Apr-2024 16:09:59.560 INFO [main] org.apache.catalina.core.StandardServer.await Se ha recibido un comando de apagado a través del puerto de apagado. Parando la instancia del Servidor.
08-Apr-2024 16:09:59.561 INFO [main] org.apache.coyote.AbstractProtocol.pause Pausing ProtocolHandler ["http-nio-8080"]
08-Apr-2024 16:09:59.570 INFO [main] org.apache.catalina.core.StandardService.stopInternal Parando servicio [Catalina]
08-Apr-2024 16:09:59.590 INFO [main] org.apache.coyote.AbstractProtocol.stop Stopping ProtocolHandler ["http-nio-8080"]
08-Apr-2024 16:09:59.604 INFO [main] org.apache.coyote.AbstractProtocol.destroy Destroying ProtocolHandler ["http-nio-8080"]
08-Apr-2024 16:13:00.657 INFO [main] org.apache.catalina.startup.VersionLoggerListener.log Nombre de la versión del servidor: Apache Tomcat/9.0.69
08-Apr-2024 16:13:00.663 INFO [main] org.apache.catalina.startup.VersionLoggerListener.log Server built:                      Nov 9 2022 18:43:47 UTC
08-Apr-2024 16:13:00.663 INFO [main] org.apache.catalina.startup.VersionLoggerListener.log Número de versión de servidor:     9.0.69.0
08-Apr-2024 16:13:00.663 INFO [main] org.apache.catalina.startup.VersionLoggerListener.log OS Name:                           Windows 11
08-Apr-2024 16:13:00.663 INFO [main] org.apache.catalina.startup.VersionLoggerListener.log Versión de Systema Operativo:      10.0
08-Apr-2024 16:13:00.663 INFO [main] org.apache.catalina.startup.VersionLoggerListener.log Arquitectura:                      amd64
08-Apr-2024 16:13:00.663 INFO [main] org.apache.catalina.startup.VersionLoggerListener.log Java Home:                         C:\Program Files\Java\jdk-20
08-Apr-2024 16:13:00.664 INFO [main] org.apache.catalina.startup.VersionLoggerListener.log JVM Version:                       20.0.2+9-78
08-Apr-2024 16:13:00.664 INFO [main] org.apache.catalina.startup.VersionLoggerListener.log Vededor JVM:                       Oracle Corporation
08-Apr-2024 16:13:00.664 INFO [main] org.apache.catalina.startup.VersionLoggerListener.log CATALINA_BASE:                     C:\Users\andrew\Documents\UNIVERSIDAD\SEPTIMO_CICLO\DESARROLLO DE SOFTWARE\ACTIVIDADES DE CLASE\GRUPO-9\Servidor\apache-tomcat-9.0.69
08-Apr-2024 16:13:00.664 INFO [main] org.apache.catalina.startup.VersionLoggerListener.log CATALINA_HOME:                     C:\Users\andrew\Documents\UNIVERSIDAD\SEPTIMO_CICLO\DESARROLLO DE SOFTWARE\ACTIVIDADES DE CLASE\GRUPO-9\Servidor\apache-tomcat-9.0.69
08-Apr-2024 16:13:00.676 INFO [main] org.apache.catalina.startup.VersionLoggerListener.log Command line argument:             --add-opens=java.base/java.lang=ALL-UNNAMED
08-Apr-2024 16:13:00.677 INFO [main] org.apache.catalina.startup.VersionLoggerListener.log Command line argument:             --add-opens=java.base/java.io=ALL-UNNAMED
08-Apr-2024 16:13:00.677 INFO [main] org.apache.catalina.startup.VersionLoggerListener.log Command line argument:             --add-opens=java.base/java.util=ALL-UNNAMED
08-Apr-2024 16:13:00.677 INFO [main] org.apache.catalina.startup.VersionLoggerListener.log Command line argument:             --add-opens=java.base/java.util.concurrent=ALL-UNNAMED
08-Apr-2024 16:13:00.677 INFO [main] org.apache.catalina.startup.VersionLoggerListener.log Command line argument:             --add-opens=java.rmi/sun.rmi.transport=ALL-UNNAMED
08-Apr-2024 16:13:00.677 INFO [main] org.apache.catalina.startup.VersionLoggerListener.log Command line argument:             -Djava.util.logging.config.file=C:\Users\andrew\Documents\UNIVERSIDAD\SEPTIMO_CICLO\DESARROLLO DE SOFTWARE\ACTIVIDADES DE CLASE\GRUPO-9\Servidor\apache-tomcat-9.0.69\conf\logging.properties
08-Apr-2024 16:13:00.677 INFO [main] org.apache.catalina.startup.VersionLoggerListener.log Command line argument:             -Djava.util.logging.manager=org.apache.juli.ClassLoaderLogManager
08-Apr-2024 16:13:00.677 INFO [main] org.apache.catalina.startup.VersionLoggerListener.log Command line argument:             -Djdk.tls.ephemeralDHKeySize=2048
08-Apr-2024 16:13:00.678 INFO [main] org.apache.catalina.startup.VersionLoggerListener.log Command line argument:             -Djava.protocol.handler.pkgs=org.apache.catalina.webresources
08-Apr-2024 16:13:00.678 INFO [main] org.apache.catalina.startup.VersionLoggerListener.log Command line argument:             -Dignore.endorsed.dirs=
08-Apr-2024 16:13:00.678 INFO [main] org.apache.catalina.startup.VersionLoggerListener.log Command line argument:             -Dcatalina.base=C:\Users\andrew\Documents\UNIVERSIDAD\SEPTIMO_CICLO\DESARROLLO DE SOFTWARE\ACTIVIDADES DE CLASE\GRUPO-9\Servidor\apache-tomcat-9.0.69
08-Apr-2024 16:13:00.678 INFO [main] org.apache.catalina.startup.VersionLoggerListener.log Command line argument:             -Dcatalina.home=C:\Users\andrew\Documents\UNIVERSIDAD\SEPTIMO_CICLO\DESARROLLO DE SOFTWARE\ACTIVIDADES DE CLASE\GRUPO-9\Servidor\apache-tomcat-9.0.69
08-Apr-2024 16:13:00.759 INFO [main] org.apache.catalina.startup.VersionLoggerListener.log Command line argument:             -Djava.io.tmpdir=C:\Users\andrew\Documents\UNIVERSIDAD\SEPTIMO_CICLO\DESARROLLO DE SOFTWARE\ACTIVIDADES DE CLASE\GRUPO-9\Servidor\apache-tomcat-9.0.69\temp
08-Apr-2024 16:13:00.769 INFO [main] org.apache.catalina.core.AprLifecycleListener.lifecycleEvent La biblioteca nativa de Apache Tomcat basada en ARP que permite un rendimiento óptimo en entornos de desarrollo no ha sido hallada en java.library.path: [C:\Program Files\Java\jdk-20\bin;C:\Windows\Sun\Java\bin;C:\Windows\system32;C:\Windows;C:\Program Files\Common Files\Oracle\Java\javapath;C:\Windows\system32;C:\Windows;C:\Windows\System32\Wbem;C:\Windows\System32\WindowsPowerShell\v1.0\;C:\Windows\System32\OpenSSH\;C:\msys64\mingw64\bin;C:\Program Files (x86)\NoteBook FanControl\;C:\Program Files (x86)\Rational\common;C:\Program Files\Git\cmd;C:\Users\andrew\AppData\Local\Programs\Python\Python311\Scripts\;C:\Users\andrew\AppData\Local\Programs\Python\Python311\;C:\Users\andrew\AppData\Local\Microsoft\WindowsApps;C:\msys64\mingw64\bin;C:\Users\andrew\AppData\Local\Programs\Microsoft VS Code\bin;C:\Users\andrew\AppData\Local\Programs\Julia-1.9.3\bin;;C:\Program Files\JetBrains\IntelliJ IDEA 2023.2.5\bin;;.]
08-Apr-2024 16:13:01.171 INFO [main] org.apache.coyote.AbstractProtocol.init Inicializando el manejador de protocolo ["http-nio-8080"]

08-Apr-2024 16:13:01.201 INFO [main] org.apache.catalina.startup.Catalina.load Server initialization in [811] milliseconds
08-Apr-2024 16:13:01.258 INFO [main] org.apache.catalina.core.StandardService.startInternal Arrancando servicio [Catalina]
08-Apr-2024 16:13:01.258 INFO [main] org.apache.catalina.core.StandardEngine.startInternal Starting Servlet engine: [Apache Tomcat/9.0.69]
08-Apr-2024 16:13:01.271 INFO [main] org.apache.catalina.startup.HostConfig.deployDescriptor Desplieque del descriptor de configuración [C:\Users\andrew\Documents\UNIVERSIDAD\SEPTIMO_CICLO\DESARROLLO DE SOFTWARE\ACTIVIDADES DE CLASE\GRUPO-9\Servidor\apache-tomcat-9.0.69\conf\Catalina\localhost\block.xml]
08-Apr-2024 16:13:01.292 WARNING [main] org.apache.catalina.startup.HostConfig.deployDescriptor The path attribute with value [/block] in deployment descriptor [C:\Users\andrew\Documents\UNIVERSIDAD\SEPTIMO_CICLO\DESARROLLO DE SOFTWARE\ACTIVIDADES DE CLASE\GRUPO-9\Servidor\apache-tomcat-9.0.69\conf\Catalina\localhost\block.xml] has been ignored
08-Apr-2024 16:13:01.299 WARNING [main] org.apache.catalina.startup.HostConfig.deployDescriptor Se ha especificado un docBase [C:\Users\andrew\Documents\UNIVERSIDAD\SEPTIMO_CICLO\DESARROLLO DE SOFTWARE\ACTIVIDADES DE CLASE\GRUPO-9\Servidor\apache-tomcat-9.0.69\webapps\home\andrews\Documents\SEPTIMO_CICLO\DESARROLLO DE SOFTWARE\COPIA\block\target\block-1.0-SNAPSHOT] dentro del appBase de la máquina y será ignorado
08-Apr-2024 16:13:01.328 SEVERE [main] org.apache.catalina.startup.HostConfig.deployDescriptor Error durante el despliegue del descriptor de configuración [C:\Users\andrew\Documents\UNIVERSIDAD\SEPTIMO_CICLO\DESARROLLO DE SOFTWARE\ACTIVIDADES DE CLASE\GRUPO-9\Servidor\apache-tomcat-9.0.69\conf\Catalina\localhost\block.xml]
	java.lang.IllegalStateException: Error starting child
		at org.apache.catalina.core.ContainerBase.addChildInternal(ContainerBase.java:729)
		at org.apache.catalina.core.ContainerBase.addChild(ContainerBase.java:698)
		at org.apache.catalina.core.StandardHost.addChild(StandardHost.java:696)
		at org.apache.catalina.startup.HostConfig.deployDescriptor(HostConfig.java:689)
		at org.apache.catalina.startup.HostConfig$DeployDescriptor.run(HostConfig.java:1888)
		at java.base/java.util.concurrent.Executors$RunnableAdapter.call(Executors.java:577)
		at java.base/java.util.concurrent.FutureTask.run(FutureTask.java:317)
		at org.apache.tomcat.util.threads.InlineExecutorService.execute(InlineExecutorService.java:75)
		at java.base/java.util.concurrent.AbstractExecutorService.submit(AbstractExecutorService.java:123)
		at org.apache.catalina.startup.HostConfig.deployDescriptors(HostConfig.java:582)
		at org.apache.catalina.startup.HostConfig.deployApps(HostConfig.java:472)
		at org.apache.catalina.startup.HostConfig.start(HostConfig.java:1617)
		at org.apache.catalina.startup.HostConfig.lifecycleEvent(HostConfig.java:318)
		at org.apache.catalina.util.LifecycleBase.fireLifecycleEvent(LifecycleBase.java:123)
		at org.apache.catalina.util.LifecycleBase.setStateInternal(LifecycleBase.java:423)
		at org.apache.catalina.util.LifecycleBase.setState(LifecycleBase.java:366)
		at org.apache.catalina.core.ContainerBase.startInternal(ContainerBase.java:943)
		at org.apache.catalina.core.StandardHost.startInternal(StandardHost.java:835)
		at org.apache.catalina.util.LifecycleBase.start(LifecycleBase.java:183)
		at org.apache.catalina.core.ContainerBase$StartChild.call(ContainerBase.java:1393)
		at org.apache.catalina.core.ContainerBase$StartChild.call(ContainerBase.java:1383)
		at java.base/java.util.concurrent.FutureTask.run(FutureTask.java:317)
		at org.apache.tomcat.util.threads.InlineExecutorService.execute(InlineExecutorService.java:75)
		at java.base/java.util.concurrent.AbstractExecutorService.submit(AbstractExecutorService.java:145)
		at org.apache.catalina.core.ContainerBase.startInternal(ContainerBase.java:916)
		at org.apache.catalina.core.StandardEngine.startInternal(StandardEngine.java:265)
		at org.apache.catalina.util.LifecycleBase.start(LifecycleBase.java:183)
		at org.apache.catalina.core.StandardService.startInternal(StandardService.java:430)
		at org.apache.catalina.util.LifecycleBase.start(LifecycleBase.java:183)
		at org.apache.catalina.core.StandardServer.startInternal(StandardServer.java:930)
		at org.apache.catalina.util.LifecycleBase.start(LifecycleBase.java:183)
		at org.apache.catalina.startup.Catalina.start(Catalina.java:772)
		at java.base/jdk.internal.reflect.DirectMethodHandleAccessor.invoke(DirectMethodHandleAccessor.java:104)
		at java.base/java.lang.reflect.Method.invoke(Method.java:578)
		at org.apache.catalina.startup.Bootstrap.start(Bootstrap.java:345)
		at org.apache.catalina.startup.Bootstrap.main(Bootstrap.java:476)
	Caused by: org.apache.catalina.LifecycleException: Failed to start component [org.apache.catalina.webresources.StandardRoot@2fba3fc4]
		at org.apache.catalina.util.LifecycleBase.handleSubClassException(LifecycleBase.java:440)
		at org.apache.catalina.util.LifecycleBase.start(LifecycleBase.java:198)
		at org.apache.catalina.core.StandardContext.resourcesStart(StandardContext.java:4881)
		at org.apache.catalina.core.StandardContext.startInternal(StandardContext.java:5014)
		at org.apache.catalina.util.LifecycleBase.start(LifecycleBase.java:183)
		at org.apache.catalina.core.ContainerBase.addChildInternal(ContainerBase.java:726)
		... 35 more
	Caused by: java.lang.IllegalArgumentException: The main resource set specified [C:\Users\andrew\Documents\UNIVERSIDAD\SEPTIMO_CICLO\DESARROLLO DE SOFTWARE\ACTIVIDADES DE CLASE\GRUPO-9\Servidor\apache-tomcat-9.0.69\webapps\block] is not valid
		at org.apache.catalina.webresources.StandardRoot.createMainResourceSet(StandardRoot.java:777)
		at org.apache.catalina.webresources.StandardRoot.startInternal(StandardRoot.java:734)
		at org.apache.catalina.util.LifecycleBase.start(LifecycleBase.java:183)
		... 39 more
08-Apr-2024 16:13:01.346 INFO [main] org.apache.catalina.startup.HostConfig.deployDescriptor Deployment of deployment descriptor [C:\Users\andrew\Documents\UNIVERSIDAD\SEPTIMO_CICLO\DESARROLLO DE SOFTWARE\ACTIVIDADES DE CLASE\GRUPO-9\Servidor\apache-tomcat-9.0.69\conf\Catalina\localhost\block.xml] has finished in [71] ms
08-Apr-2024 16:13:01.346 INFO [main] org.apache.catalina.startup.HostConfig.deployDescriptor Desplieque del descriptor de configuración [C:\Users\andrew\Documents\UNIVERSIDAD\SEPTIMO_CICLO\DESARROLLO DE SOFTWARE\ACTIVIDADES DE CLASE\GRUPO-9\Servidor\apache-tomcat-9.0.69\conf\Catalina\localhost\DamasAmericanas.xml]
08-Apr-2024 16:13:01.347 WARNING [main] org.apache.catalina.startup.HostConfig.deployDescriptor The path attribute with value [/DamasAmericanas] in deployment descriptor [C:\Users\andrew\Documents\UNIVERSIDAD\SEPTIMO_CICLO\DESARROLLO DE SOFTWARE\ACTIVIDADES DE CLASE\GRUPO-9\Servidor\apache-tomcat-9.0.69\conf\Catalina\localhost\DamasAmericanas.xml] has been ignored
08-Apr-2024 16:13:01.734 INFO [main] org.apache.catalina.startup.HostConfig.deployDescriptor Deployment of deployment descriptor [C:\Users\andrew\Documents\UNIVERSIDAD\SEPTIMO_CICLO\DESARROLLO DE SOFTWARE\ACTIVIDADES DE CLASE\GRUPO-9\Servidor\apache-tomcat-9.0.69\conf\Catalina\localhost\DamasAmericanas.xml] has finished in [388] ms
08-Apr-2024 16:13:01.736 INFO [main] org.apache.catalina.startup.HostConfig.deployDirectory Desplegando el directorio [C:\Users\andrew\Documents\UNIVERSIDAD\SEPTIMO_CICLO\DESARROLLO DE SOFTWARE\ACTIVIDADES DE CLASE\GRUPO-9\Servidor\apache-tomcat-9.0.69\webapps\docs] de la aplicación web
08-Apr-2024 16:13:01.811 INFO [main] org.apache.catalina.startup.HostConfig.deployDirectory Deployment of web application directory [C:\Users\andrew\Documents\UNIVERSIDAD\SEPTIMO_CICLO\DESARROLLO DE SOFTWARE\ACTIVIDADES DE CLASE\GRUPO-9\Servidor\apache-tomcat-9.0.69\webapps\docs] has finished in [76] ms
08-Apr-2024 16:13:01.812 INFO [main] org.apache.catalina.startup.HostConfig.deployDirectory Desplegando el directorio [C:\Users\andrew\Documents\UNIVERSIDAD\SEPTIMO_CICLO\DESARROLLO DE SOFTWARE\ACTIVIDADES DE CLASE\GRUPO-9\Servidor\apache-tomcat-9.0.69\webapps\examples] de la aplicación web
08-Apr-2024 16:13:02.337 INFO [main] org.apache.catalina.startup.HostConfig.deployDirectory Deployment of web application directory [C:\Users\andrew\Documents\UNIVERSIDAD\SEPTIMO_CICLO\DESARROLLO DE SOFTWARE\ACTIVIDADES DE CLASE\GRUPO-9\Servidor\apache-tomcat-9.0.69\webapps\examples] has finished in [524] ms
08-Apr-2024 16:13:02.337 INFO [main] org.apache.catalina.startup.HostConfig.deployDirectory Desplegando el directorio [C:\Users\andrew\Documents\UNIVERSIDAD\SEPTIMO_CICLO\DESARROLLO DE SOFTWARE\ACTIVIDADES DE CLASE\GRUPO-9\Servidor\apache-tomcat-9.0.69\webapps\host-manager] de la aplicación web
08-Apr-2024 16:13:02.391 INFO [main] org.apache.catalina.startup.HostConfig.deployDirectory Deployment of web application directory [C:\Users\andrew\Documents\UNIVERSIDAD\SEPTIMO_CICLO\DESARROLLO DE SOFTWARE\ACTIVIDADES DE CLASE\GRUPO-9\Servidor\apache-tomcat-9.0.69\webapps\host-manager] has finished in [53] ms
08-Apr-2024 16:13:02.391 INFO [main] org.apache.catalina.startup.HostConfig.deployDirectory Desplegando el directorio [C:\Users\andrew\Documents\UNIVERSIDAD\SEPTIMO_CICLO\DESARROLLO DE SOFTWARE\ACTIVIDADES DE CLASE\GRUPO-9\Servidor\apache-tomcat-9.0.69\webapps\manager] de la aplicación web
08-Apr-2024 16:13:02.455 INFO [main] org.apache.catalina.startup.HostConfig.deployDirectory Deployment of web application directory [C:\Users\andrew\Documents\UNIVERSIDAD\SEPTIMO_CICLO\DESARROLLO DE SOFTWARE\ACTIVIDADES DE CLASE\GRUPO-9\Servidor\apache-tomcat-9.0.69\webapps\manager] has finished in [63] ms
08-Apr-2024 16:13:02.455 INFO [main] org.apache.catalina.startup.HostConfig.deployDirectory Desplegando el directorio [C:\Users\andrew\Documents\UNIVERSIDAD\SEPTIMO_CICLO\DESARROLLO DE SOFTWARE\ACTIVIDADES DE CLASE\GRUPO-9\Servidor\apache-tomcat-9.0.69\webapps\ROOT] de la aplicación web
08-Apr-2024 16:13:02.488 INFO [main] org.apache.catalina.startup.HostConfig.deployDirectory Deployment of web application directory [C:\Users\andrew\Documents\UNIVERSIDAD\SEPTIMO_CICLO\DESARROLLO DE SOFTWARE\ACTIVIDADES DE CLASE\GRUPO-9\Servidor\apache-tomcat-9.0.69\webapps\ROOT] has finished in [33] ms
08-Apr-2024 16:13:02.494 INFO [main] org.apache.coyote.AbstractProtocol.start Starting ProtocolHandler ["http-nio-8080"]
08-Apr-2024 16:13:02.528 INFO [main] org.apache.catalina.startup.Catalina.start Server startup in [1326] milliseconds
08-Apr-2024 16:13:04.734 INFO [http-nio-8080-exec-9] org.apache.catalina.startup.HostConfig.undeploy Repliegue (undeploy) de la aplicación web que tiene como trayectoria de contexto [/DamasAmericanas]
08-Apr-2024 16:13:04.778 INFO [http-nio-8080-exec-10] org.apache.catalina.startup.HostConfig.deployDescriptor Desplieque del descriptor de configuración [C:\Users\andrew\Documents\UNIVERSIDAD\SEPTIMO_CICLO\DESARROLLO DE SOFTWARE\ACTIVIDADES DE CLASE\GRUPO-9\Servidor\apache-tomcat-9.0.69\conf\Catalina\localhost\DamasAmericanas.xml]
08-Apr-2024 16:13:04.780 WARNING [http-nio-8080-exec-10] org.apache.catalina.startup.HostConfig.deployDescriptor The path attribute with value [/DamasAmericanas] in deployment descriptor [C:\Users\andrew\Documents\UNIVERSIDAD\SEPTIMO_CICLO\DESARROLLO DE SOFTWARE\ACTIVIDADES DE CLASE\GRUPO-9\Servidor\apache-tomcat-9.0.69\conf\Catalina\localhost\DamasAmericanas.xml] has been ignored
08-Apr-2024 16:13:04.855 INFO [http-nio-8080-exec-10] org.apache.catalina.startup.HostConfig.deployDescriptor Deployment of deployment descriptor [C:\Users\andrew\Documents\UNIVERSIDAD\SEPTIMO_CICLO\DESARROLLO DE SOFTWARE\ACTIVIDADES DE CLASE\GRUPO-9\Servidor\apache-tomcat-9.0.69\conf\Catalina\localhost\DamasAmericanas.xml] has finished in [77] ms
08-Apr-2024 16:13:04.862 INFO [http-nio-8080-exec-5] org.apache.catalina.util.LifecycleBase.start The start() method was called on component [StandardEngine[Catalina].StandardHost[localhost].StandardContext[/DamasAmericanas]] after start() had already been called. The second call will be ignored.
08-Apr-2024 17:36:44.747 INFO [main] org.apache.catalina.core.StandardServer.await Se ha recibido un comando de apagado a través del puerto de apagado. Parando la instancia del Servidor.
08-Apr-2024 17:36:44.749 INFO [main] org.apache.coyote.AbstractProtocol.pause Pausing ProtocolHandler ["http-nio-8080"]
08-Apr-2024 17:36:44.760 INFO [main] org.apache.catalina.core.StandardService.stopInternal Parando servicio [Catalina]
08-Apr-2024 17:36:44.793 INFO [main] org.apache.coyote.AbstractProtocol.stop Stopping ProtocolHandler ["http-nio-8080"]
08-Apr-2024 17:36:44.803 INFO [main] org.apache.coyote.AbstractProtocol.destroy Destroying ProtocolHandler ["http-nio-8080"]
08-Apr-2024 17:54:19.886 INFO [main] org.apache.catalina.startup.VersionLoggerListener.log Nombre de la versión del servidor: Apache Tomcat/9.0.69
08-Apr-2024 17:54:19.892 INFO [main] org.apache.catalina.startup.VersionLoggerListener.log Server built:                      Nov 9 2022 18:43:47 UTC
08-Apr-2024 17:54:19.892 INFO [main] org.apache.catalina.startup.VersionLoggerListener.log Número de versión de servidor:     9.0.69.0
08-Apr-2024 17:54:19.892 INFO [main] org.apache.catalina.startup.VersionLoggerListener.log OS Name:                           Windows 11
08-Apr-2024 17:54:19.893 INFO [main] org.apache.catalina.startup.VersionLoggerListener.log Versión de Systema Operativo:      10.0
08-Apr-2024 17:54:19.893 INFO [main] org.apache.catalina.startup.VersionLoggerListener.log Arquitectura:                      amd64
08-Apr-2024 17:54:19.893 INFO [main] org.apache.catalina.startup.VersionLoggerListener.log Java Home:                         C:\Program Files\Java\jdk-20
08-Apr-2024 17:54:19.893 INFO [main] org.apache.catalina.startup.VersionLoggerListener.log JVM Version:                       20.0.2+9-78
08-Apr-2024 17:54:19.893 INFO [main] org.apache.catalina.startup.VersionLoggerListener.log Vededor JVM:                       Oracle Corporation
08-Apr-2024 17:54:19.893 INFO [main] org.apache.catalina.startup.VersionLoggerListener.log CATALINA_BASE:                     C:\Users\andrew\Documents\UNIVERSIDAD\SEPTIMO_CICLO\DESARROLLO DE SOFTWARE\ACTIVIDADES DE CLASE\GRUPO-9\Servidor\apache-tomcat-9.0.69
08-Apr-2024 17:54:19.894 INFO [main] org.apache.catalina.startup.VersionLoggerListener.log CATALINA_HOME:                     C:\Users\andrew\Documents\UNIVERSIDAD\SEPTIMO_CICLO\DESARROLLO DE SOFTWARE\ACTIVIDADES DE CLASE\GRUPO-9\Servidor\apache-tomcat-9.0.69
08-Apr-2024 17:54:19.906 INFO [main] org.apache.catalina.startup.VersionLoggerListener.log Command line argument:             --add-opens=java.base/java.lang=ALL-UNNAMED
08-Apr-2024 17:54:19.906 INFO [main] org.apache.catalina.startup.VersionLoggerListener.log Command line argument:             --add-opens=java.base/java.io=ALL-UNNAMED
08-Apr-2024 17:54:19.907 INFO [main] org.apache.catalina.startup.VersionLoggerListener.log Command line argument:             --add-opens=java.base/java.util=ALL-UNNAMED
08-Apr-2024 17:54:19.907 INFO [main] org.apache.catalina.startup.VersionLoggerListener.log Command line argument:             --add-opens=java.base/java.util.concurrent=ALL-UNNAMED
08-Apr-2024 17:54:19.907 INFO [main] org.apache.catalina.startup.VersionLoggerListener.log Command line argument:             --add-opens=java.rmi/sun.rmi.transport=ALL-UNNAMED
08-Apr-2024 17:54:19.907 INFO [main] org.apache.catalina.startup.VersionLoggerListener.log Command line argument:             -Djava.util.logging.config.file=C:\Users\andrew\Documents\UNIVERSIDAD\SEPTIMO_CICLO\DESARROLLO DE SOFTWARE\ACTIVIDADES DE CLASE\GRUPO-9\Servidor\apache-tomcat-9.0.69\conf\logging.properties
08-Apr-2024 17:54:19.907 INFO [main] org.apache.catalina.startup.VersionLoggerListener.log Command line argument:             -Djava.util.logging.manager=org.apache.juli.ClassLoaderLogManager
08-Apr-2024 17:54:19.907 INFO [main] org.apache.catalina.startup.VersionLoggerListener.log Command line argument:             -Djdk.tls.ephemeralDHKeySize=2048
08-Apr-2024 17:54:19.907 INFO [main] org.apache.catalina.startup.VersionLoggerListener.log Command line argument:             -Djava.protocol.handler.pkgs=org.apache.catalina.webresources
08-Apr-2024 17:54:19.907 INFO [main] org.apache.catalina.startup.VersionLoggerListener.log Command line argument:             -Dignore.endorsed.dirs=
08-Apr-2024 17:54:19.907 INFO [main] org.apache.catalina.startup.VersionLoggerListener.log Command line argument:             -Dcatalina.base=C:\Users\andrew\Documents\UNIVERSIDAD\SEPTIMO_CICLO\DESARROLLO DE SOFTWARE\ACTIVIDADES DE CLASE\GRUPO-9\Servidor\apache-tomcat-9.0.69
08-Apr-2024 17:54:19.907 INFO [main] org.apache.catalina.startup.VersionLoggerListener.log Command line argument:             -Dcatalina.home=C:\Users\andrew\Documents\UNIVERSIDAD\SEPTIMO_CICLO\DESARROLLO DE SOFTWARE\ACTIVIDADES DE CLASE\GRUPO-9\Servidor\apache-tomcat-9.0.69
08-Apr-2024 17:54:19.915 INFO [main] org.apache.catalina.startup.VersionLoggerListener.log Command line argument:             -Djava.io.tmpdir=C:\Users\andrew\Documents\UNIVERSIDAD\SEPTIMO_CICLO\DESARROLLO DE SOFTWARE\ACTIVIDADES DE CLASE\GRUPO-9\Servidor\apache-tomcat-9.0.69\temp
08-Apr-2024 17:54:19.922 INFO [main] org.apache.catalina.core.AprLifecycleListener.lifecycleEvent La biblioteca nativa de Apache Tomcat basada en ARP que permite un rendimiento óptimo en entornos de desarrollo no ha sido hallada en java.library.path: [C:\Program Files\Java\jdk-20\bin;C:\Windows\Sun\Java\bin;C:\Windows\system32;C:\Windows;C:\Program Files\Common Files\Oracle\Java\javapath;C:\Windows\system32;C:\Windows;C:\Windows\System32\Wbem;C:\Windows\System32\WindowsPowerShell\v1.0\;C:\Windows\System32\OpenSSH\;C:\msys64\mingw64\bin;C:\Program Files (x86)\NoteBook FanControl\;C:\Program Files (x86)\Rational\common;C:\Program Files\Git\cmd;C:\Users\andrew\AppData\Local\Programs\Python\Python311\Scripts\;C:\Users\andrew\AppData\Local\Programs\Python\Python311\;C:\Users\andrew\AppData\Local\Microsoft\WindowsApps;C:\msys64\mingw64\bin;C:\Users\andrew\AppData\Local\Programs\Microsoft VS Code\bin;C:\Users\andrew\AppData\Local\Programs\Julia-1.9.3\bin;;C:\Program Files\JetBrains\IntelliJ IDEA 2023.2.5\bin;;.]
08-Apr-2024 17:54:20.321 INFO [main] org.apache.coyote.AbstractProtocol.init Inicializando el manejador de protocolo ["http-nio-8080"]

08-Apr-2024 17:54:20.355 INFO [main] org.apache.catalina.startup.Catalina.load Server initialization in [763] milliseconds
08-Apr-2024 17:54:20.440 INFO [main] org.apache.catalina.core.StandardService.startInternal Arrancando servicio [Catalina]
08-Apr-2024 17:54:20.440 INFO [main] org.apache.catalina.core.StandardEngine.startInternal Starting Servlet engine: [Apache Tomcat/9.0.69]
08-Apr-2024 17:54:20.456 INFO [main] org.apache.catalina.startup.HostConfig.deployDescriptor Desplieque del descriptor de configuración [C:\Users\andrew\Documents\UNIVERSIDAD\SEPTIMO_CICLO\DESARROLLO DE SOFTWARE\ACTIVIDADES DE CLASE\GRUPO-9\Servidor\apache-tomcat-9.0.69\conf\Catalina\localhost\block.xml]
08-Apr-2024 17:54:20.481 WARNING [main] org.apache.catalina.startup.HostConfig.deployDescriptor The path attribute with value [/block] in deployment descriptor [C:\Users\andrew\Documents\UNIVERSIDAD\SEPTIMO_CICLO\DESARROLLO DE SOFTWARE\ACTIVIDADES DE CLASE\GRUPO-9\Servidor\apache-tomcat-9.0.69\conf\Catalina\localhost\block.xml] has been ignored
08-Apr-2024 17:54:20.489 WARNING [main] org.apache.catalina.startup.HostConfig.deployDescriptor Se ha especificado un docBase [C:\Users\andrew\Documents\UNIVERSIDAD\SEPTIMO_CICLO\DESARROLLO DE SOFTWARE\ACTIVIDADES DE CLASE\GRUPO-9\Servidor\apache-tomcat-9.0.69\webapps\home\andrews\Documents\SEPTIMO_CICLO\DESARROLLO DE SOFTWARE\COPIA\block\target\block-1.0-SNAPSHOT] dentro del appBase de la máquina y será ignorado
08-Apr-2024 17:54:20.534 SEVERE [main] org.apache.catalina.startup.HostConfig.deployDescriptor Error durante el despliegue del descriptor de configuración [C:\Users\andrew\Documents\UNIVERSIDAD\SEPTIMO_CICLO\DESARROLLO DE SOFTWARE\ACTIVIDADES DE CLASE\GRUPO-9\Servidor\apache-tomcat-9.0.69\conf\Catalina\localhost\block.xml]
	java.lang.IllegalStateException: Error starting child
		at org.apache.catalina.core.ContainerBase.addChildInternal(ContainerBase.java:729)
		at org.apache.catalina.core.ContainerBase.addChild(ContainerBase.java:698)
		at org.apache.catalina.core.StandardHost.addChild(StandardHost.java:696)
		at org.apache.catalina.startup.HostConfig.deployDescriptor(HostConfig.java:689)
		at org.apache.catalina.startup.HostConfig$DeployDescriptor.run(HostConfig.java:1888)
		at java.base/java.util.concurrent.Executors$RunnableAdapter.call(Executors.java:577)
		at java.base/java.util.concurrent.FutureTask.run(FutureTask.java:317)
		at org.apache.tomcat.util.threads.InlineExecutorService.execute(InlineExecutorService.java:75)
		at java.base/java.util.concurrent.AbstractExecutorService.submit(AbstractExecutorService.java:123)
		at org.apache.catalina.startup.HostConfig.deployDescriptors(HostConfig.java:582)
		at org.apache.catalina.startup.HostConfig.deployApps(HostConfig.java:472)
		at org.apache.catalina.startup.HostConfig.start(HostConfig.java:1617)
		at org.apache.catalina.startup.HostConfig.lifecycleEvent(HostConfig.java:318)
		at org.apache.catalina.util.LifecycleBase.fireLifecycleEvent(LifecycleBase.java:123)
		at org.apache.catalina.util.LifecycleBase.setStateInternal(LifecycleBase.java:423)
		at org.apache.catalina.util.LifecycleBase.setState(LifecycleBase.java:366)
		at org.apache.catalina.core.ContainerBase.startInternal(ContainerBase.java:943)
		at org.apache.catalina.core.StandardHost.startInternal(StandardHost.java:835)
		at org.apache.catalina.util.LifecycleBase.start(LifecycleBase.java:183)
		at org.apache.catalina.core.ContainerBase$StartChild.call(ContainerBase.java:1393)
		at org.apache.catalina.core.ContainerBase$StartChild.call(ContainerBase.java:1383)
		at java.base/java.util.concurrent.FutureTask.run(FutureTask.java:317)
		at org.apache.tomcat.util.threads.InlineExecutorService.execute(InlineExecutorService.java:75)
		at java.base/java.util.concurrent.AbstractExecutorService.submit(AbstractExecutorService.java:145)
		at org.apache.catalina.core.ContainerBase.startInternal(ContainerBase.java:916)
		at org.apache.catalina.core.StandardEngine.startInternal(StandardEngine.java:265)
		at org.apache.catalina.util.LifecycleBase.start(LifecycleBase.java:183)
		at org.apache.catalina.core.StandardService.startInternal(StandardService.java:430)
		at org.apache.catalina.util.LifecycleBase.start(LifecycleBase.java:183)
		at org.apache.catalina.core.StandardServer.startInternal(StandardServer.java:930)
		at org.apache.catalina.util.LifecycleBase.start(LifecycleBase.java:183)
		at org.apache.catalina.startup.Catalina.start(Catalina.java:772)
		at java.base/jdk.internal.reflect.DirectMethodHandleAccessor.invoke(DirectMethodHandleAccessor.java:104)
		at java.base/java.lang.reflect.Method.invoke(Method.java:578)
		at org.apache.catalina.startup.Bootstrap.start(Bootstrap.java:345)
		at org.apache.catalina.startup.Bootstrap.main(Bootstrap.java:476)
	Caused by: org.apache.catalina.LifecycleException: Failed to start component [org.apache.catalina.webresources.StandardRoot@4bf48f6]
		at org.apache.catalina.util.LifecycleBase.handleSubClassException(LifecycleBase.java:440)
		at org.apache.catalina.util.LifecycleBase.start(LifecycleBase.java:198)
		at org.apache.catalina.core.StandardContext.resourcesStart(StandardContext.java:4881)
		at org.apache.catalina.core.StandardContext.startInternal(StandardContext.java:5014)
		at org.apache.catalina.util.LifecycleBase.start(LifecycleBase.java:183)
		at org.apache.catalina.core.ContainerBase.addChildInternal(ContainerBase.java:726)
		... 35 more
	Caused by: java.lang.IllegalArgumentException: The main resource set specified [C:\Users\andrew\Documents\UNIVERSIDAD\SEPTIMO_CICLO\DESARROLLO DE SOFTWARE\ACTIVIDADES DE CLASE\GRUPO-9\Servidor\apache-tomcat-9.0.69\webapps\block] is not valid
		at org.apache.catalina.webresources.StandardRoot.createMainResourceSet(StandardRoot.java:777)
		at org.apache.catalina.webresources.StandardRoot.startInternal(StandardRoot.java:734)
		at org.apache.catalina.util.LifecycleBase.start(LifecycleBase.java:183)
		... 39 more
08-Apr-2024 17:54:20.579 INFO [main] org.apache.catalina.startup.HostConfig.deployDescriptor Deployment of deployment descriptor [C:\Users\andrew\Documents\UNIVERSIDAD\SEPTIMO_CICLO\DESARROLLO DE SOFTWARE\ACTIVIDADES DE CLASE\GRUPO-9\Servidor\apache-tomcat-9.0.69\conf\Catalina\localhost\block.xml] has finished in [117] ms
08-Apr-2024 17:54:20.580 INFO [main] org.apache.catalina.startup.HostConfig.deployDescriptor Desplieque del descriptor de configuración [C:\Users\andrew\Documents\UNIVERSIDAD\SEPTIMO_CICLO\DESARROLLO DE SOFTWARE\ACTIVIDADES DE CLASE\GRUPO-9\Servidor\apache-tomcat-9.0.69\conf\Catalina\localhost\DamasAmericanas.xml]
08-Apr-2024 17:54:20.582 WARNING [main] org.apache.catalina.startup.HostConfig.deployDescriptor The path attribute with value [/DamasAmericanas] in deployment descriptor [C:\Users\andrew\Documents\UNIVERSIDAD\SEPTIMO_CICLO\DESARROLLO DE SOFTWARE\ACTIVIDADES DE CLASE\GRUPO-9\Servidor\apache-tomcat-9.0.69\conf\Catalina\localhost\DamasAmericanas.xml] has been ignored
08-Apr-2024 17:54:21.150 INFO [main] org.apache.catalina.startup.HostConfig.deployDescriptor Deployment of deployment descriptor [C:\Users\andrew\Documents\UNIVERSIDAD\SEPTIMO_CICLO\DESARROLLO DE SOFTWARE\ACTIVIDADES DE CLASE\GRUPO-9\Servidor\apache-tomcat-9.0.69\conf\Catalina\localhost\DamasAmericanas.xml] has finished in [570] ms
08-Apr-2024 17:54:21.152 INFO [main] org.apache.catalina.startup.HostConfig.deployDirectory Desplegando el directorio [C:\Users\andrew\Documents\UNIVERSIDAD\SEPTIMO_CICLO\DESARROLLO DE SOFTWARE\ACTIVIDADES DE CLASE\GRUPO-9\Servidor\apache-tomcat-9.0.69\webapps\docs] de la aplicación web
08-Apr-2024 17:54:21.205 INFO [main] org.apache.catalina.startup.HostConfig.deployDirectory Deployment of web application directory [C:\Users\andrew\Documents\UNIVERSIDAD\SEPTIMO_CICLO\DESARROLLO DE SOFTWARE\ACTIVIDADES DE CLASE\GRUPO-9\Servidor\apache-tomcat-9.0.69\webapps\docs] has finished in [54] ms
08-Apr-2024 17:54:21.206 INFO [main] org.apache.catalina.startup.HostConfig.deployDirectory Desplegando el directorio [C:\Users\andrew\Documents\UNIVERSIDAD\SEPTIMO_CICLO\DESARROLLO DE SOFTWARE\ACTIVIDADES DE CLASE\GRUPO-9\Servidor\apache-tomcat-9.0.69\webapps\examples] de la aplicación web
08-Apr-2024 17:54:21.825 INFO [main] org.apache.catalina.startup.HostConfig.deployDirectory Deployment of web application directory [C:\Users\andrew\Documents\UNIVERSIDAD\SEPTIMO_CICLO\DESARROLLO DE SOFTWARE\ACTIVIDADES DE CLASE\GRUPO-9\Servidor\apache-tomcat-9.0.69\webapps\examples] has finished in [619] ms
08-Apr-2024 17:54:21.825 INFO [main] org.apache.catalina.startup.HostConfig.deployDirectory Desplegando el directorio [C:\Users\andrew\Documents\UNIVERSIDAD\SEPTIMO_CICLO\DESARROLLO DE SOFTWARE\ACTIVIDADES DE CLASE\GRUPO-9\Servidor\apache-tomcat-9.0.69\webapps\host-manager] de la aplicación web
08-Apr-2024 17:54:21.891 INFO [main] org.apache.catalina.startup.HostConfig.deployDirectory Deployment of web application directory [C:\Users\andrew\Documents\UNIVERSIDAD\SEPTIMO_CICLO\DESARROLLO DE SOFTWARE\ACTIVIDADES DE CLASE\GRUPO-9\Servidor\apache-tomcat-9.0.69\webapps\host-manager] has finished in [66] ms
08-Apr-2024 17:54:21.891 INFO [main] org.apache.catalina.startup.HostConfig.deployDirectory Desplegando el directorio [C:\Users\andrew\Documents\UNIVERSIDAD\SEPTIMO_CICLO\DESARROLLO DE SOFTWARE\ACTIVIDADES DE CLASE\GRUPO-9\Servidor\apache-tomcat-9.0.69\webapps\manager] de la aplicación web
08-Apr-2024 17:54:21.960 INFO [main] org.apache.catalina.startup.HostConfig.deployDirectory Deployment of web application directory [C:\Users\andrew\Documents\UNIVERSIDAD\SEPTIMO_CICLO\DESARROLLO DE SOFTWARE\ACTIVIDADES DE CLASE\GRUPO-9\Servidor\apache-tomcat-9.0.69\webapps\manager] has finished in [69] ms
08-Apr-2024 17:54:21.961 INFO [main] org.apache.catalina.startup.HostConfig.deployDirectory Desplegando el directorio [C:\Users\andrew\Documents\UNIVERSIDAD\SEPTIMO_CICLO\DESARROLLO DE SOFTWARE\ACTIVIDADES DE CLASE\GRUPO-9\Servidor\apache-tomcat-9.0.69\webapps\ROOT] de la aplicación web
08-Apr-2024 17:54:21.997 INFO [main] org.apache.catalina.startup.HostConfig.deployDirectory Deployment of web application directory [C:\Users\andrew\Documents\UNIVERSIDAD\SEPTIMO_CICLO\DESARROLLO DE SOFTWARE\ACTIVIDADES DE CLASE\GRUPO-9\Servidor\apache-tomcat-9.0.69\webapps\ROOT] has finished in [35] ms
08-Apr-2024 17:54:22.002 INFO [main] org.apache.coyote.AbstractProtocol.start Starting ProtocolHandler ["http-nio-8080"]
08-Apr-2024 17:54:22.052 INFO [main] org.apache.catalina.startup.Catalina.start Server startup in [1695] milliseconds
08-Apr-2024 17:54:23.980 INFO [http-nio-8080-exec-6] org.apache.catalina.startup.HostConfig.undeploy Repliegue (undeploy) de la aplicación web que tiene como trayectoria de contexto [/DamasAmericanas]
08-Apr-2024 17:54:24.042 INFO [http-nio-8080-exec-8] org.apache.catalina.startup.HostConfig.deployDescriptor Desplieque del descriptor de configuración [C:\Users\andrew\Documents\UNIVERSIDAD\SEPTIMO_CICLO\DESARROLLO DE SOFTWARE\ACTIVIDADES DE CLASE\GRUPO-9\Servidor\apache-tomcat-9.0.69\conf\Catalina\localhost\DamasAmericanas.xml]
08-Apr-2024 17:54:24.047 WARNING [http-nio-8080-exec-8] org.apache.catalina.startup.HostConfig.deployDescriptor The path attribute with value [/DamasAmericanas] in deployment descriptor [C:\Users\andrew\Documents\UNIVERSIDAD\SEPTIMO_CICLO\DESARROLLO DE SOFTWARE\ACTIVIDADES DE CLASE\GRUPO-9\Servidor\apache-tomcat-9.0.69\conf\Catalina\localhost\DamasAmericanas.xml] has been ignored
08-Apr-2024 17:54:24.152 INFO [http-nio-8080-exec-8] org.apache.catalina.startup.HostConfig.deployDescriptor Deployment of deployment descriptor [C:\Users\andrew\Documents\UNIVERSIDAD\SEPTIMO_CICLO\DESARROLLO DE SOFTWARE\ACTIVIDADES DE CLASE\GRUPO-9\Servidor\apache-tomcat-9.0.69\conf\Catalina\localhost\DamasAmericanas.xml] has finished in [110] ms
08-Apr-2024 17:54:24.164 INFO [http-nio-8080-exec-1] org.apache.catalina.util.LifecycleBase.start The start() method was called on component [StandardEngine[Catalina].StandardHost[localhost].StandardContext[/DamasAmericanas]] after start() had already been called. The second call will be ignored.
08-Apr-2024 17:57:28.059 INFO [main] org.apache.catalina.core.StandardServer.await Se ha recibido un comando de apagado a través del puerto de apagado. Parando la instancia del Servidor.
08-Apr-2024 17:57:28.060 INFO [main] org.apache.coyote.AbstractProtocol.pause Pausing ProtocolHandler ["http-nio-8080"]
08-Apr-2024 17:57:28.074 INFO [main] org.apache.catalina.core.StandardService.stopInternal Parando servicio [Catalina]
08-Apr-2024 17:57:28.142 INFO [main] org.apache.coyote.AbstractProtocol.stop Stopping ProtocolHandler ["http-nio-8080"]
08-Apr-2024 17:57:28.162 INFO [main] org.apache.coyote.AbstractProtocol.destroy Destroying ProtocolHandler ["http-nio-8080"]
08-Apr-2024 17:57:53.420 INFO [main] org.apache.catalina.startup.VersionLoggerListener.log Nombre de la versión del servidor: Apache Tomcat/9.0.69
08-Apr-2024 17:57:53.424 INFO [main] org.apache.catalina.startup.VersionLoggerListener.log Server built:                      Nov 9 2022 18:43:47 UTC
08-Apr-2024 17:57:53.424 INFO [main] org.apache.catalina.startup.VersionLoggerListener.log Número de versión de servidor:     9.0.69.0
08-Apr-2024 17:57:53.424 INFO [main] org.apache.catalina.startup.VersionLoggerListener.log OS Name:                           Windows 11
08-Apr-2024 17:57:53.425 INFO [main] org.apache.catalina.startup.VersionLoggerListener.log Versión de Systema Operativo:      10.0
08-Apr-2024 17:57:53.425 INFO [main] org.apache.catalina.startup.VersionLoggerListener.log Arquitectura:                      amd64
08-Apr-2024 17:57:53.425 INFO [main] org.apache.catalina.startup.VersionLoggerListener.log Java Home:                         C:\Program Files\Java\jdk-20
08-Apr-2024 17:57:53.425 INFO [main] org.apache.catalina.startup.VersionLoggerListener.log JVM Version:                       20.0.2+9-78
08-Apr-2024 17:57:53.425 INFO [main] org.apache.catalina.startup.VersionLoggerListener.log Vededor JVM:                       Oracle Corporation
08-Apr-2024 17:57:53.425 INFO [main] org.apache.catalina.startup.VersionLoggerListener.log CATALINA_BASE:                     C:\Users\andrew\Documents\UNIVERSIDAD\SEPTIMO_CICLO\DESARROLLO DE SOFTWARE\ACTIVIDADES DE CLASE\GRUPO-9\Servidor\apache-tomcat-9.0.69
08-Apr-2024 17:57:53.425 INFO [main] org.apache.catalina.startup.VersionLoggerListener.log CATALINA_HOME:                     C:\Users\andrew\Documents\UNIVERSIDAD\SEPTIMO_CICLO\DESARROLLO DE SOFTWARE\ACTIVIDADES DE CLASE\GRUPO-9\Servidor\apache-tomcat-9.0.69
08-Apr-2024 17:57:53.435 INFO [main] org.apache.catalina.startup.VersionLoggerListener.log Command line argument:             --add-opens=java.base/java.lang=ALL-UNNAMED
08-Apr-2024 17:57:53.435 INFO [main] org.apache.catalina.startup.VersionLoggerListener.log Command line argument:             --add-opens=java.base/java.io=ALL-UNNAMED
08-Apr-2024 17:57:53.435 INFO [main] org.apache.catalina.startup.VersionLoggerListener.log Command line argument:             --add-opens=java.base/java.util=ALL-UNNAMED
08-Apr-2024 17:57:53.435 INFO [main] org.apache.catalina.startup.VersionLoggerListener.log Command line argument:             --add-opens=java.base/java.util.concurrent=ALL-UNNAMED
08-Apr-2024 17:57:53.435 INFO [main] org.apache.catalina.startup.VersionLoggerListener.log Command line argument:             --add-opens=java.rmi/sun.rmi.transport=ALL-UNNAMED
08-Apr-2024 17:57:53.436 INFO [main] org.apache.catalina.startup.VersionLoggerListener.log Command line argument:             -Djava.util.logging.config.file=C:\Users\andrew\Documents\UNIVERSIDAD\SEPTIMO_CICLO\DESARROLLO DE SOFTWARE\ACTIVIDADES DE CLASE\GRUPO-9\Servidor\apache-tomcat-9.0.69\conf\logging.properties
08-Apr-2024 17:57:53.436 INFO [main] org.apache.catalina.startup.VersionLoggerListener.log Command line argument:             -Djava.util.logging.manager=org.apache.juli.ClassLoaderLogManager
08-Apr-2024 17:57:53.436 INFO [main] org.apache.catalina.startup.VersionLoggerListener.log Command line argument:             -Djdk.tls.ephemeralDHKeySize=2048
08-Apr-2024 17:57:53.436 INFO [main] org.apache.catalina.startup.VersionLoggerListener.log Command line argument:             -Djava.protocol.handler.pkgs=org.apache.catalina.webresources
08-Apr-2024 17:57:53.436 INFO [main] org.apache.catalina.startup.VersionLoggerListener.log Command line argument:             -Dignore.endorsed.dirs=
08-Apr-2024 17:57:53.436 INFO [main] org.apache.catalina.startup.VersionLoggerListener.log Command line argument:             -Dcatalina.base=C:\Users\andrew\Documents\UNIVERSIDAD\SEPTIMO_CICLO\DESARROLLO DE SOFTWARE\ACTIVIDADES DE CLASE\GRUPO-9\Servidor\apache-tomcat-9.0.69
08-Apr-2024 17:57:53.436 INFO [main] org.apache.catalina.startup.VersionLoggerListener.log Command line argument:             -Dcatalina.home=C:\Users\andrew\Documents\UNIVERSIDAD\SEPTIMO_CICLO\DESARROLLO DE SOFTWARE\ACTIVIDADES DE CLASE\GRUPO-9\Servidor\apache-tomcat-9.0.69
08-Apr-2024 17:57:53.452 INFO [main] org.apache.catalina.startup.VersionLoggerListener.log Command line argument:             -Djava.io.tmpdir=C:\Users\andrew\Documents\UNIVERSIDAD\SEPTIMO_CICLO\DESARROLLO DE SOFTWARE\ACTIVIDADES DE CLASE\GRUPO-9\Servidor\apache-tomcat-9.0.69\temp
08-Apr-2024 17:57:53.459 INFO [main] org.apache.catalina.core.AprLifecycleListener.lifecycleEvent La biblioteca nativa de Apache Tomcat basada en ARP que permite un rendimiento óptimo en entornos de desarrollo no ha sido hallada en java.library.path: [C:\Program Files\Java\jdk-20\bin;C:\Windows\Sun\Java\bin;C:\Windows\system32;C:\Windows;C:\Program Files\Common Files\Oracle\Java\javapath;C:\Windows\system32;C:\Windows;C:\Windows\System32\Wbem;C:\Windows\System32\WindowsPowerShell\v1.0\;C:\Windows\System32\OpenSSH\;C:\msys64\mingw64\bin;C:\Program Files (x86)\NoteBook FanControl\;C:\Program Files (x86)\Rational\common;C:\Program Files\Git\cmd;C:\Users\andrew\AppData\Local\Programs\Python\Python311\Scripts\;C:\Users\andrew\AppData\Local\Programs\Python\Python311\;C:\Users\andrew\AppData\Local\Microsoft\WindowsApps;C:\msys64\mingw64\bin;C:\Users\andrew\AppData\Local\Programs\Microsoft VS Code\bin;C:\Users\andrew\AppData\Local\Programs\Julia-1.9.3\bin;;C:\Program Files\JetBrains\IntelliJ IDEA 2023.2.5\bin;;.]
08-Apr-2024 17:57:53.823 INFO [main] org.apache.coyote.AbstractProtocol.init Inicializando el manejador de protocolo ["http-nio-8080"]

08-Apr-2024 17:57:53.853 INFO [main] org.apache.catalina.startup.Catalina.load Server initialization in [669] milliseconds
08-Apr-2024 17:57:53.915 INFO [main] org.apache.catalina.core.StandardService.startInternal Arrancando servicio [Catalina]
08-Apr-2024 17:57:53.916 INFO [main] org.apache.catalina.core.StandardEngine.startInternal Starting Servlet engine: [Apache Tomcat/9.0.69]
08-Apr-2024 17:57:53.930 INFO [main] org.apache.catalina.startup.HostConfig.deployDescriptor Desplieque del descriptor de configuración [C:\Users\andrew\Documents\UNIVERSIDAD\SEPTIMO_CICLO\DESARROLLO DE SOFTWARE\ACTIVIDADES DE CLASE\GRUPO-9\Servidor\apache-tomcat-9.0.69\conf\Catalina\localhost\block.xml]
08-Apr-2024 17:57:53.950 WARNING [main] org.apache.catalina.startup.HostConfig.deployDescriptor The path attribute with value [/block] in deployment descriptor [C:\Users\andrew\Documents\UNIVERSIDAD\SEPTIMO_CICLO\DESARROLLO DE SOFTWARE\ACTIVIDADES DE CLASE\GRUPO-9\Servidor\apache-tomcat-9.0.69\conf\Catalina\localhost\block.xml] has been ignored
08-Apr-2024 17:57:53.956 WARNING [main] org.apache.catalina.startup.HostConfig.deployDescriptor Se ha especificado un docBase [C:\Users\andrew\Documents\UNIVERSIDAD\SEPTIMO_CICLO\DESARROLLO DE SOFTWARE\ACTIVIDADES DE CLASE\GRUPO-9\Servidor\apache-tomcat-9.0.69\webapps\home\andrews\Documents\SEPTIMO_CICLO\DESARROLLO DE SOFTWARE\COPIA\block\target\block-1.0-SNAPSHOT] dentro del appBase de la máquina y será ignorado
08-Apr-2024 17:57:53.994 SEVERE [main] org.apache.catalina.startup.HostConfig.deployDescriptor Error durante el despliegue del descriptor de configuración [C:\Users\andrew\Documents\UNIVERSIDAD\SEPTIMO_CICLO\DESARROLLO DE SOFTWARE\ACTIVIDADES DE CLASE\GRUPO-9\Servidor\apache-tomcat-9.0.69\conf\Catalina\localhost\block.xml]
	java.lang.IllegalStateException: Error starting child
		at org.apache.catalina.core.ContainerBase.addChildInternal(ContainerBase.java:729)
		at org.apache.catalina.core.ContainerBase.addChild(ContainerBase.java:698)
		at org.apache.catalina.core.StandardHost.addChild(StandardHost.java:696)
		at org.apache.catalina.startup.HostConfig.deployDescriptor(HostConfig.java:689)
		at org.apache.catalina.startup.HostConfig$DeployDescriptor.run(HostConfig.java:1888)
		at java.base/java.util.concurrent.Executors$RunnableAdapter.call(Executors.java:577)
		at java.base/java.util.concurrent.FutureTask.run(FutureTask.java:317)
		at org.apache.tomcat.util.threads.InlineExecutorService.execute(InlineExecutorService.java:75)
		at java.base/java.util.concurrent.AbstractExecutorService.submit(AbstractExecutorService.java:123)
		at org.apache.catalina.startup.HostConfig.deployDescriptors(HostConfig.java:582)
		at org.apache.catalina.startup.HostConfig.deployApps(HostConfig.java:472)
		at org.apache.catalina.startup.HostConfig.start(HostConfig.java:1617)
		at org.apache.catalina.startup.HostConfig.lifecycleEvent(HostConfig.java:318)
		at org.apache.catalina.util.LifecycleBase.fireLifecycleEvent(LifecycleBase.java:123)
		at org.apache.catalina.util.LifecycleBase.setStateInternal(LifecycleBase.java:423)
		at org.apache.catalina.util.LifecycleBase.setState(LifecycleBase.java:366)
		at org.apache.catalina.core.ContainerBase.startInternal(ContainerBase.java:943)
		at org.apache.catalina.core.StandardHost.startInternal(StandardHost.java:835)
		at org.apache.catalina.util.LifecycleBase.start(LifecycleBase.java:183)
		at org.apache.catalina.core.ContainerBase$StartChild.call(ContainerBase.java:1393)
		at org.apache.catalina.core.ContainerBase$StartChild.call(ContainerBase.java:1383)
		at java.base/java.util.concurrent.FutureTask.run(FutureTask.java:317)
		at org.apache.tomcat.util.threads.InlineExecutorService.execute(InlineExecutorService.java:75)
		at java.base/java.util.concurrent.AbstractExecutorService.submit(AbstractExecutorService.java:145)
		at org.apache.catalina.core.ContainerBase.startInternal(ContainerBase.java:916)
		at org.apache.catalina.core.StandardEngine.startInternal(StandardEngine.java:265)
		at org.apache.catalina.util.LifecycleBase.start(LifecycleBase.java:183)
		at org.apache.catalina.core.StandardService.startInternal(StandardService.java:430)
		at org.apache.catalina.util.LifecycleBase.start(LifecycleBase.java:183)
		at org.apache.catalina.core.StandardServer.startInternal(StandardServer.java:930)
		at org.apache.catalina.util.LifecycleBase.start(LifecycleBase.java:183)
		at org.apache.catalina.startup.Catalina.start(Catalina.java:772)
		at java.base/jdk.internal.reflect.DirectMethodHandleAccessor.invoke(DirectMethodHandleAccessor.java:104)
		at java.base/java.lang.reflect.Method.invoke(Method.java:578)
		at org.apache.catalina.startup.Bootstrap.start(Bootstrap.java:345)
		at org.apache.catalina.startup.Bootstrap.main(Bootstrap.java:476)
	Caused by: org.apache.catalina.LifecycleException: Failed to start component [org.apache.catalina.webresources.StandardRoot@6ea2bc93]
		at org.apache.catalina.util.LifecycleBase.handleSubClassException(LifecycleBase.java:440)
		at org.apache.catalina.util.LifecycleBase.start(LifecycleBase.java:198)
		at org.apache.catalina.core.StandardContext.resourcesStart(StandardContext.java:4881)
		at org.apache.catalina.core.StandardContext.startInternal(StandardContext.java:5014)
		at org.apache.catalina.util.LifecycleBase.start(LifecycleBase.java:183)
		at org.apache.catalina.core.ContainerBase.addChildInternal(ContainerBase.java:726)
		... 35 more
	Caused by: java.lang.IllegalArgumentException: The main resource set specified [C:\Users\andrew\Documents\UNIVERSIDAD\SEPTIMO_CICLO\DESARROLLO DE SOFTWARE\ACTIVIDADES DE CLASE\GRUPO-9\Servidor\apache-tomcat-9.0.69\webapps\block] is not valid
		at org.apache.catalina.webresources.StandardRoot.createMainResourceSet(StandardRoot.java:777)
		at org.apache.catalina.webresources.StandardRoot.startInternal(StandardRoot.java:734)
		at org.apache.catalina.util.LifecycleBase.start(LifecycleBase.java:183)
		... 39 more
08-Apr-2024 17:57:54.031 INFO [main] org.apache.catalina.startup.HostConfig.deployDescriptor Deployment of deployment descriptor [C:\Users\andrew\Documents\UNIVERSIDAD\SEPTIMO_CICLO\DESARROLLO DE SOFTWARE\ACTIVIDADES DE CLASE\GRUPO-9\Servidor\apache-tomcat-9.0.69\conf\Catalina\localhost\block.xml] has finished in [98] ms
08-Apr-2024 17:57:54.032 INFO [main] org.apache.catalina.startup.HostConfig.deployDescriptor Desplieque del descriptor de configuración [C:\Users\andrew\Documents\UNIVERSIDAD\SEPTIMO_CICLO\DESARROLLO DE SOFTWARE\ACTIVIDADES DE CLASE\GRUPO-9\Servidor\apache-tomcat-9.0.69\conf\Catalina\localhost\DamasAmericanas.xml]
08-Apr-2024 17:57:54.033 WARNING [main] org.apache.catalina.startup.HostConfig.deployDescriptor The path attribute with value [/DamasAmericanas] in deployment descriptor [C:\Users\andrew\Documents\UNIVERSIDAD\SEPTIMO_CICLO\DESARROLLO DE SOFTWARE\ACTIVIDADES DE CLASE\GRUPO-9\Servidor\apache-tomcat-9.0.69\conf\Catalina\localhost\DamasAmericanas.xml] has been ignored
08-Apr-2024 17:57:54.431 INFO [main] org.apache.catalina.startup.HostConfig.deployDescriptor Deployment of deployment descriptor [C:\Users\andrew\Documents\UNIVERSIDAD\SEPTIMO_CICLO\DESARROLLO DE SOFTWARE\ACTIVIDADES DE CLASE\GRUPO-9\Servidor\apache-tomcat-9.0.69\conf\Catalina\localhost\DamasAmericanas.xml] has finished in [398] ms
08-Apr-2024 17:57:54.432 INFO [main] org.apache.catalina.startup.HostConfig.deployDirectory Desplegando el directorio [C:\Users\andrew\Documents\UNIVERSIDAD\SEPTIMO_CICLO\DESARROLLO DE SOFTWARE\ACTIVIDADES DE CLASE\GRUPO-9\Servidor\apache-tomcat-9.0.69\webapps\docs] de la aplicación web
08-Apr-2024 17:57:54.489 INFO [main] org.apache.catalina.startup.HostConfig.deployDirectory Deployment of web application directory [C:\Users\andrew\Documents\UNIVERSIDAD\SEPTIMO_CICLO\DESARROLLO DE SOFTWARE\ACTIVIDADES DE CLASE\GRUPO-9\Servidor\apache-tomcat-9.0.69\webapps\docs] has finished in [56] ms
08-Apr-2024 17:57:54.489 INFO [main] org.apache.catalina.startup.HostConfig.deployDirectory Desplegando el directorio [C:\Users\andrew\Documents\UNIVERSIDAD\SEPTIMO_CICLO\DESARROLLO DE SOFTWARE\ACTIVIDADES DE CLASE\GRUPO-9\Servidor\apache-tomcat-9.0.69\webapps\examples] de la aplicación web
08-Apr-2024 17:57:54.937 INFO [main] org.apache.catalina.startup.HostConfig.deployDirectory Deployment of web application directory [C:\Users\andrew\Documents\UNIVERSIDAD\SEPTIMO_CICLO\DESARROLLO DE SOFTWARE\ACTIVIDADES DE CLASE\GRUPO-9\Servidor\apache-tomcat-9.0.69\webapps\examples] has finished in [448] ms
08-Apr-2024 17:57:54.938 INFO [main] org.apache.catalina.startup.HostConfig.deployDirectory Desplegando el directorio [C:\Users\andrew\Documents\UNIVERSIDAD\SEPTIMO_CICLO\DESARROLLO DE SOFTWARE\ACTIVIDADES DE CLASE\GRUPO-9\Servidor\apache-tomcat-9.0.69\webapps\host-manager] de la aplicación web
08-Apr-2024 17:57:54.993 INFO [main] org.apache.catalina.startup.HostConfig.deployDirectory Deployment of web application directory [C:\Users\andrew\Documents\UNIVERSIDAD\SEPTIMO_CICLO\DESARROLLO DE SOFTWARE\ACTIVIDADES DE CLASE\GRUPO-9\Servidor\apache-tomcat-9.0.69\webapps\host-manager] has finished in [55] ms
08-Apr-2024 17:57:54.993 INFO [main] org.apache.catalina.startup.HostConfig.deployDirectory Desplegando el directorio [C:\Users\andrew\Documents\UNIVERSIDAD\SEPTIMO_CICLO\DESARROLLO DE SOFTWARE\ACTIVIDADES DE CLASE\GRUPO-9\Servidor\apache-tomcat-9.0.69\webapps\manager] de la aplicación web
08-Apr-2024 17:57:55.050 INFO [main] org.apache.catalina.startup.HostConfig.deployDirectory Deployment of web application directory [C:\Users\andrew\Documents\UNIVERSIDAD\SEPTIMO_CICLO\DESARROLLO DE SOFTWARE\ACTIVIDADES DE CLASE\GRUPO-9\Servidor\apache-tomcat-9.0.69\webapps\manager] has finished in [57] ms
08-Apr-2024 17:57:55.051 INFO [main] org.apache.catalina.startup.HostConfig.deployDirectory Desplegando el directorio [C:\Users\andrew\Documents\UNIVERSIDAD\SEPTIMO_CICLO\DESARROLLO DE SOFTWARE\ACTIVIDADES DE CLASE\GRUPO-9\Servidor\apache-tomcat-9.0.69\webapps\ROOT] de la aplicación web
08-Apr-2024 17:57:55.086 INFO [main] org.apache.catalina.startup.HostConfig.deployDirectory Deployment of web application directory [C:\Users\andrew\Documents\UNIVERSIDAD\SEPTIMO_CICLO\DESARROLLO DE SOFTWARE\ACTIVIDADES DE CLASE\GRUPO-9\Servidor\apache-tomcat-9.0.69\webapps\ROOT] has finished in [34] ms
08-Apr-2024 17:57:55.090 INFO [main] org.apache.coyote.AbstractProtocol.start Starting ProtocolHandler ["http-nio-8080"]
08-Apr-2024 17:57:55.133 INFO [main] org.apache.catalina.startup.Catalina.start Server startup in [1277] milliseconds
08-Apr-2024 17:57:55.810 INFO [http-nio-8080-exec-6] org.apache.catalina.startup.HostConfig.undeploy Repliegue (undeploy) de la aplicación web que tiene como trayectoria de contexto [/DamasAmericanas]
08-Apr-2024 17:57:55.837 INFO [http-nio-8080-exec-8] org.apache.catalina.startup.HostConfig.deployDescriptor Desplieque del descriptor de configuración [C:\Users\andrew\Documents\UNIVERSIDAD\SEPTIMO_CICLO\DESARROLLO DE SOFTWARE\ACTIVIDADES DE CLASE\GRUPO-9\Servidor\apache-tomcat-9.0.69\conf\Catalina\localhost\DamasAmericanas.xml]
08-Apr-2024 17:57:55.840 WARNING [http-nio-8080-exec-8] org.apache.catalina.startup.HostConfig.deployDescriptor The path attribute with value [/DamasAmericanas] in deployment descriptor [C:\Users\andrew\Documents\UNIVERSIDAD\SEPTIMO_CICLO\DESARROLLO DE SOFTWARE\ACTIVIDADES DE CLASE\GRUPO-9\Servidor\apache-tomcat-9.0.69\conf\Catalina\localhost\DamasAmericanas.xml] has been ignored
08-Apr-2024 17:57:55.922 INFO [http-nio-8080-exec-8] org.apache.catalina.startup.HostConfig.deployDescriptor Deployment of deployment descriptor [C:\Users\andrew\Documents\UNIVERSIDAD\SEPTIMO_CICLO\DESARROLLO DE SOFTWARE\ACTIVIDADES DE CLASE\GRUPO-9\Servidor\apache-tomcat-9.0.69\conf\Catalina\localhost\DamasAmericanas.xml] has finished in [85] ms
08-Apr-2024 17:57:55.931 INFO [http-nio-8080-exec-1] org.apache.catalina.util.LifecycleBase.start The start() method was called on component [StandardEngine[Catalina].StandardHost[localhost].StandardContext[/DamasAmericanas]] after start() had already been called. The second call will be ignored.
08-Apr-2024 18:03:11.952 INFO [http-nio-8080-exec-16] org.apache.catalina.startup.HostConfig.undeploy Repliegue (undeploy) de la aplicación web que tiene como trayectoria de contexto [/DamasAmericanas]
08-Apr-2024 18:03:11.978 INFO [http-nio-8080-exec-15] org.apache.catalina.startup.HostConfig.deployDescriptor Desplieque del descriptor de configuración [C:\Users\andrew\Documents\UNIVERSIDAD\SEPTIMO_CICLO\DESARROLLO DE SOFTWARE\ACTIVIDADES DE CLASE\GRUPO-9\Servidor\apache-tomcat-9.0.69\conf\Catalina\localhost\DamasAmericanas.xml]
08-Apr-2024 18:03:11.980 WARNING [http-nio-8080-exec-15] org.apache.catalina.startup.HostConfig.deployDescriptor The path attribute with value [/DamasAmericanas] in deployment descriptor [C:\Users\andrew\Documents\UNIVERSIDAD\SEPTIMO_CICLO\DESARROLLO DE SOFTWARE\ACTIVIDADES DE CLASE\GRUPO-9\Servidor\apache-tomcat-9.0.69\conf\Catalina\localhost\DamasAmericanas.xml] has been ignored
08-Apr-2024 18:03:12.035 INFO [http-nio-8080-exec-15] org.apache.catalina.startup.HostConfig.deployDescriptor Deployment of deployment descriptor [C:\Users\andrew\Documents\UNIVERSIDAD\SEPTIMO_CICLO\DESARROLLO DE SOFTWARE\ACTIVIDADES DE CLASE\GRUPO-9\Servidor\apache-tomcat-9.0.69\conf\Catalina\localhost\DamasAmericanas.xml] has finished in [57] ms
08-Apr-2024 18:03:12.042 INFO [http-nio-8080-exec-18] org.apache.catalina.util.LifecycleBase.start The start() method was called on component [StandardEngine[Catalina].StandardHost[localhost].StandardContext[/DamasAmericanas]] after start() had already been called. The second call will be ignored.
08-Apr-2024 18:04:30.805 INFO [http-nio-8080-exec-15] org.apache.catalina.startup.HostConfig.undeploy Repliegue (undeploy) de la aplicación web que tiene como trayectoria de contexto [/DamasAmericanas]
08-Apr-2024 18:04:30.828 INFO [http-nio-8080-exec-23] org.apache.catalina.startup.HostConfig.deployDescriptor Desplieque del descriptor de configuración [C:\Users\andrew\Documents\UNIVERSIDAD\SEPTIMO_CICLO\DESARROLLO DE SOFTWARE\ACTIVIDADES DE CLASE\GRUPO-9\Servidor\apache-tomcat-9.0.69\conf\Catalina\localhost\DamasAmericanas.xml]
08-Apr-2024 18:04:30.832 WARNING [http-nio-8080-exec-23] org.apache.catalina.startup.HostConfig.deployDescriptor The path attribute with value [/DamasAmericanas] in deployment descriptor [C:\Users\andrew\Documents\UNIVERSIDAD\SEPTIMO_CICLO\DESARROLLO DE SOFTWARE\ACTIVIDADES DE CLASE\GRUPO-9\Servidor\apache-tomcat-9.0.69\conf\Catalina\localhost\DamasAmericanas.xml] has been ignored
08-Apr-2024 18:04:30.884 INFO [http-nio-8080-exec-23] org.apache.catalina.startup.HostConfig.deployDescriptor Deployment of deployment descriptor [C:\Users\andrew\Documents\UNIVERSIDAD\SEPTIMO_CICLO\DESARROLLO DE SOFTWARE\ACTIVIDADES DE CLASE\GRUPO-9\Servidor\apache-tomcat-9.0.69\conf\Catalina\localhost\DamasAmericanas.xml] has finished in [56] ms
08-Apr-2024 18:04:30.890 INFO [http-nio-8080-exec-24] org.apache.catalina.util.LifecycleBase.start The start() method was called on component [StandardEngine[Catalina].StandardHost[localhost].StandardContext[/DamasAmericanas]] after start() had already been called. The second call will be ignored.
