10-Apr-2024 19:32:36.749 INFO [main] org.apache.catalina.startup.VersionLoggerListener.log Nombre de la versión del servidor: Apache Tomcat/9.0.69
10-Apr-2024 19:32:36.755 INFO [main] org.apache.catalina.startup.VersionLoggerListener.log Server built:                      Nov 9 2022 18:43:47 UTC
10-Apr-2024 19:32:36.756 INFO [main] org.apache.catalina.startup.VersionLoggerListener.log Número de versión de servidor:     9.0.69.0
10-Apr-2024 19:32:36.756 INFO [main] org.apache.catalina.startup.VersionLoggerListener.log OS Name:                           Windows 11
10-Apr-2024 19:32:36.757 INFO [main] org.apache.catalina.startup.VersionLoggerListener.log Versión de Systema Operativo:      10.0
10-Apr-2024 19:32:36.757 INFO [main] org.apache.catalina.startup.VersionLoggerListener.log Arquitectura:                      amd64
10-Apr-2024 19:32:36.757 INFO [main] org.apache.catalina.startup.VersionLoggerListener.log Java Home:                         C:\Program Files\Java\jdk-20
10-Apr-2024 19:32:36.758 INFO [main] org.apache.catalina.startup.VersionLoggerListener.log JVM Version:                       20.0.2+9-78
10-Apr-2024 19:32:36.758 INFO [main] org.apache.catalina.startup.VersionLoggerListener.log Vededor JVM:                       Oracle Corporation
10-Apr-2024 19:32:36.758 INFO [main] org.apache.catalina.startup.VersionLoggerListener.log CATALINA_BASE:                     C:\Users\andrew\Documents\UNIVERSIDAD\SEPTIMO_CICLO\DESARROLLO DE SOFTWARE\ACTIVIDADES DE CLASE\GRUPO-9\Servidor\apache-tomcat-9.0.69
10-Apr-2024 19:32:36.758 INFO [main] org.apache.catalina.startup.VersionLoggerListener.log CATALINA_HOME:                     C:\Users\andrew\Documents\UNIVERSIDAD\SEPTIMO_CICLO\DESARROLLO DE SOFTWARE\ACTIVIDADES DE CLASE\GRUPO-9\Servidor\apache-tomcat-9.0.69
10-Apr-2024 19:32:36.776 INFO [main] org.apache.catalina.startup.VersionLoggerListener.log Command line argument:             --add-opens=java.base/java.lang=ALL-UNNAMED
10-Apr-2024 19:32:36.776 INFO [main] org.apache.catalina.startup.VersionLoggerListener.log Command line argument:             --add-opens=java.base/java.io=ALL-UNNAMED
10-Apr-2024 19:32:36.776 INFO [main] org.apache.catalina.startup.VersionLoggerListener.log Command line argument:             --add-opens=java.base/java.util=ALL-UNNAMED
10-Apr-2024 19:32:36.776 INFO [main] org.apache.catalina.startup.VersionLoggerListener.log Command line argument:             --add-opens=java.base/java.util.concurrent=ALL-UNNAMED
10-Apr-2024 19:32:36.776 INFO [main] org.apache.catalina.startup.VersionLoggerListener.log Command line argument:             --add-opens=java.rmi/sun.rmi.transport=ALL-UNNAMED
10-Apr-2024 19:32:36.777 INFO [main] org.apache.catalina.startup.VersionLoggerListener.log Command line argument:             -Djava.util.logging.config.file=C:\Users\andrew\Documents\UNIVERSIDAD\SEPTIMO_CICLO\DESARROLLO DE SOFTWARE\ACTIVIDADES DE CLASE\GRUPO-9\Servidor\apache-tomcat-9.0.69\conf\logging.properties
10-Apr-2024 19:32:36.777 INFO [main] org.apache.catalina.startup.VersionLoggerListener.log Command line argument:             -Djava.util.logging.manager=org.apache.juli.ClassLoaderLogManager
10-Apr-2024 19:32:36.777 INFO [main] org.apache.catalina.startup.VersionLoggerListener.log Command line argument:             -Djdk.tls.ephemeralDHKeySize=2048
10-Apr-2024 19:32:36.777 INFO [main] org.apache.catalina.startup.VersionLoggerListener.log Command line argument:             -Djava.protocol.handler.pkgs=org.apache.catalina.webresources
10-Apr-2024 19:32:36.777 INFO [main] org.apache.catalina.startup.VersionLoggerListener.log Command line argument:             -Dignore.endorsed.dirs=
10-Apr-2024 19:32:36.777 INFO [main] org.apache.catalina.startup.VersionLoggerListener.log Command line argument:             -Dcatalina.base=C:\Users\andrew\Documents\UNIVERSIDAD\SEPTIMO_CICLO\DESARROLLO DE SOFTWARE\ACTIVIDADES DE CLASE\GRUPO-9\Servidor\apache-tomcat-9.0.69
10-Apr-2024 19:32:36.777 INFO [main] org.apache.catalina.startup.VersionLoggerListener.log Command line argument:             -Dcatalina.home=C:\Users\andrew\Documents\UNIVERSIDAD\SEPTIMO_CICLO\DESARROLLO DE SOFTWARE\ACTIVIDADES DE CLASE\GRUPO-9\Servidor\apache-tomcat-9.0.69
10-Apr-2024 19:32:36.848 INFO [main] org.apache.catalina.startup.VersionLoggerListener.log Command line argument:             -Djava.io.tmpdir=C:\Users\andrew\Documents\UNIVERSIDAD\SEPTIMO_CICLO\DESARROLLO DE SOFTWARE\ACTIVIDADES DE CLASE\GRUPO-9\Servidor\apache-tomcat-9.0.69\temp
10-Apr-2024 19:32:36.854 INFO [main] org.apache.catalina.core.AprLifecycleListener.lifecycleEvent La biblioteca nativa de Apache Tomcat basada en ARP que permite un rendimiento óptimo en entornos de desarrollo no ha sido hallada en java.library.path: [C:\Program Files\Java\jdk-20\bin;C:\Windows\Sun\Java\bin;C:\Windows\system32;C:\Windows;C:\Program Files\Common Files\Oracle\Java\javapath;C:\Windows\system32;C:\Windows;C:\Windows\System32\Wbem;C:\Windows\System32\WindowsPowerShell\v1.0\;C:\Windows\System32\OpenSSH\;C:\msys64\mingw64\bin;C:\Program Files (x86)\NoteBook FanControl\;C:\Program Files (x86)\Rational\common;C:\Program Files\Git\cmd;C:\Users\andrew\AppData\Local\Programs\Python\Python311\Scripts\;C:\Users\andrew\AppData\Local\Programs\Python\Python311\;C:\Users\andrew\AppData\Local\Microsoft\WindowsApps;C:\msys64\mingw64\bin;C:\Users\andrew\AppData\Local\Programs\Microsoft VS Code\bin;C:\Users\andrew\AppData\Local\Programs\Julia-1.9.3\bin;;C:\Program Files\JetBrains\IntelliJ IDEA 2023.2.5\bin;;.]
10-Apr-2024 19:32:37.265 INFO [main] org.apache.coyote.AbstractProtocol.init Inicializando el manejador de protocolo ["http-nio-8080"]

10-Apr-2024 19:32:37.303 INFO [main] org.apache.catalina.startup.Catalina.load Server initialization in [915] milliseconds
10-Apr-2024 19:32:37.392 INFO [main] org.apache.catalina.core.StandardService.startInternal Arrancando servicio [Catalina]
10-Apr-2024 19:32:37.392 INFO [main] org.apache.catalina.core.StandardEngine.startInternal Starting Servlet engine: [Apache Tomcat/9.0.69]
10-Apr-2024 19:32:37.410 INFO [main] org.apache.catalina.startup.HostConfig.deployDescriptor Desplieque del descriptor de configuración [C:\Users\andrew\Documents\UNIVERSIDAD\SEPTIMO_CICLO\DESARROLLO DE SOFTWARE\ACTIVIDADES DE CLASE\GRUPO-9\Servidor\apache-tomcat-9.0.69\conf\Catalina\localhost\block.xml]
10-Apr-2024 19:32:37.432 WARNING [main] org.apache.catalina.startup.HostConfig.deployDescriptor The path attribute with value [/block] in deployment descriptor [C:\Users\andrew\Documents\UNIVERSIDAD\SEPTIMO_CICLO\DESARROLLO DE SOFTWARE\ACTIVIDADES DE CLASE\GRUPO-9\Servidor\apache-tomcat-9.0.69\conf\Catalina\localhost\block.xml] has been ignored
10-Apr-2024 19:32:37.439 WARNING [main] org.apache.catalina.startup.HostConfig.deployDescriptor Se ha especificado un docBase [C:\Users\andrew\Documents\UNIVERSIDAD\SEPTIMO_CICLO\DESARROLLO DE SOFTWARE\ACTIVIDADES DE CLASE\GRUPO-9\Servidor\apache-tomcat-9.0.69\webapps\home\andrews\Documents\SEPTIMO_CICLO\DESARROLLO DE SOFTWARE\COPIA\block\target\block-1.0-SNAPSHOT] dentro del appBase de la máquina y será ignorado
10-Apr-2024 19:32:37.475 SEVERE [main] org.apache.catalina.startup.HostConfig.deployDescriptor Error durante el despliegue del descriptor de configuración [C:\Users\andrew\Documents\UNIVERSIDAD\SEPTIMO_CICLO\DESARROLLO DE SOFTWARE\ACTIVIDADES DE CLASE\GRUPO-9\Servidor\apache-tomcat-9.0.69\conf\Catalina\localhost\block.xml]
	java.lang.IllegalStateException: Error starting child
		at org.apache.catalina.core.ContainerBase.addChildInternal(ContainerBase.java:729)
		at org.apache.catalina.core.ContainerBase.addChild(ContainerBase.java:698)
		at org.apache.catalina.core.StandardHost.addChild(StandardHost.java:696)
		at org.apache.catalina.startup.HostConfig.deployDescriptor(HostConfig.java:689)
		at org.apache.catalina.startup.HostConfig$DeployDescriptor.run(HostConfig.java:1888)
		at java.base/java.util.concurrent.Executors$RunnableAdapter.call(Executors.java:577)
		at java.base/java.util.concurrent.FutureTask.run(FutureTask.java:317)
		at org.apache.tomcat.util.threads.InlineExecutorService.execute(InlineExecutorService.java:75)
		at java.base/java.util.concurrent.AbstractExecutorService.submit(AbstractExecutorService.java:123)
		at org.apache.catalina.startup.HostConfig.deployDescriptors(HostConfig.java:582)
		at org.apache.catalina.startup.HostConfig.deployApps(HostConfig.java:472)
		at org.apache.catalina.startup.HostConfig.start(HostConfig.java:1617)
		at org.apache.catalina.startup.HostConfig.lifecycleEvent(HostConfig.java:318)
		at org.apache.catalina.util.LifecycleBase.fireLifecycleEvent(LifecycleBase.java:123)
		at org.apache.catalina.util.LifecycleBase.setStateInternal(LifecycleBase.java:423)
		at org.apache.catalina.util.LifecycleBase.setState(LifecycleBase.java:366)
		at org.apache.catalina.core.ContainerBase.startInternal(ContainerBase.java:943)
		at org.apache.catalina.core.StandardHost.startInternal(StandardHost.java:835)
		at org.apache.catalina.util.LifecycleBase.start(LifecycleBase.java:183)
		at org.apache.catalina.core.ContainerBase$StartChild.call(ContainerBase.java:1393)
		at org.apache.catalina.core.ContainerBase$StartChild.call(ContainerBase.java:1383)
		at java.base/java.util.concurrent.FutureTask.run(FutureTask.java:317)
		at org.apache.tomcat.util.threads.InlineExecutorService.execute(InlineExecutorService.java:75)
		at java.base/java.util.concurrent.AbstractExecutorService.submit(AbstractExecutorService.java:145)
		at org.apache.catalina.core.ContainerBase.startInternal(ContainerBase.java:916)
		at org.apache.catalina.core.StandardEngine.startInternal(StandardEngine.java:265)
		at org.apache.catalina.util.LifecycleBase.start(LifecycleBase.java:183)
		at org.apache.catalina.core.StandardService.startInternal(StandardService.java:430)
		at org.apache.catalina.util.LifecycleBase.start(LifecycleBase.java:183)
		at org.apache.catalina.core.StandardServer.startInternal(StandardServer.java:930)
		at org.apache.catalina.util.LifecycleBase.start(LifecycleBase.java:183)
		at org.apache.catalina.startup.Catalina.start(Catalina.java:772)
		at java.base/jdk.internal.reflect.DirectMethodHandleAccessor.invoke(DirectMethodHandleAccessor.java:104)
		at java.base/java.lang.reflect.Method.invoke(Method.java:578)
		at org.apache.catalina.startup.Bootstrap.start(Bootstrap.java:345)
		at org.apache.catalina.startup.Bootstrap.main(Bootstrap.java:476)
	Caused by: org.apache.catalina.LifecycleException: Failed to start component [org.apache.catalina.webresources.StandardRoot@723e88f9]
		at org.apache.catalina.util.LifecycleBase.handleSubClassException(LifecycleBase.java:440)
		at org.apache.catalina.util.LifecycleBase.start(LifecycleBase.java:198)
		at org.apache.catalina.core.StandardContext.resourcesStart(StandardContext.java:4881)
		at org.apache.catalina.core.StandardContext.startInternal(StandardContext.java:5014)
		at org.apache.catalina.util.LifecycleBase.start(LifecycleBase.java:183)
		at org.apache.catalina.core.ContainerBase.addChildInternal(ContainerBase.java:726)
		... 35 more
	Caused by: java.lang.IllegalArgumentException: The main resource set specified [C:\Users\andrew\Documents\UNIVERSIDAD\SEPTIMO_CICLO\DESARROLLO DE SOFTWARE\ACTIVIDADES DE CLASE\GRUPO-9\Servidor\apache-tomcat-9.0.69\webapps\block] is not valid
		at org.apache.catalina.webresources.StandardRoot.createMainResourceSet(StandardRoot.java:777)
		at org.apache.catalina.webresources.StandardRoot.startInternal(StandardRoot.java:734)
		at org.apache.catalina.util.LifecycleBase.start(LifecycleBase.java:183)
		... 39 more
10-Apr-2024 19:32:37.488 INFO [main] org.apache.catalina.startup.HostConfig.deployDescriptor Deployment of deployment descriptor [C:\Users\andrew\Documents\UNIVERSIDAD\SEPTIMO_CICLO\DESARROLLO DE SOFTWARE\ACTIVIDADES DE CLASE\GRUPO-9\Servidor\apache-tomcat-9.0.69\conf\Catalina\localhost\block.xml] has finished in [73] ms
10-Apr-2024 19:32:37.489 INFO [main] org.apache.catalina.startup.HostConfig.deployDescriptor Desplieque del descriptor de configuración [C:\Users\andrew\Documents\UNIVERSIDAD\SEPTIMO_CICLO\DESARROLLO DE SOFTWARE\ACTIVIDADES DE CLASE\GRUPO-9\Servidor\apache-tomcat-9.0.69\conf\Catalina\localhost\DamasAmericanas.xml]
10-Apr-2024 19:32:37.493 WARNING [main] org.apache.catalina.startup.HostConfig.deployDescriptor The path attribute with value [/DamasAmericanas] in deployment descriptor [C:\Users\andrew\Documents\UNIVERSIDAD\SEPTIMO_CICLO\DESARROLLO DE SOFTWARE\ACTIVIDADES DE CLASE\GRUPO-9\Servidor\apache-tomcat-9.0.69\conf\Catalina\localhost\DamasAmericanas.xml] has been ignored
10-Apr-2024 19:32:37.991 INFO [main] org.apache.catalina.startup.HostConfig.deployDescriptor Deployment of deployment descriptor [C:\Users\andrew\Documents\UNIVERSIDAD\SEPTIMO_CICLO\DESARROLLO DE SOFTWARE\ACTIVIDADES DE CLASE\GRUPO-9\Servidor\apache-tomcat-9.0.69\conf\Catalina\localhost\DamasAmericanas.xml] has finished in [502] ms
10-Apr-2024 19:32:37.992 INFO [main] org.apache.catalina.startup.HostConfig.deployDirectory Desplegando el directorio [C:\Users\andrew\Documents\UNIVERSIDAD\SEPTIMO_CICLO\DESARROLLO DE SOFTWARE\ACTIVIDADES DE CLASE\GRUPO-9\Servidor\apache-tomcat-9.0.69\webapps\docs] de la aplicación web
10-Apr-2024 19:32:38.049 INFO [main] org.apache.catalina.startup.HostConfig.deployDirectory Deployment of web application directory [C:\Users\andrew\Documents\UNIVERSIDAD\SEPTIMO_CICLO\DESARROLLO DE SOFTWARE\ACTIVIDADES DE CLASE\GRUPO-9\Servidor\apache-tomcat-9.0.69\webapps\docs] has finished in [56] ms
10-Apr-2024 19:32:38.049 INFO [main] org.apache.catalina.startup.HostConfig.deployDirectory Desplegando el directorio [C:\Users\andrew\Documents\UNIVERSIDAD\SEPTIMO_CICLO\DESARROLLO DE SOFTWARE\ACTIVIDADES DE CLASE\GRUPO-9\Servidor\apache-tomcat-9.0.69\webapps\examples] de la aplicación web
10-Apr-2024 19:32:38.630 INFO [main] org.apache.catalina.startup.HostConfig.deployDirectory Deployment of web application directory [C:\Users\andrew\Documents\UNIVERSIDAD\SEPTIMO_CICLO\DESARROLLO DE SOFTWARE\ACTIVIDADES DE CLASE\GRUPO-9\Servidor\apache-tomcat-9.0.69\webapps\examples] has finished in [581] ms
10-Apr-2024 19:32:38.630 INFO [main] org.apache.catalina.startup.HostConfig.deployDirectory Desplegando el directorio [C:\Users\andrew\Documents\UNIVERSIDAD\SEPTIMO_CICLO\DESARROLLO DE SOFTWARE\ACTIVIDADES DE CLASE\GRUPO-9\Servidor\apache-tomcat-9.0.69\webapps\host-manager] de la aplicación web
10-Apr-2024 19:32:38.684 INFO [main] org.apache.catalina.startup.HostConfig.deployDirectory Deployment of web application directory [C:\Users\andrew\Documents\UNIVERSIDAD\SEPTIMO_CICLO\DESARROLLO DE SOFTWARE\ACTIVIDADES DE CLASE\GRUPO-9\Servidor\apache-tomcat-9.0.69\webapps\host-manager] has finished in [53] ms
10-Apr-2024 19:32:38.684 INFO [main] org.apache.catalina.startup.HostConfig.deployDirectory Desplegando el directorio [C:\Users\andrew\Documents\UNIVERSIDAD\SEPTIMO_CICLO\DESARROLLO DE SOFTWARE\ACTIVIDADES DE CLASE\GRUPO-9\Servidor\apache-tomcat-9.0.69\webapps\manager] de la aplicación web
10-Apr-2024 19:32:38.743 INFO [main] org.apache.catalina.startup.HostConfig.deployDirectory Deployment of web application directory [C:\Users\andrew\Documents\UNIVERSIDAD\SEPTIMO_CICLO\DESARROLLO DE SOFTWARE\ACTIVIDADES DE CLASE\GRUPO-9\Servidor\apache-tomcat-9.0.69\webapps\manager] has finished in [58] ms
10-Apr-2024 19:32:38.743 INFO [main] org.apache.catalina.startup.HostConfig.deployDirectory Desplegando el directorio [C:\Users\andrew\Documents\UNIVERSIDAD\SEPTIMO_CICLO\DESARROLLO DE SOFTWARE\ACTIVIDADES DE CLASE\GRUPO-9\Servidor\apache-tomcat-9.0.69\webapps\ROOT] de la aplicación web
10-Apr-2024 19:32:38.774 INFO [main] org.apache.catalina.startup.HostConfig.deployDirectory Deployment of web application directory [C:\Users\andrew\Documents\UNIVERSIDAD\SEPTIMO_CICLO\DESARROLLO DE SOFTWARE\ACTIVIDADES DE CLASE\GRUPO-9\Servidor\apache-tomcat-9.0.69\webapps\ROOT] has finished in [31] ms
10-Apr-2024 19:32:38.778 INFO [main] org.apache.coyote.AbstractProtocol.start Starting ProtocolHandler ["http-nio-8080"]
10-Apr-2024 19:32:38.823 INFO [main] org.apache.catalina.startup.Catalina.start Server startup in [1517] milliseconds
10-Apr-2024 19:32:41.569 INFO [http-nio-8080-exec-10] org.apache.catalina.startup.HostConfig.undeploy Repliegue (undeploy) de la aplicación web que tiene como trayectoria de contexto [/DamasAmericanas]
10-Apr-2024 19:32:41.609 INFO [http-nio-8080-exec-5] org.apache.catalina.startup.HostConfig.deployDescriptor Desplieque del descriptor de configuración [C:\Users\andrew\Documents\UNIVERSIDAD\SEPTIMO_CICLO\DESARROLLO DE SOFTWARE\ACTIVIDADES DE CLASE\GRUPO-9\Servidor\apache-tomcat-9.0.69\conf\Catalina\localhost\DamasAmericanas.xml]
10-Apr-2024 19:32:41.610 WARNING [http-nio-8080-exec-5] org.apache.catalina.startup.HostConfig.deployDescriptor The path attribute with value [/DamasAmericanas] in deployment descriptor [C:\Users\andrew\Documents\UNIVERSIDAD\SEPTIMO_CICLO\DESARROLLO DE SOFTWARE\ACTIVIDADES DE CLASE\GRUPO-9\Servidor\apache-tomcat-9.0.69\conf\Catalina\localhost\DamasAmericanas.xml] has been ignored
10-Apr-2024 19:32:41.654 INFO [http-nio-8080-exec-5] org.apache.catalina.startup.HostConfig.deployDescriptor Deployment of deployment descriptor [C:\Users\andrew\Documents\UNIVERSIDAD\SEPTIMO_CICLO\DESARROLLO DE SOFTWARE\ACTIVIDADES DE CLASE\GRUPO-9\Servidor\apache-tomcat-9.0.69\conf\Catalina\localhost\DamasAmericanas.xml] has finished in [46] ms
10-Apr-2024 19:32:41.661 INFO [http-nio-8080-exec-7] org.apache.catalina.util.LifecycleBase.start The start() method was called on component [StandardEngine[Catalina].StandardHost[localhost].StandardContext[/DamasAmericanas]] after start() had already been called. The second call will be ignored.
10-Apr-2024 19:34:01.074 INFO [main] org.apache.catalina.core.StandardServer.await Se ha recibido un comando de apagado a través del puerto de apagado. Parando la instancia del Servidor.
10-Apr-2024 19:34:01.075 INFO [main] org.apache.coyote.AbstractProtocol.pause Pausing ProtocolHandler ["http-nio-8080"]
10-Apr-2024 19:34:01.085 INFO [main] org.apache.catalina.core.StandardService.stopInternal Parando servicio [Catalina]
10-Apr-2024 19:34:01.135 INFO [main] org.apache.coyote.AbstractProtocol.stop Stopping ProtocolHandler ["http-nio-8080"]
10-Apr-2024 19:34:01.155 INFO [main] org.apache.coyote.AbstractProtocol.destroy Destroying ProtocolHandler ["http-nio-8080"]
10-Apr-2024 19:58:54.927 INFO [main] org.apache.catalina.startup.VersionLoggerListener.log Nombre de la versión del servidor: Apache Tomcat/9.0.69
10-Apr-2024 19:58:54.933 INFO [main] org.apache.catalina.startup.VersionLoggerListener.log Server built:                      Nov 9 2022 18:43:47 UTC
10-Apr-2024 19:58:54.933 INFO [main] org.apache.catalina.startup.VersionLoggerListener.log Número de versión de servidor:     9.0.69.0
10-Apr-2024 19:58:54.933 INFO [main] org.apache.catalina.startup.VersionLoggerListener.log OS Name:                           Windows 11
10-Apr-2024 19:58:54.933 INFO [main] org.apache.catalina.startup.VersionLoggerListener.log Versión de Systema Operativo:      10.0
10-Apr-2024 19:58:54.933 INFO [main] org.apache.catalina.startup.VersionLoggerListener.log Arquitectura:                      amd64
10-Apr-2024 19:58:54.933 INFO [main] org.apache.catalina.startup.VersionLoggerListener.log Java Home:                         C:\Program Files\Java\jdk-20
10-Apr-2024 19:58:54.934 INFO [main] org.apache.catalina.startup.VersionLoggerListener.log JVM Version:                       20.0.2+9-78
10-Apr-2024 19:58:54.934 INFO [main] org.apache.catalina.startup.VersionLoggerListener.log Vededor JVM:                       Oracle Corporation
10-Apr-2024 19:58:54.934 INFO [main] org.apache.catalina.startup.VersionLoggerListener.log CATALINA_BASE:                     C:\Users\andrew\Documents\UNIVERSIDAD\SEPTIMO_CICLO\DESARROLLO DE SOFTWARE\ACTIVIDADES DE CLASE\GRUPO-9\Servidor\apache-tomcat-9.0.69
10-Apr-2024 19:58:54.934 INFO [main] org.apache.catalina.startup.VersionLoggerListener.log CATALINA_HOME:                     C:\Users\andrew\Documents\UNIVERSIDAD\SEPTIMO_CICLO\DESARROLLO DE SOFTWARE\ACTIVIDADES DE CLASE\GRUPO-9\Servidor\apache-tomcat-9.0.69
10-Apr-2024 19:58:54.950 INFO [main] org.apache.catalina.startup.VersionLoggerListener.log Command line argument:             --add-opens=java.base/java.lang=ALL-UNNAMED
10-Apr-2024 19:58:54.950 INFO [main] org.apache.catalina.startup.VersionLoggerListener.log Command line argument:             --add-opens=java.base/java.io=ALL-UNNAMED
10-Apr-2024 19:58:54.950 INFO [main] org.apache.catalina.startup.VersionLoggerListener.log Command line argument:             --add-opens=java.base/java.util=ALL-UNNAMED
10-Apr-2024 19:58:54.950 INFO [main] org.apache.catalina.startup.VersionLoggerListener.log Command line argument:             --add-opens=java.base/java.util.concurrent=ALL-UNNAMED
10-Apr-2024 19:58:54.950 INFO [main] org.apache.catalina.startup.VersionLoggerListener.log Command line argument:             --add-opens=java.rmi/sun.rmi.transport=ALL-UNNAMED
10-Apr-2024 19:58:54.950 INFO [main] org.apache.catalina.startup.VersionLoggerListener.log Command line argument:             -Djava.util.logging.config.file=C:\Users\andrew\Documents\UNIVERSIDAD\SEPTIMO_CICLO\DESARROLLO DE SOFTWARE\ACTIVIDADES DE CLASE\GRUPO-9\Servidor\apache-tomcat-9.0.69\conf\logging.properties
10-Apr-2024 19:58:54.950 INFO [main] org.apache.catalina.startup.VersionLoggerListener.log Command line argument:             -Djava.util.logging.manager=org.apache.juli.ClassLoaderLogManager
10-Apr-2024 19:58:54.950 INFO [main] org.apache.catalina.startup.VersionLoggerListener.log Command line argument:             -Djdk.tls.ephemeralDHKeySize=2048
10-Apr-2024 19:58:54.950 INFO [main] org.apache.catalina.startup.VersionLoggerListener.log Command line argument:             -Djava.protocol.handler.pkgs=org.apache.catalina.webresources
10-Apr-2024 19:58:54.950 INFO [main] org.apache.catalina.startup.VersionLoggerListener.log Command line argument:             -Dignore.endorsed.dirs=
10-Apr-2024 19:58:54.950 INFO [main] org.apache.catalina.startup.VersionLoggerListener.log Command line argument:             -Dcatalina.base=C:\Users\andrew\Documents\UNIVERSIDAD\SEPTIMO_CICLO\DESARROLLO DE SOFTWARE\ACTIVIDADES DE CLASE\GRUPO-9\Servidor\apache-tomcat-9.0.69
10-Apr-2024 19:58:54.951 INFO [main] org.apache.catalina.startup.VersionLoggerListener.log Command line argument:             -Dcatalina.home=C:\Users\andrew\Documents\UNIVERSIDAD\SEPTIMO_CICLO\DESARROLLO DE SOFTWARE\ACTIVIDADES DE CLASE\GRUPO-9\Servidor\apache-tomcat-9.0.69
10-Apr-2024 19:58:54.951 INFO [main] org.apache.catalina.startup.VersionLoggerListener.log Command line argument:             -Djava.io.tmpdir=C:\Users\andrew\Documents\UNIVERSIDAD\SEPTIMO_CICLO\DESARROLLO DE SOFTWARE\ACTIVIDADES DE CLASE\GRUPO-9\Servidor\apache-tomcat-9.0.69\temp
10-Apr-2024 19:58:54.956 INFO [main] org.apache.catalina.core.AprLifecycleListener.lifecycleEvent La biblioteca nativa de Apache Tomcat basada en ARP que permite un rendimiento óptimo en entornos de desarrollo no ha sido hallada en java.library.path: [C:\Program Files\Java\jdk-20\bin;C:\Windows\Sun\Java\bin;C:\Windows\system32;C:\Windows;C:\Program Files\Common Files\Oracle\Java\javapath;C:\Windows\system32;C:\Windows;C:\Windows\System32\Wbem;C:\Windows\System32\WindowsPowerShell\v1.0\;C:\Windows\System32\OpenSSH\;C:\msys64\mingw64\bin;C:\Program Files (x86)\NoteBook FanControl\;C:\Program Files (x86)\Rational\common;C:\Program Files\Git\cmd;C:\Users\andrew\AppData\Local\Programs\Python\Python311\Scripts\;C:\Users\andrew\AppData\Local\Programs\Python\Python311\;C:\Users\andrew\AppData\Local\Microsoft\WindowsApps;C:\msys64\mingw64\bin;C:\Users\andrew\AppData\Local\Programs\Microsoft VS Code\bin;C:\Users\andrew\AppData\Local\Programs\Julia-1.9.3\bin;;C:\Program Files\JetBrains\IntelliJ IDEA 2023.2.5\bin;;.]
10-Apr-2024 19:58:55.318 INFO [main] org.apache.coyote.AbstractProtocol.init Inicializando el manejador de protocolo ["http-nio-8080"]

10-Apr-2024 19:58:55.346 INFO [main] org.apache.catalina.startup.Catalina.load Server initialization in [661] milliseconds
10-Apr-2024 19:58:55.409 INFO [main] org.apache.catalina.core.StandardService.startInternal Arrancando servicio [Catalina]
10-Apr-2024 19:58:55.409 INFO [main] org.apache.catalina.core.StandardEngine.startInternal Starting Servlet engine: [Apache Tomcat/9.0.69]
10-Apr-2024 19:58:55.428 INFO [main] org.apache.catalina.startup.HostConfig.deployDescriptor Desplieque del descriptor de configuración [C:\Users\andrew\Documents\UNIVERSIDAD\SEPTIMO_CICLO\DESARROLLO DE SOFTWARE\ACTIVIDADES DE CLASE\GRUPO-9\Servidor\apache-tomcat-9.0.69\conf\Catalina\localhost\block.xml]
10-Apr-2024 19:58:55.449 WARNING [main] org.apache.catalina.startup.HostConfig.deployDescriptor The path attribute with value [/block] in deployment descriptor [C:\Users\andrew\Documents\UNIVERSIDAD\SEPTIMO_CICLO\DESARROLLO DE SOFTWARE\ACTIVIDADES DE CLASE\GRUPO-9\Servidor\apache-tomcat-9.0.69\conf\Catalina\localhost\block.xml] has been ignored
10-Apr-2024 19:58:55.455 WARNING [main] org.apache.catalina.startup.HostConfig.deployDescriptor Se ha especificado un docBase [C:\Users\andrew\Documents\UNIVERSIDAD\SEPTIMO_CICLO\DESARROLLO DE SOFTWARE\ACTIVIDADES DE CLASE\GRUPO-9\Servidor\apache-tomcat-9.0.69\webapps\home\andrews\Documents\SEPTIMO_CICLO\DESARROLLO DE SOFTWARE\COPIA\block\target\block-1.0-SNAPSHOT] dentro del appBase de la máquina y será ignorado
10-Apr-2024 19:58:55.482 SEVERE [main] org.apache.catalina.startup.HostConfig.deployDescriptor Error durante el despliegue del descriptor de configuración [C:\Users\andrew\Documents\UNIVERSIDAD\SEPTIMO_CICLO\DESARROLLO DE SOFTWARE\ACTIVIDADES DE CLASE\GRUPO-9\Servidor\apache-tomcat-9.0.69\conf\Catalina\localhost\block.xml]
	java.lang.IllegalStateException: Error starting child
		at org.apache.catalina.core.ContainerBase.addChildInternal(ContainerBase.java:729)
		at org.apache.catalina.core.ContainerBase.addChild(ContainerBase.java:698)
		at org.apache.catalina.core.StandardHost.addChild(StandardHost.java:696)
		at org.apache.catalina.startup.HostConfig.deployDescriptor(HostConfig.java:689)
		at org.apache.catalina.startup.HostConfig$DeployDescriptor.run(HostConfig.java:1888)
		at java.base/java.util.concurrent.Executors$RunnableAdapter.call(Executors.java:577)
		at java.base/java.util.concurrent.FutureTask.run(FutureTask.java:317)
		at org.apache.tomcat.util.threads.InlineExecutorService.execute(InlineExecutorService.java:75)
		at java.base/java.util.concurrent.AbstractExecutorService.submit(AbstractExecutorService.java:123)
		at org.apache.catalina.startup.HostConfig.deployDescriptors(HostConfig.java:582)
		at org.apache.catalina.startup.HostConfig.deployApps(HostConfig.java:472)
		at org.apache.catalina.startup.HostConfig.start(HostConfig.java:1617)
		at org.apache.catalina.startup.HostConfig.lifecycleEvent(HostConfig.java:318)
		at org.apache.catalina.util.LifecycleBase.fireLifecycleEvent(LifecycleBase.java:123)
		at org.apache.catalina.util.LifecycleBase.setStateInternal(LifecycleBase.java:423)
		at org.apache.catalina.util.LifecycleBase.setState(LifecycleBase.java:366)
		at org.apache.catalina.core.ContainerBase.startInternal(ContainerBase.java:943)
		at org.apache.catalina.core.StandardHost.startInternal(StandardHost.java:835)
		at org.apache.catalina.util.LifecycleBase.start(LifecycleBase.java:183)
		at org.apache.catalina.core.ContainerBase$StartChild.call(ContainerBase.java:1393)
		at org.apache.catalina.core.ContainerBase$StartChild.call(ContainerBase.java:1383)
		at java.base/java.util.concurrent.FutureTask.run(FutureTask.java:317)
		at org.apache.tomcat.util.threads.InlineExecutorService.execute(InlineExecutorService.java:75)
		at java.base/java.util.concurrent.AbstractExecutorService.submit(AbstractExecutorService.java:145)
		at org.apache.catalina.core.ContainerBase.startInternal(ContainerBase.java:916)
		at org.apache.catalina.core.StandardEngine.startInternal(StandardEngine.java:265)
		at org.apache.catalina.util.LifecycleBase.start(LifecycleBase.java:183)
		at org.apache.catalina.core.StandardService.startInternal(StandardService.java:430)
		at org.apache.catalina.util.LifecycleBase.start(LifecycleBase.java:183)
		at org.apache.catalina.core.StandardServer.startInternal(StandardServer.java:930)
		at org.apache.catalina.util.LifecycleBase.start(LifecycleBase.java:183)
		at org.apache.catalina.startup.Catalina.start(Catalina.java:772)
		at java.base/jdk.internal.reflect.DirectMethodHandleAccessor.invoke(DirectMethodHandleAccessor.java:104)
		at java.base/java.lang.reflect.Method.invoke(Method.java:578)
		at org.apache.catalina.startup.Bootstrap.start(Bootstrap.java:345)
		at org.apache.catalina.startup.Bootstrap.main(Bootstrap.java:476)
	Caused by: org.apache.catalina.LifecycleException: Failed to start component [org.apache.catalina.webresources.StandardRoot@f627d13]
		at org.apache.catalina.util.LifecycleBase.handleSubClassException(LifecycleBase.java:440)
		at org.apache.catalina.util.LifecycleBase.start(LifecycleBase.java:198)
		at org.apache.catalina.core.StandardContext.resourcesStart(StandardContext.java:4881)
		at org.apache.catalina.core.StandardContext.startInternal(StandardContext.java:5014)
		at org.apache.catalina.util.LifecycleBase.start(LifecycleBase.java:183)
		at org.apache.catalina.core.ContainerBase.addChildInternal(ContainerBase.java:726)
		... 35 more
	Caused by: java.lang.IllegalArgumentException: The main resource set specified [C:\Users\andrew\Documents\UNIVERSIDAD\SEPTIMO_CICLO\DESARROLLO DE SOFTWARE\ACTIVIDADES DE CLASE\GRUPO-9\Servidor\apache-tomcat-9.0.69\webapps\block] is not valid
		at org.apache.catalina.webresources.StandardRoot.createMainResourceSet(StandardRoot.java:777)
		at org.apache.catalina.webresources.StandardRoot.startInternal(StandardRoot.java:734)
		at org.apache.catalina.util.LifecycleBase.start(LifecycleBase.java:183)
		... 39 more
10-Apr-2024 19:58:55.519 INFO [main] org.apache.catalina.startup.HostConfig.deployDescriptor Deployment of deployment descriptor [C:\Users\andrew\Documents\UNIVERSIDAD\SEPTIMO_CICLO\DESARROLLO DE SOFTWARE\ACTIVIDADES DE CLASE\GRUPO-9\Servidor\apache-tomcat-9.0.69\conf\Catalina\localhost\block.xml] has finished in [89] ms
10-Apr-2024 19:58:55.520 INFO [main] org.apache.catalina.startup.HostConfig.deployDescriptor Desplieque del descriptor de configuración [C:\Users\andrew\Documents\UNIVERSIDAD\SEPTIMO_CICLO\DESARROLLO DE SOFTWARE\ACTIVIDADES DE CLASE\GRUPO-9\Servidor\apache-tomcat-9.0.69\conf\Catalina\localhost\DamasAmericanas.xml]
10-Apr-2024 19:58:55.521 WARNING [main] org.apache.catalina.startup.HostConfig.deployDescriptor The path attribute with value [/DamasAmericanas] in deployment descriptor [C:\Users\andrew\Documents\UNIVERSIDAD\SEPTIMO_CICLO\DESARROLLO DE SOFTWARE\ACTIVIDADES DE CLASE\GRUPO-9\Servidor\apache-tomcat-9.0.69\conf\Catalina\localhost\DamasAmericanas.xml] has been ignored
10-Apr-2024 19:58:55.899 INFO [main] org.apache.catalina.startup.HostConfig.deployDescriptor Deployment of deployment descriptor [C:\Users\andrew\Documents\UNIVERSIDAD\SEPTIMO_CICLO\DESARROLLO DE SOFTWARE\ACTIVIDADES DE CLASE\GRUPO-9\Servidor\apache-tomcat-9.0.69\conf\Catalina\localhost\DamasAmericanas.xml] has finished in [379] ms
10-Apr-2024 19:58:55.900 INFO [main] org.apache.catalina.startup.HostConfig.deployDirectory Desplegando el directorio [C:\Users\andrew\Documents\UNIVERSIDAD\SEPTIMO_CICLO\DESARROLLO DE SOFTWARE\ACTIVIDADES DE CLASE\GRUPO-9\Servidor\apache-tomcat-9.0.69\webapps\docs] de la aplicación web
10-Apr-2024 19:58:55.952 INFO [main] org.apache.catalina.startup.HostConfig.deployDirectory Deployment of web application directory [C:\Users\andrew\Documents\UNIVERSIDAD\SEPTIMO_CICLO\DESARROLLO DE SOFTWARE\ACTIVIDADES DE CLASE\GRUPO-9\Servidor\apache-tomcat-9.0.69\webapps\docs] has finished in [52] ms
10-Apr-2024 19:58:55.953 INFO [main] org.apache.catalina.startup.HostConfig.deployDirectory Desplegando el directorio [C:\Users\andrew\Documents\UNIVERSIDAD\SEPTIMO_CICLO\DESARROLLO DE SOFTWARE\ACTIVIDADES DE CLASE\GRUPO-9\Servidor\apache-tomcat-9.0.69\webapps\examples] de la aplicación web
10-Apr-2024 19:58:56.404 INFO [main] org.apache.catalina.startup.HostConfig.deployDirectory Deployment of web application directory [C:\Users\andrew\Documents\UNIVERSIDAD\SEPTIMO_CICLO\DESARROLLO DE SOFTWARE\ACTIVIDADES DE CLASE\GRUPO-9\Servidor\apache-tomcat-9.0.69\webapps\examples] has finished in [451] ms
10-Apr-2024 19:58:56.405 INFO [main] org.apache.catalina.startup.HostConfig.deployDirectory Desplegando el directorio [C:\Users\andrew\Documents\UNIVERSIDAD\SEPTIMO_CICLO\DESARROLLO DE SOFTWARE\ACTIVIDADES DE CLASE\GRUPO-9\Servidor\apache-tomcat-9.0.69\webapps\host-manager] de la aplicación web
10-Apr-2024 19:58:56.454 INFO [main] org.apache.catalina.startup.HostConfig.deployDirectory Deployment of web application directory [C:\Users\andrew\Documents\UNIVERSIDAD\SEPTIMO_CICLO\DESARROLLO DE SOFTWARE\ACTIVIDADES DE CLASE\GRUPO-9\Servidor\apache-tomcat-9.0.69\webapps\host-manager] has finished in [49] ms
10-Apr-2024 19:58:56.454 INFO [main] org.apache.catalina.startup.HostConfig.deployDirectory Desplegando el directorio [C:\Users\andrew\Documents\UNIVERSIDAD\SEPTIMO_CICLO\DESARROLLO DE SOFTWARE\ACTIVIDADES DE CLASE\GRUPO-9\Servidor\apache-tomcat-9.0.69\webapps\manager] de la aplicación web
10-Apr-2024 19:58:56.504 INFO [main] org.apache.catalina.startup.HostConfig.deployDirectory Deployment of web application directory [C:\Users\andrew\Documents\UNIVERSIDAD\SEPTIMO_CICLO\DESARROLLO DE SOFTWARE\ACTIVIDADES DE CLASE\GRUPO-9\Servidor\apache-tomcat-9.0.69\webapps\manager] has finished in [50] ms
10-Apr-2024 19:58:56.504 INFO [main] org.apache.catalina.startup.HostConfig.deployDirectory Desplegando el directorio [C:\Users\andrew\Documents\UNIVERSIDAD\SEPTIMO_CICLO\DESARROLLO DE SOFTWARE\ACTIVIDADES DE CLASE\GRUPO-9\Servidor\apache-tomcat-9.0.69\webapps\ROOT] de la aplicación web
10-Apr-2024 19:58:56.534 INFO [main] org.apache.catalina.startup.HostConfig.deployDirectory Deployment of web application directory [C:\Users\andrew\Documents\UNIVERSIDAD\SEPTIMO_CICLO\DESARROLLO DE SOFTWARE\ACTIVIDADES DE CLASE\GRUPO-9\Servidor\apache-tomcat-9.0.69\webapps\ROOT] has finished in [29] ms
10-Apr-2024 19:58:56.537 INFO [main] org.apache.coyote.AbstractProtocol.start Starting ProtocolHandler ["http-nio-8080"]
10-Apr-2024 19:58:56.576 INFO [main] org.apache.catalina.startup.Catalina.start Server startup in [1227] milliseconds
10-Apr-2024 19:59:00.242 INFO [http-nio-8080-exec-9] org.apache.catalina.startup.HostConfig.undeploy Repliegue (undeploy) de la aplicación web que tiene como trayectoria de contexto [/DamasAmericanas]
10-Apr-2024 19:59:00.263 INFO [http-nio-8080-exec-3] org.apache.catalina.startup.HostConfig.deployDescriptor Desplieque del descriptor de configuración [C:\Users\andrew\Documents\UNIVERSIDAD\SEPTIMO_CICLO\DESARROLLO DE SOFTWARE\ACTIVIDADES DE CLASE\GRUPO-9\Servidor\apache-tomcat-9.0.69\conf\Catalina\localhost\DamasAmericanas.xml]
10-Apr-2024 19:59:00.265 WARNING [http-nio-8080-exec-3] org.apache.catalina.startup.HostConfig.deployDescriptor The path attribute with value [/DamasAmericanas] in deployment descriptor [C:\Users\andrew\Documents\UNIVERSIDAD\SEPTIMO_CICLO\DESARROLLO DE SOFTWARE\ACTIVIDADES DE CLASE\GRUPO-9\Servidor\apache-tomcat-9.0.69\conf\Catalina\localhost\DamasAmericanas.xml] has been ignored
10-Apr-2024 19:59:00.321 INFO [http-nio-8080-exec-3] org.apache.catalina.startup.HostConfig.deployDescriptor Deployment of deployment descriptor [C:\Users\andrew\Documents\UNIVERSIDAD\SEPTIMO_CICLO\DESARROLLO DE SOFTWARE\ACTIVIDADES DE CLASE\GRUPO-9\Servidor\apache-tomcat-9.0.69\conf\Catalina\localhost\DamasAmericanas.xml] has finished in [57] ms
10-Apr-2024 19:59:00.326 INFO [http-nio-8080-exec-7] org.apache.catalina.util.LifecycleBase.start The start() method was called on component [StandardEngine[Catalina].StandardHost[localhost].StandardContext[/DamasAmericanas]] after start() had already been called. The second call will be ignored.
