07-Apr-2024 00:51:29.516 INFO [main] org.apache.catalina.core.ApplicationContext.log ContextListener: contextInitialized()
07-Apr-2024 00:51:29.516 INFO [main] org.apache.catalina.core.ApplicationContext.log SessionListener: contextInitialized()
07-Apr-2024 00:51:29.517 INFO [main] org.apache.catalina.core.ApplicationContext.log ContextListener: attributeAdded('StockTicker', 'async.Stockticker@533377b')
07-Apr-2024 01:22:06.416 INFO [main] org.apache.catalina.core.ApplicationContext.log SessionListener: contextDestroyed()
07-Apr-2024 01:22:06.416 INFO [main] org.apache.catalina.core.ApplicationContext.log ContextListener: contextDestroyed()
07-Apr-2024 07:31:30.060 INFO [main] org.apache.catalina.core.ApplicationContext.log ContextListener: contextInitialized()
07-Apr-2024 07:31:30.060 INFO [main] org.apache.catalina.core.ApplicationContext.log SessionListener: contextInitialized()
07-Apr-2024 07:31:30.061 INFO [main] org.apache.catalina.core.ApplicationContext.log ContextListener: attributeAdded('StockTicker', 'async.Stockticker@7c041b41')
07-Apr-2024 07:41:55.275 INFO [main] org.apache.catalina.core.ApplicationContext.log SessionListener: contextDestroyed()
07-Apr-2024 07:41:55.275 INFO [main] org.apache.catalina.core.ApplicationContext.log ContextListener: contextDestroyed()
07-Apr-2024 07:54:43.974 INFO [main] org.apache.catalina.core.ApplicationContext.log ContextListener: contextInitialized()
07-Apr-2024 07:54:43.975 INFO [main] org.apache.catalina.core.ApplicationContext.log SessionListener: contextInitialized()
07-Apr-2024 07:54:43.976 INFO [main] org.apache.catalina.core.ApplicationContext.log ContextListener: attributeAdded('StockTicker', 'async.Stockticker@71c5b236')
07-Apr-2024 07:59:32.547 INFO [main] org.apache.catalina.core.ApplicationContext.log SessionListener: contextDestroyed()
07-Apr-2024 07:59:32.547 INFO [main] org.apache.catalina.core.ApplicationContext.log ContextListener: contextDestroyed()
07-Apr-2024 07:59:55.715 INFO [main] org.apache.catalina.core.ApplicationContext.log ContextListener: contextInitialized()
07-Apr-2024 07:59:55.715 INFO [main] org.apache.catalina.core.ApplicationContext.log SessionListener: contextInitialized()
07-Apr-2024 07:59:55.717 INFO [main] org.apache.catalina.core.ApplicationContext.log ContextListener: attributeAdded('StockTicker', 'async.Stockticker@403132fc')
07-Apr-2024 08:06:20.300 INFO [main] org.apache.catalina.core.ApplicationContext.log SessionListener: contextDestroyed()
07-Apr-2024 08:06:20.300 INFO [main] org.apache.catalina.core.ApplicationContext.log ContextListener: contextDestroyed()
07-Apr-2024 08:13:47.721 INFO [main] org.apache.catalina.core.ApplicationContext.log ContextListener: contextInitialized()
07-Apr-2024 08:13:47.722 INFO [main] org.apache.catalina.core.ApplicationContext.log SessionListener: contextInitialized()
07-Apr-2024 08:13:47.723 INFO [main] org.apache.catalina.core.ApplicationContext.log ContextListener: attributeAdded('StockTicker', 'async.Stockticker@65aa6596')
07-Apr-2024 08:17:21.975 INFO [main] org.apache.catalina.core.ApplicationContext.log SessionListener: contextDestroyed()
07-Apr-2024 08:17:21.975 INFO [main] org.apache.catalina.core.ApplicationContext.log ContextListener: contextDestroyed()
07-Apr-2024 08:17:25.987 INFO [main] org.apache.catalina.core.ApplicationContext.log ContextListener: contextInitialized()
07-Apr-2024 08:17:25.987 INFO [main] org.apache.catalina.core.ApplicationContext.log SessionListener: contextInitialized()
07-Apr-2024 08:17:25.988 INFO [main] org.apache.catalina.core.ApplicationContext.log ContextListener: attributeAdded('StockTicker', 'async.Stockticker@533377b')
07-Apr-2024 08:17:29.846 INFO [main] org.apache.catalina.core.ApplicationContext.log SessionListener: contextDestroyed()
07-Apr-2024 08:17:29.846 INFO [main] org.apache.catalina.core.ApplicationContext.log ContextListener: contextDestroyed()
07-Apr-2024 08:17:44.063 INFO [main] org.apache.catalina.core.ApplicationContext.log ContextListener: contextInitialized()
07-Apr-2024 08:17:44.063 INFO [main] org.apache.catalina.core.ApplicationContext.log SessionListener: contextInitialized()
07-Apr-2024 08:17:44.065 INFO [main] org.apache.catalina.core.ApplicationContext.log ContextListener: attributeAdded('StockTicker', 'async.Stockticker@419a20a6')
07-Apr-2024 08:22:50.370 INFO [main] org.apache.catalina.core.ApplicationContext.log SessionListener: contextDestroyed()
07-Apr-2024 08:22:50.370 INFO [main] org.apache.catalina.core.ApplicationContext.log ContextListener: contextDestroyed()
07-Apr-2024 08:24:39.118 INFO [main] org.apache.catalina.core.ApplicationContext.log ContextListener: contextInitialized()
07-Apr-2024 08:24:39.118 INFO [main] org.apache.catalina.core.ApplicationContext.log SessionListener: contextInitialized()
07-Apr-2024 08:24:39.119 INFO [main] org.apache.catalina.core.ApplicationContext.log ContextListener: attributeAdded('StockTicker', 'async.Stockticker@7c041b41')
07-Apr-2024 08:25:24.682 INFO [main] org.apache.catalina.core.ApplicationContext.log SessionListener: contextDestroyed()
07-Apr-2024 08:25:24.682 INFO [main] org.apache.catalina.core.ApplicationContext.log ContextListener: contextDestroyed()
07-Apr-2024 08:32:24.601 INFO [main] org.apache.catalina.core.ApplicationContext.log ContextListener: contextInitialized()
07-Apr-2024 08:32:24.601 INFO [main] org.apache.catalina.core.ApplicationContext.log SessionListener: contextInitialized()
07-Apr-2024 08:32:24.603 INFO [main] org.apache.catalina.core.ApplicationContext.log ContextListener: attributeAdded('StockTicker', 'async.Stockticker@361c294e')
07-Apr-2024 08:32:48.407 INFO [main] org.apache.catalina.core.ApplicationContext.log SessionListener: contextDestroyed()
07-Apr-2024 08:32:48.407 INFO [main] org.apache.catalina.core.ApplicationContext.log ContextListener: contextDestroyed()
07-Apr-2024 08:49:22.174 INFO [main] org.apache.catalina.core.ApplicationContext.log ContextListener: contextInitialized()
07-Apr-2024 08:49:22.174 INFO [main] org.apache.catalina.core.ApplicationContext.log SessionListener: contextInitialized()
07-Apr-2024 08:49:22.175 INFO [main] org.apache.catalina.core.ApplicationContext.log ContextListener: attributeAdded('StockTicker', 'async.Stockticker@4a8a60bc')
07-Apr-2024 08:59:09.352 INFO [main] org.apache.catalina.core.ApplicationContext.log SessionListener: contextDestroyed()
07-Apr-2024 08:59:09.352 INFO [main] org.apache.catalina.core.ApplicationContext.log ContextListener: contextDestroyed()
07-Apr-2024 08:59:39.851 INFO [main] org.apache.catalina.core.ApplicationContext.log ContextListener: contextInitialized()
07-Apr-2024 08:59:39.851 INFO [main] org.apache.catalina.core.ApplicationContext.log SessionListener: contextInitialized()
07-Apr-2024 08:59:39.852 INFO [main] org.apache.catalina.core.ApplicationContext.log ContextListener: attributeAdded('StockTicker', 'async.Stockticker@71c5b236')
07-Apr-2024 10:39:28.266 INFO [main] org.apache.catalina.core.ApplicationContext.log SessionListener: contextDestroyed()
07-Apr-2024 10:39:28.266 INFO [main] org.apache.catalina.core.ApplicationContext.log ContextListener: contextDestroyed()
